running develop
Removing /home/nitin/ros2_ws/install/turtlesim_catch_them/lib/python3.10/site-packages/turtlesim-catch-them.egg-link (link to .)
running egg_info
writing ../../build/turtlesim_catch_them/turtlesim_catch_them.egg-info/PKG-INFO
writing dependency_links to ../../build/turtlesim_catch_them/turtlesim_catch_them.egg-info/dependency_links.txt
writing entry points to ../../build/turtlesim_catch_them/turtlesim_catch_them.egg-info/entry_points.txt
writing requirements to ../../build/turtlesim_catch_them/turtlesim_catch_them.egg-info/requires.txt
writing top-level names to ../../build/turtlesim_catch_them/turtlesim_catch_them.egg-info/top_level.txt
reading manifest file '../../build/turtlesim_catch_them/turtlesim_catch_them.egg-info/SOURCES.txt'
writing manifest file '../../build/turtlesim_catch_them/turtlesim_catch_them.egg-info/SOURCES.txt'
running build
running build_py
creating /home/nitin/ros2_ws/build/turtlesim_catch_them/build
creating /home/nitin/ros2_ws/build/turtlesim_catch_them/build/lib
creating /home/nitin/ros2_ws/build/turtlesim_catch_them/build/lib/turtlesim_catch_them
copying turtlesim_catch_them/turtle_controller.py -> /home/nitin/ros2_ws/build/turtlesim_catch_them/build/lib/turtlesim_catch_them
copying turtlesim_catch_them/__init__.py -> /home/nitin/ros2_ws/build/turtlesim_catch_them/build/lib/turtlesim_catch_them
running install
running install_lib
creating /home/nitin/ros2_ws/install/turtlesim_catch_them/lib/python3.10/site-packages/turtlesim_catch_them
copying /home/nitin/ros2_ws/build/turtlesim_catch_them/build/lib/turtlesim_catch_them/turtle_controller.py -> /home/nitin/ros2_ws/install/turtlesim_catch_them/lib/python3.10/site-packages/turtlesim_catch_them
copying /home/nitin/ros2_ws/build/turtlesim_catch_them/build/lib/turtlesim_catch_them/__init__.py -> /home/nitin/ros2_ws/install/turtlesim_catch_them/lib/python3.10/site-packages/turtlesim_catch_them
byte-compiling /home/nitin/ros2_ws/install/turtlesim_catch_them/lib/python3.10/site-packages/turtlesim_catch_them/turtle_controller.py to turtle_controller.cpython-310.pyc
byte-compiling /home/nitin/ros2_ws/install/turtlesim_catch_them/lib/python3.10/site-packages/turtlesim_catch_them/__init__.py to __init__.cpython-310.pyc
running install_data
running install_egg_info
Copying ../../build/turtlesim_catch_them/turtlesim_catch_them.egg-info to /home/nitin/ros2_ws/install/turtlesim_catch_them/lib/python3.10/site-packages/turtlesim_catch_them-0.0.0-py3.10.egg-info
running install_scripts
Installing turtlesim_controller script to /home/nitin/ros2_ws/install/turtlesim_catch_them/lib/turtlesim_catch_them
writing list of installed files to '/home/nitin/ros2_ws/build/turtlesim_catch_them/install.log'
