[0.679s] Invoking command in '/home/nitin/ros2_ws/build/turtlesim_catch_them': PYTHONPATH=/home/nitin/ros2_ws/build/turtlesim_catch_them/prefix_override:/home/nitin/ros2_ws/install/turtlesim_catch_them/lib/python3.10/site-packages:${PYTHONPATH} /usr/bin/python3 setup.py develop --uninstall --editable --build-directory /home/nitin/ros2_ws/build/turtlesim_catch_them/build
[0.919s] running develop
[1.045s] Removing /home/nitin/ros2_ws/install/turtlesim_catch_them/lib/python3.10/site-packages/turtlesim-catch-them.egg-link (link to .)
[1.076s] Invoked command in '/home/nitin/ros2_ws/build/turtlesim_catch_them' returned '0': PYTHONPATH=/home/nitin/ros2_ws/build/turtlesim_catch_them/prefix_override:/home/nitin/ros2_ws/install/turtlesim_catch_them/lib/python3.10/site-packages:${PYTHONPATH} /usr/bin/python3 setup.py develop --uninstall --editable --build-directory /home/nitin/ros2_ws/build/turtlesim_catch_them/build
[1.078s] Invoking command in '/home/nitin/ros2_ws/scr/turtlesim_catch_them': PYTHONPATH=/home/nitin/ros2_ws/build/turtlesim_catch_them/prefix_override:/home/nitin/ros2_ws/install/turtlesim_catch_them/lib/python3.10/site-packages:${PYTHONPATH} /usr/bin/python3 setup.py egg_info --egg-base ../../build/turtlesim_catch_them build --build-base /home/nitin/ros2_ws/build/turtlesim_catch_them/build install --record /home/nitin/ros2_ws/build/turtlesim_catch_them/install.log --single-version-externally-managed
[1.282s] running egg_info
[1.282s] writing ../../build/turtlesim_catch_them/turtlesim_catch_them.egg-info/PKG-INFO
[1.282s] writing dependency_links to ../../build/turtlesim_catch_them/turtlesim_catch_them.egg-info/dependency_links.txt
[1.282s] writing entry points to ../../build/turtlesim_catch_them/turtlesim_catch_them.egg-info/entry_points.txt
[1.282s] writing requirements to ../../build/turtlesim_catch_them/turtlesim_catch_them.egg-info/requires.txt
[1.282s] writing top-level names to ../../build/turtlesim_catch_them/turtlesim_catch_them.egg-info/top_level.txt
[1.284s] reading manifest file '../../build/turtlesim_catch_them/turtlesim_catch_them.egg-info/SOURCES.txt'
[1.284s] writing manifest file '../../build/turtlesim_catch_them/turtlesim_catch_them.egg-info/SOURCES.txt'
[1.284s] running build
[1.284s] running build_py
[1.285s] creating /home/nitin/ros2_ws/build/turtlesim_catch_them/build
[1.285s] creating /home/nitin/ros2_ws/build/turtlesim_catch_them/build/lib
[1.285s] creating /home/nitin/ros2_ws/build/turtlesim_catch_them/build/lib/turtlesim_catch_them
[1.285s] copying turtlesim_catch_them/turtle_controller.py -> /home/nitin/ros2_ws/build/turtlesim_catch_them/build/lib/turtlesim_catch_them
[1.285s] copying turtlesim_catch_them/__init__.py -> /home/nitin/ros2_ws/build/turtlesim_catch_them/build/lib/turtlesim_catch_them
[1.285s] running install
[1.285s] running install_lib
[1.285s] creating /home/nitin/ros2_ws/install/turtlesim_catch_them/lib/python3.10/site-packages/turtlesim_catch_them
[1.285s] copying /home/nitin/ros2_ws/build/turtlesim_catch_them/build/lib/turtlesim_catch_them/turtle_controller.py -> /home/nitin/ros2_ws/install/turtlesim_catch_them/lib/python3.10/site-packages/turtlesim_catch_them
[1.286s] copying /home/nitin/ros2_ws/build/turtlesim_catch_them/build/lib/turtlesim_catch_them/__init__.py -> /home/nitin/ros2_ws/install/turtlesim_catch_them/lib/python3.10/site-packages/turtlesim_catch_them
[1.286s] byte-compiling /home/nitin/ros2_ws/install/turtlesim_catch_them/lib/python3.10/site-packages/turtlesim_catch_them/turtle_controller.py to turtle_controller.cpython-310.pyc
[1.286s] byte-compiling /home/nitin/ros2_ws/install/turtlesim_catch_them/lib/python3.10/site-packages/turtlesim_catch_them/__init__.py to __init__.cpython-310.pyc
[1.287s] running install_data
[1.287s] running install_egg_info
[1.288s] Copying ../../build/turtlesim_catch_them/turtlesim_catch_them.egg-info to /home/nitin/ros2_ws/install/turtlesim_catch_them/lib/python3.10/site-packages/turtlesim_catch_them-0.0.0-py3.10.egg-info
[1.295s] running install_scripts
[1.309s] Installing turtlesim_controller script to /home/nitin/ros2_ws/install/turtlesim_catch_them/lib/turtlesim_catch_them
[1.309s] writing list of installed files to '/home/nitin/ros2_ws/build/turtlesim_catch_them/install.log'
[1.326s] Invoked command in '/home/nitin/ros2_ws/scr/turtlesim_catch_them' returned '0': PYTHONPATH=/home/nitin/ros2_ws/build/turtlesim_catch_them/prefix_override:/home/nitin/ros2_ws/install/turtlesim_catch_them/lib/python3.10/site-packages:${PYTHONPATH} /usr/bin/python3 setup.py egg_info --egg-base ../../build/turtlesim_catch_them build --build-base /home/nitin/ros2_ws/build/turtlesim_catch_them/build install --record /home/nitin/ros2_ws/build/turtlesim_catch_them/install.log --single-version-externally-managed
