[0.618s] Invoking command in '/home/nitin/ros2_ws/build/my_py_pkg': PYTHONPATH=/home/nitin/ros2_ws/build/my_py_pkg/prefix_override:/home/nitin/ros2_ws/install/my_py_pkg/lib/python3.10/site-packages:${PYTHONPATH} /usr/bin/python3 setup.py develop --editable --build-directory /home/nitin/ros2_ws/build/my_py_pkg/build --no-deps install_data
[0.804s] running develop
[0.913s] running egg_info
[0.913s] writing my_py_pkg.egg-info/PKG-INFO
[0.914s] writing dependency_links to my_py_pkg.egg-info/dependency_links.txt
[0.914s] writing entry points to my_py_pkg.egg-info/entry_points.txt
[0.914s] writing requirements to my_py_pkg.egg-info/requires.txt
[0.914s] writing top-level names to my_py_pkg.egg-info/top_level.txt
[0.915s] reading manifest file 'my_py_pkg.egg-info/SOURCES.txt'
[0.916s] writing manifest file 'my_py_pkg.egg-info/SOURCES.txt'
[0.917s] running build_ext
[0.917s] Creating /home/nitin/ros2_ws/install/my_py_pkg/lib/python3.10/site-packages/my-py-pkg.egg-link (link to .)
[0.917s] Installing add_two_ints_server script to /home/nitin/ros2_ws/install/my_py_pkg/lib/my_py_pkg
[0.918s] Installing number_counter script to /home/nitin/ros2_ws/install/my_py_pkg/lib/my_py_pkg
[0.918s] Installing number_publisher script to /home/nitin/ros2_ws/install/my_py_pkg/lib/my_py_pkg
[0.918s] Installing py_node script to /home/nitin/ros2_ws/install/my_py_pkg/lib/my_py_pkg
[0.918s] Installing robot_news_station script to /home/nitin/ros2_ws/install/my_py_pkg/lib/my_py_pkg
[0.918s] Installing smartphone script to /home/nitin/ros2_ws/install/my_py_pkg/lib/my_py_pkg
[0.918s] 
[0.918s] Installed /home/nitin/ros2_ws/build/my_py_pkg
[0.918s] running install_data
[0.947s] Invoked command in '/home/nitin/ros2_ws/build/my_py_pkg' returned '0': PYTHONPATH=/home/nitin/ros2_ws/build/my_py_pkg/prefix_override:/home/nitin/ros2_ws/install/my_py_pkg/lib/python3.10/site-packages:${PYTHONPATH} /usr/bin/python3 setup.py develop --editable --build-directory /home/nitin/ros2_ws/build/my_py_pkg/build --no-deps install_data
