[0.120s] DEBUG:colcon:Command line arguments: ['/usr/bin/colcon', 'build', '--packages-select', 'turtlesim_catch_them']
[0.120s] DEBUG:colcon:Parsed command line arguments: Namespace(log_base=None, log_level=None, verb_name='build', build_base='build', install_base='install', merge_install=False, symlink_install=False, test_result_base=None, continue_on_error=False, executor='parallel', parallel_workers=16, event_handlers=None, ignore_user_meta=False, metas=['./colcon.meta'], base_paths=['.'], packages_ignore=None, packages_ignore_regex=None, paths=None, packages_up_to=None, packages_up_to_regex=None, packages_above=None, packages_above_and_dependencies=None, packages_above_depth=None, packages_select_by_dep=None, packages_skip_by_dep=None, packages_skip_up_to=None, packages_select_build_failed=False, packages_skip_build_finished=False, packages_select_test_failures=False, packages_skip_test_passed=False, packages_select=['turtlesim_catch_them'], packages_skip=None, packages_select_regex=None, packages_skip_regex=None, packages_start=None, packages_end=None, allow_overriding=[], cmake_args=None, cmake_target=None, cmake_target_skip_unavailable=False, cmake_clean_cache=False, cmake_clean_first=False, cmake_force_configure=False, ament_cmake_args=None, catkin_cmake_args=None, catkin_skip_building_tests=False, mixin_files=None, mixin=None, verb_parser=<colcon_mixin.mixin.mixin_argument.MixinArgumentDecorator object at 0x76ee9e93aa70>, verb_extension=<colcon_core.verb.build.BuildVerb object at 0x76ee9ea2f130>, main=<bound method BuildVerb.main of <colcon_core.verb.build.BuildVerb object at 0x76ee9ea2f130>>, mixin_verb=('build',))
[0.306s] Level 1:colcon.colcon_core.package_discovery:discover_packages(colcon_meta) check parameters
[0.306s] Level 1:colcon.colcon_core.package_discovery:discover_packages(recursive) check parameters
[0.307s] Level 1:colcon.colcon_core.package_discovery:discover_packages(ignore) check parameters
[0.307s] Level 1:colcon.colcon_core.package_discovery:discover_packages(path) check parameters
[0.307s] Level 1:colcon.colcon_core.package_discovery:discover_packages(colcon_meta) discover
[0.307s] Level 1:colcon.colcon_core.package_discovery:discover_packages(recursive) discover
[0.307s] INFO:colcon.colcon_core.package_discovery:Crawling recursively for packages in '/home/nitin/ros2_ws'
[0.307s] Level 1:colcon.colcon_core.package_identification:_identify(.) by extensions ['ignore', 'ignore_ament_install']
[0.307s] Level 1:colcon.colcon_core.package_identification:_identify(.) by extension 'ignore'
[0.307s] Level 1:colcon.colcon_core.package_identification:_identify(.) by extension 'ignore_ament_install'
[0.307s] Level 1:colcon.colcon_core.package_identification:_identify(.) by extensions ['colcon_pkg']
[0.307s] Level 1:colcon.colcon_core.package_identification:_identify(.) by extension 'colcon_pkg'
[0.307s] Level 1:colcon.colcon_core.package_identification:_identify(.) by extensions ['colcon_meta']
[0.307s] Level 1:colcon.colcon_core.package_identification:_identify(.) by extension 'colcon_meta'
[0.308s] Level 1:colcon.colcon_core.package_identification:_identify(.) by extensions ['ros']
[0.308s] Level 1:colcon.colcon_core.package_identification:_identify(.) by extension 'ros'
[0.319s] Level 1:colcon.colcon_core.package_identification:_identify(.) by extensions ['cmake', 'python']
[0.319s] Level 1:colcon.colcon_core.package_identification:_identify(.) by extension 'cmake'
[0.319s] Level 1:colcon.colcon_core.package_identification:_identify(.) by extension 'python'
[0.319s] Level 1:colcon.colcon_core.package_identification:_identify(.) by extensions ['python_setup_py']
[0.319s] Level 1:colcon.colcon_core.package_identification:_identify(.) by extension 'python_setup_py'
[0.319s] Level 1:colcon.colcon_core.package_identification:_identify(build) by extensions ['ignore', 'ignore_ament_install']
[0.320s] Level 1:colcon.colcon_core.package_identification:_identify(build) by extension 'ignore'
[0.320s] Level 1:colcon.colcon_core.package_identification:_identify(build) ignored
[0.320s] Level 1:colcon.colcon_core.package_identification:_identify(install) by extensions ['ignore', 'ignore_ament_install']
[0.320s] Level 1:colcon.colcon_core.package_identification:_identify(install) by extension 'ignore'
[0.320s] Level 1:colcon.colcon_core.package_identification:_identify(install) ignored
[0.320s] Level 1:colcon.colcon_core.package_identification:_identify(log) by extensions ['ignore', 'ignore_ament_install']
[0.320s] Level 1:colcon.colcon_core.package_identification:_identify(log) by extension 'ignore'
[0.321s] Level 1:colcon.colcon_core.package_identification:_identify(log) ignored
[0.321s] Level 1:colcon.colcon_core.package_identification:_identify(scr) by extensions ['ignore', 'ignore_ament_install']
[0.321s] Level 1:colcon.colcon_core.package_identification:_identify(scr) by extension 'ignore'
[0.321s] Level 1:colcon.colcon_core.package_identification:_identify(scr) by extension 'ignore_ament_install'
[0.321s] Level 1:colcon.colcon_core.package_identification:_identify(scr) by extensions ['colcon_pkg']
[0.321s] Level 1:colcon.colcon_core.package_identification:_identify(scr) by extension 'colcon_pkg'
[0.321s] Level 1:colcon.colcon_core.package_identification:_identify(scr) by extensions ['colcon_meta']
[0.321s] Level 1:colcon.colcon_core.package_identification:_identify(scr) by extension 'colcon_meta'
[0.321s] Level 1:colcon.colcon_core.package_identification:_identify(scr) by extensions ['ros']
[0.321s] Level 1:colcon.colcon_core.package_identification:_identify(scr) by extension 'ros'
[0.321s] Level 1:colcon.colcon_core.package_identification:_identify(scr) by extensions ['cmake', 'python']
[0.321s] Level 1:colcon.colcon_core.package_identification:_identify(scr) by extension 'cmake'
[0.321s] Level 1:colcon.colcon_core.package_identification:_identify(scr) by extension 'python'
[0.322s] Level 1:colcon.colcon_core.package_identification:_identify(scr) by extensions ['python_setup_py']
[0.322s] Level 1:colcon.colcon_core.package_identification:_identify(scr) by extension 'python_setup_py'
[0.322s] Level 1:colcon.colcon_core.package_identification:_identify(scr/build) by extensions ['ignore', 'ignore_ament_install']
[0.322s] Level 1:colcon.colcon_core.package_identification:_identify(scr/build) by extension 'ignore'
[0.322s] Level 1:colcon.colcon_core.package_identification:_identify(scr/build) ignored
[0.322s] Level 1:colcon.colcon_core.package_identification:_identify(scr/install) by extensions ['ignore', 'ignore_ament_install']
[0.322s] Level 1:colcon.colcon_core.package_identification:_identify(scr/install) by extension 'ignore'
[0.322s] Level 1:colcon.colcon_core.package_identification:_identify(scr/install) ignored
[0.322s] Level 1:colcon.colcon_core.package_identification:_identify(scr/log) by extensions ['ignore', 'ignore_ament_install']
[0.323s] Level 1:colcon.colcon_core.package_identification:_identify(scr/log) by extension 'ignore'
[0.323s] Level 1:colcon.colcon_core.package_identification:_identify(scr/log) ignored
[0.323s] Level 1:colcon.colcon_core.package_identification:_identify(scr/my_cpp_pkg) by extensions ['ignore', 'ignore_ament_install']
[0.323s] Level 1:colcon.colcon_core.package_identification:_identify(scr/my_cpp_pkg) by extension 'ignore'
[0.323s] Level 1:colcon.colcon_core.package_identification:_identify(scr/my_cpp_pkg) by extension 'ignore_ament_install'
[0.323s] Level 1:colcon.colcon_core.package_identification:_identify(scr/my_cpp_pkg) by extensions ['colcon_pkg']
[0.323s] Level 1:colcon.colcon_core.package_identification:_identify(scr/my_cpp_pkg) by extension 'colcon_pkg'
[0.323s] Level 1:colcon.colcon_core.package_identification:_identify(scr/my_cpp_pkg) by extensions ['colcon_meta']
[0.323s] Level 1:colcon.colcon_core.package_identification:_identify(scr/my_cpp_pkg) by extension 'colcon_meta'
[0.323s] Level 1:colcon.colcon_core.package_identification:_identify(scr/my_cpp_pkg) by extensions ['ros']
[0.323s] Level 1:colcon.colcon_core.package_identification:_identify(scr/my_cpp_pkg) by extension 'ros'
[0.326s] DEBUG:colcon.colcon_core.package_identification:Package 'scr/my_cpp_pkg' with type 'ros.ament_cmake' and name 'my_cpp_pkg'
[0.326s] Level 1:colcon.colcon_core.package_identification:_identify(scr/my_py_pkg) by extensions ['ignore', 'ignore_ament_install']
[0.326s] Level 1:colcon.colcon_core.package_identification:_identify(scr/my_py_pkg) by extension 'ignore'
[0.326s] Level 1:colcon.colcon_core.package_identification:_identify(scr/my_py_pkg) by extension 'ignore_ament_install'
[0.326s] Level 1:colcon.colcon_core.package_identification:_identify(scr/my_py_pkg) by extensions ['colcon_pkg']
[0.326s] Level 1:colcon.colcon_core.package_identification:_identify(scr/my_py_pkg) by extension 'colcon_pkg'
[0.327s] Level 1:colcon.colcon_core.package_identification:_identify(scr/my_py_pkg) by extensions ['colcon_meta']
[0.327s] Level 1:colcon.colcon_core.package_identification:_identify(scr/my_py_pkg) by extension 'colcon_meta'
[0.327s] Level 1:colcon.colcon_core.package_identification:_identify(scr/my_py_pkg) by extensions ['ros']
[0.327s] Level 1:colcon.colcon_core.package_identification:_identify(scr/my_py_pkg) by extension 'ros'
[0.327s] DEBUG:colcon.colcon_core.package_identification:Package 'scr/my_py_pkg' with type 'ros.ament_python' and name 'my_py_pkg'
[0.328s] Level 1:colcon.colcon_core.package_identification:_identify(scr/my_robot_bringup) by extensions ['ignore', 'ignore_ament_install']
[0.328s] Level 1:colcon.colcon_core.package_identification:_identify(scr/my_robot_bringup) by extension 'ignore'
[0.328s] Level 1:colcon.colcon_core.package_identification:_identify(scr/my_robot_bringup) by extension 'ignore_ament_install'
[0.328s] Level 1:colcon.colcon_core.package_identification:_identify(scr/my_robot_bringup) by extensions ['colcon_pkg']
[0.328s] Level 1:colcon.colcon_core.package_identification:_identify(scr/my_robot_bringup) by extension 'colcon_pkg'
[0.328s] Level 1:colcon.colcon_core.package_identification:_identify(scr/my_robot_bringup) by extensions ['colcon_meta']
[0.328s] Level 1:colcon.colcon_core.package_identification:_identify(scr/my_robot_bringup) by extension 'colcon_meta'
[0.328s] Level 1:colcon.colcon_core.package_identification:_identify(scr/my_robot_bringup) by extensions ['ros']
[0.328s] Level 1:colcon.colcon_core.package_identification:_identify(scr/my_robot_bringup) by extension 'ros'
[0.329s] DEBUG:colcon.colcon_core.package_identification:Package 'scr/my_robot_bringup' with type 'ros.ament_cmake' and name 'my_robot_bringup'
[0.329s] Level 1:colcon.colcon_core.package_identification:_identify(scr/my_robot_interfaces) by extensions ['ignore', 'ignore_ament_install']
[0.329s] Level 1:colcon.colcon_core.package_identification:_identify(scr/my_robot_interfaces) by extension 'ignore'
[0.329s] Level 1:colcon.colcon_core.package_identification:_identify(scr/my_robot_interfaces) by extension 'ignore_ament_install'
[0.329s] Level 1:colcon.colcon_core.package_identification:_identify(scr/my_robot_interfaces) by extensions ['colcon_pkg']
[0.329s] Level 1:colcon.colcon_core.package_identification:_identify(scr/my_robot_interfaces) by extension 'colcon_pkg'
[0.329s] Level 1:colcon.colcon_core.package_identification:_identify(scr/my_robot_interfaces) by extensions ['colcon_meta']
[0.329s] Level 1:colcon.colcon_core.package_identification:_identify(scr/my_robot_interfaces) by extension 'colcon_meta'
[0.329s] Level 1:colcon.colcon_core.package_identification:_identify(scr/my_robot_interfaces) by extensions ['ros']
[0.329s] Level 1:colcon.colcon_core.package_identification:_identify(scr/my_robot_interfaces) by extension 'ros'
[0.330s] DEBUG:colcon.colcon_core.package_identification:Package 'scr/my_robot_interfaces' with type 'ros.ament_cmake' and name 'my_robot_interfaces'
[0.330s] Level 1:colcon.colcon_core.package_identification:_identify(scr/turtlesim_catch_them) by extensions ['ignore', 'ignore_ament_install']
[0.330s] Level 1:colcon.colcon_core.package_identification:_identify(scr/turtlesim_catch_them) by extension 'ignore'
[0.330s] Level 1:colcon.colcon_core.package_identification:_identify(scr/turtlesim_catch_them) by extension 'ignore_ament_install'
[0.330s] Level 1:colcon.colcon_core.package_identification:_identify(scr/turtlesim_catch_them) by extensions ['colcon_pkg']
[0.331s] Level 1:colcon.colcon_core.package_identification:_identify(scr/turtlesim_catch_them) by extension 'colcon_pkg'
[0.331s] Level 1:colcon.colcon_core.package_identification:_identify(scr/turtlesim_catch_them) by extensions ['colcon_meta']
[0.331s] Level 1:colcon.colcon_core.package_identification:_identify(scr/turtlesim_catch_them) by extension 'colcon_meta'
[0.331s] Level 1:colcon.colcon_core.package_identification:_identify(scr/turtlesim_catch_them) by extensions ['ros']
[0.331s] Level 1:colcon.colcon_core.package_identification:_identify(scr/turtlesim_catch_them) by extension 'ros'
[0.332s] DEBUG:colcon.colcon_core.package_identification:Package 'scr/turtlesim_catch_them' with type 'ros.ament_python' and name 'turtlesim_catch_them'
[0.332s] Level 1:colcon.colcon_core.package_identification:_identify(scr/turtlesim_catch_them_all) by extensions ['ignore', 'ignore_ament_install']
[0.332s] Level 1:colcon.colcon_core.package_identification:_identify(scr/turtlesim_catch_them_all) by extension 'ignore'
[0.332s] Level 1:colcon.colcon_core.package_identification:_identify(scr/turtlesim_catch_them_all) by extension 'ignore_ament_install'
[0.332s] Level 1:colcon.colcon_core.package_identification:_identify(scr/turtlesim_catch_them_all) by extensions ['colcon_pkg']
[0.332s] Level 1:colcon.colcon_core.package_identification:_identify(scr/turtlesim_catch_them_all) by extension 'colcon_pkg'
[0.332s] Level 1:colcon.colcon_core.package_identification:_identify(scr/turtlesim_catch_them_all) by extensions ['colcon_meta']
[0.332s] Level 1:colcon.colcon_core.package_identification:_identify(scr/turtlesim_catch_them_all) by extension 'colcon_meta'
[0.332s] Level 1:colcon.colcon_core.package_identification:_identify(scr/turtlesim_catch_them_all) by extensions ['ros']
[0.332s] Level 1:colcon.colcon_core.package_identification:_identify(scr/turtlesim_catch_them_all) by extension 'ros'
[0.333s] DEBUG:colcon.colcon_core.package_identification:Package 'scr/turtlesim_catch_them_all' with type 'ros.ament_python' and name 'turtlesim_catch_them_all'
[0.333s] Level 1:colcon.colcon_core.package_discovery:discover_packages(recursive) using defaults
[0.333s] Level 1:colcon.colcon_core.package_discovery:discover_packages(ignore) discover
[0.333s] Level 1:colcon.colcon_core.package_discovery:discover_packages(ignore) using defaults
[0.333s] Level 1:colcon.colcon_core.package_discovery:discover_packages(path) discover
[0.333s] Level 1:colcon.colcon_core.package_discovery:discover_packages(path) using defaults
[0.356s] INFO:colcon.colcon_core.package_selection:Skipping not selected package 'my_cpp_pkg' in 'scr/my_cpp_pkg'
[0.356s] INFO:colcon.colcon_core.package_selection:Skipping not selected package 'my_robot_interfaces' in 'scr/my_robot_interfaces'
[0.356s] INFO:colcon.colcon_core.package_selection:Skipping not selected package 'turtlesim_catch_them_all' in 'scr/turtlesim_catch_them_all'
[0.356s] INFO:colcon.colcon_core.package_selection:Skipping not selected package 'my_py_pkg' in 'scr/my_py_pkg'
[0.356s] INFO:colcon.colcon_core.package_selection:Skipping not selected package 'my_robot_bringup' in 'scr/my_robot_bringup'
[0.356s] Level 1:colcon.colcon_core.package_discovery:discover_packages(prefix_path) check parameters
[0.356s] Level 1:colcon.colcon_core.package_discovery:discover_packages(prefix_path) discover
[0.358s] DEBUG:colcon.colcon_installed_package_information.package_discovery:Found 5 installed packages in /home/nitin/ros2_ws/install
[0.360s] DEBUG:colcon.colcon_installed_package_information.package_discovery:Found 270 installed packages in /opt/ros/humble
[0.361s] Level 1:colcon.colcon_core.package_discovery:discover_packages(prefix_path) using defaults
[0.415s] Level 5:colcon.colcon_core.verb:set package 'turtlesim_catch_them' build argument 'cmake_args' from command line to 'None'
[0.415s] Level 5:colcon.colcon_core.verb:set package 'turtlesim_catch_them' build argument 'cmake_target' from command line to 'None'
[0.415s] Level 5:colcon.colcon_core.verb:set package 'turtlesim_catch_them' build argument 'cmake_target_skip_unavailable' from command line to 'False'
[0.415s] Level 5:colcon.colcon_core.verb:set package 'turtlesim_catch_them' build argument 'cmake_clean_cache' from command line to 'False'
[0.415s] Level 5:colcon.colcon_core.verb:set package 'turtlesim_catch_them' build argument 'cmake_clean_first' from command line to 'False'
[0.415s] Level 5:colcon.colcon_core.verb:set package 'turtlesim_catch_them' build argument 'cmake_force_configure' from command line to 'False'
[0.415s] Level 5:colcon.colcon_core.verb:set package 'turtlesim_catch_them' build argument 'ament_cmake_args' from command line to 'None'
[0.415s] Level 5:colcon.colcon_core.verb:set package 'turtlesim_catch_them' build argument 'catkin_cmake_args' from command line to 'None'
[0.415s] Level 5:colcon.colcon_core.verb:set package 'turtlesim_catch_them' build argument 'catkin_skip_building_tests' from command line to 'False'
[0.415s] DEBUG:colcon.colcon_core.verb:Building package 'turtlesim_catch_them' with the following arguments: {'ament_cmake_args': None, 'build_base': '/home/nitin/ros2_ws/build/turtlesim_catch_them', 'catkin_cmake_args': None, 'catkin_skip_building_tests': False, 'cmake_args': None, 'cmake_clean_cache': False, 'cmake_clean_first': False, 'cmake_force_configure': False, 'cmake_target': None, 'cmake_target_skip_unavailable': False, 'install_base': '/home/nitin/ros2_ws/install/turtlesim_catch_them', 'merge_install': False, 'path': '/home/nitin/ros2_ws/scr/turtlesim_catch_them', 'symlink_install': False, 'test_result_base': None}
[0.416s] INFO:colcon.colcon_core.executor:Executing jobs using 'parallel' executor
[0.417s] DEBUG:colcon.colcon_parallel_executor.executor.parallel:run_until_complete
[0.417s] INFO:colcon.colcon_ros.task.ament_python.build:Building ROS package in '/home/nitin/ros2_ws/scr/turtlesim_catch_them' with build type 'ament_python'
[0.418s] Level 1:colcon.colcon_core.shell:create_environment_hook('turtlesim_catch_them', 'ament_prefix_path')
[0.420s] INFO:colcon.colcon_core.plugin_system:Skipping extension 'colcon_core.shell.bat': Not used on non-Windows systems
[0.420s] INFO:colcon.colcon_core.shell:Creating environment hook '/home/nitin/ros2_ws/install/turtlesim_catch_them/share/turtlesim_catch_them/hook/ament_prefix_path.ps1'
[0.421s] INFO:colcon.colcon_core.shell:Creating environment descriptor '/home/nitin/ros2_ws/install/turtlesim_catch_them/share/turtlesim_catch_them/hook/ament_prefix_path.dsv'
[0.422s] INFO:colcon.colcon_core.shell:Creating environment hook '/home/nitin/ros2_ws/install/turtlesim_catch_them/share/turtlesim_catch_them/hook/ament_prefix_path.sh'
[0.422s] INFO:colcon.colcon_core.shell:Skip shell extension 'powershell' for command environment: Not usable outside of PowerShell
[0.423s] DEBUG:colcon.colcon_core.shell:Skip shell extension 'dsv' for command environment
[0.777s] INFO:colcon.colcon_core.task.python.build:Building Python package in '/home/nitin/ros2_ws/scr/turtlesim_catch_them'
[0.777s] INFO:colcon.colcon_core.shell:Skip shell extension 'powershell' for command environment: Not usable outside of PowerShell
[0.777s] DEBUG:colcon.colcon_core.shell:Skip shell extension 'dsv' for command environment
[1.255s] DEBUG:colcon.colcon_core.event_handler.log_command:Invoking command in '/home/nitin/ros2_ws/scr/turtlesim_catch_them': CMAKE_PREFIX_PATH=/home/nitin/ros2_ws/install/my_robot_interfaces:/home/nitin/ros2_ws/install/my_robot_bringup:/home/nitin/ros2_ws/install/my_cpp_pkg PYTHONPATH=/home/nitin/ros2_ws/build/turtlesim_catch_them/prefix_override:/usr/lib/python3/dist-packages/colcon_core/task/python/colcon_distutils_commands:/home/nitin/ros2_ws/install/turtlesim_catch_them/lib/python3.10/site-packages:${PYTHONPATH} /usr/bin/python3 -W ignore:setup.py install is deprecated setup.py egg_info --egg-base ../../build/turtlesim_catch_them build --build-base /home/nitin/ros2_ws/build/turtlesim_catch_them/build install --record /home/nitin/ros2_ws/build/turtlesim_catch_them/install.log --single-version-externally-managed install_data
[1.633s] DEBUG:colcon.colcon_core.event_handler.log_command:Invoked command in '/home/nitin/ros2_ws/scr/turtlesim_catch_them' returned '0': CMAKE_PREFIX_PATH=/home/nitin/ros2_ws/install/my_robot_interfaces:/home/nitin/ros2_ws/install/my_robot_bringup:/home/nitin/ros2_ws/install/my_cpp_pkg PYTHONPATH=/home/nitin/ros2_ws/build/turtlesim_catch_them/prefix_override:/usr/lib/python3/dist-packages/colcon_core/task/python/colcon_distutils_commands:/home/nitin/ros2_ws/install/turtlesim_catch_them/lib/python3.10/site-packages:${PYTHONPATH} /usr/bin/python3 -W ignore:setup.py install is deprecated setup.py egg_info --egg-base ../../build/turtlesim_catch_them build --build-base /home/nitin/ros2_ws/build/turtlesim_catch_them/build install --record /home/nitin/ros2_ws/build/turtlesim_catch_them/install.log --single-version-externally-managed install_data
[1.636s] Level 1:colcon.colcon_core.environment:checking '/home/nitin/ros2_ws/install/turtlesim_catch_them' for CMake module files
[1.636s] Level 1:colcon.colcon_core.environment:checking '/home/nitin/ros2_ws/install/turtlesim_catch_them' for CMake config files
[1.637s] Level 1:colcon.colcon_core.environment:checking '/home/nitin/ros2_ws/install/turtlesim_catch_them/lib'
[1.637s] Level 1:colcon.colcon_core.environment:checking '/home/nitin/ros2_ws/install/turtlesim_catch_them/bin'
[1.637s] Level 1:colcon.colcon_core.environment:checking '/home/nitin/ros2_ws/install/turtlesim_catch_them/lib/pkgconfig/turtlesim_catch_them.pc'
[1.638s] Level 1:colcon.colcon_core.environment:checking '/home/nitin/ros2_ws/install/turtlesim_catch_them/lib/python3.10/site-packages'
[1.638s] Level 1:colcon.colcon_core.shell:create_environment_hook('turtlesim_catch_them', 'pythonpath')
[1.638s] INFO:colcon.colcon_core.shell:Creating environment hook '/home/nitin/ros2_ws/install/turtlesim_catch_them/share/turtlesim_catch_them/hook/pythonpath.ps1'
[1.638s] INFO:colcon.colcon_core.shell:Creating environment descriptor '/home/nitin/ros2_ws/install/turtlesim_catch_them/share/turtlesim_catch_them/hook/pythonpath.dsv'
[1.639s] INFO:colcon.colcon_core.shell:Creating environment hook '/home/nitin/ros2_ws/install/turtlesim_catch_them/share/turtlesim_catch_them/hook/pythonpath.sh'
[1.639s] Level 1:colcon.colcon_core.environment:checking '/home/nitin/ros2_ws/install/turtlesim_catch_them/bin'
[1.640s] Level 1:colcon.colcon_core.environment:create_environment_scripts_only(turtlesim_catch_them)
[1.640s] INFO:colcon.colcon_core.shell:Creating package script '/home/nitin/ros2_ws/install/turtlesim_catch_them/share/turtlesim_catch_them/package.ps1'
[1.641s] INFO:colcon.colcon_core.shell:Creating package descriptor '/home/nitin/ros2_ws/install/turtlesim_catch_them/share/turtlesim_catch_them/package.dsv'
[1.641s] INFO:colcon.colcon_core.shell:Creating package script '/home/nitin/ros2_ws/install/turtlesim_catch_them/share/turtlesim_catch_them/package.sh'
[1.642s] INFO:colcon.colcon_core.shell:Creating package script '/home/nitin/ros2_ws/install/turtlesim_catch_them/share/turtlesim_catch_them/package.bash'
[1.643s] INFO:colcon.colcon_core.shell:Creating package script '/home/nitin/ros2_ws/install/turtlesim_catch_them/share/turtlesim_catch_them/package.zsh'
[1.643s] Level 1:colcon.colcon_core.environment:create_file_with_runtime_dependencies(/home/nitin/ros2_ws/install/turtlesim_catch_them/share/colcon-core/packages/turtlesim_catch_them)
[1.644s] DEBUG:colcon.colcon_parallel_executor.executor.parallel:closing loop
[1.644s] DEBUG:colcon.colcon_parallel_executor.executor.parallel:loop closed
[1.644s] DEBUG:colcon.colcon_parallel_executor.executor.parallel:run_until_complete finished with '0'
[1.645s] DEBUG:colcon.colcon_core.event_reactor:joining thread
[1.651s] INFO:colcon.colcon_core.plugin_system:Skipping extension 'colcon_notification.desktop_notification.terminal_notifier': Not used on non-Darwin systems
[1.651s] INFO:colcon.colcon_core.plugin_system:Skipping extension 'colcon_notification.desktop_notification.win32': Not used on non-Windows systems
[1.651s] INFO:colcon.colcon_notification.desktop_notification:Sending desktop notification using 'notify2'
[1.669s] DEBUG:colcon.colcon_core.event_reactor:joined thread
[1.669s] INFO:colcon.colcon_core.shell:Creating prefix script '/home/nitin/ros2_ws/install/local_setup.ps1'
[1.670s] INFO:colcon.colcon_core.shell:Creating prefix util module '/home/nitin/ros2_ws/install/_local_setup_util_ps1.py'
[1.672s] INFO:colcon.colcon_core.shell:Creating prefix chain script '/home/nitin/ros2_ws/install/setup.ps1'
[1.674s] INFO:colcon.colcon_core.shell:Creating prefix script '/home/nitin/ros2_ws/install/local_setup.sh'
[1.674s] INFO:colcon.colcon_core.shell:Creating prefix util module '/home/nitin/ros2_ws/install/_local_setup_util_sh.py'
[1.675s] INFO:colcon.colcon_core.shell:Creating prefix chain script '/home/nitin/ros2_ws/install/setup.sh'
[1.676s] INFO:colcon.colcon_core.shell:Creating prefix script '/home/nitin/ros2_ws/install/local_setup.bash'
[1.677s] INFO:colcon.colcon_core.shell:Creating prefix chain script '/home/nitin/ros2_ws/install/setup.bash'
[1.678s] INFO:colcon.colcon_core.shell:Creating prefix script '/home/nitin/ros2_ws/install/local_setup.zsh'
[1.678s] INFO:colcon.colcon_core.shell:Creating prefix chain script '/home/nitin/ros2_ws/install/setup.zsh'
