[0.696s] Invoking command in '/home/nitin/ros2_ws/build/my_py_pkg': CMAKE_PREFIX_PATH=/home/nitin/ros2_ws/install/my_robot_interfaces:/home/nitin/ros2_ws/install/my_robot_bringup:/home/nitin/ros2_ws/install/my_cpp_pkg PYTHONPATH=/home/nitin/ros2_ws/build/my_py_pkg/prefix_override:/home/nitin/ros2_ws/install/my_py_pkg/lib/python3.10/site-packages:${PYTHONPATH} /usr/bin/python3 setup.py develop --editable --build-directory /home/nitin/ros2_ws/build/my_py_pkg/build --no-deps install_data
[0.921s] running develop
[1.037s] running egg_info
[1.037s] writing my_py_pkg.egg-info/PKG-INFO
[1.037s] writing dependency_links to my_py_pkg.egg-info/dependency_links.txt
[1.038s] writing entry points to my_py_pkg.egg-info/entry_points.txt
[1.038s] writing requirements to my_py_pkg.egg-info/requires.txt
[1.038s] writing top-level names to my_py_pkg.egg-info/top_level.txt
[1.039s] reading manifest file 'my_py_pkg.egg-info/SOURCES.txt'
[1.040s] writing manifest file 'my_py_pkg.egg-info/SOURCES.txt'
[1.041s] running build_ext
[1.042s] Creating /home/nitin/ros2_ws/install/my_py_pkg/lib/python3.10/site-packages/my-py-pkg.egg-link (link to .)
[1.042s] Installing add_two_ints_client script to /home/nitin/ros2_ws/install/my_py_pkg/lib/my_py_pkg
[1.042s] Installing add_two_ints_client_no_oop script to /home/nitin/ros2_ws/install/my_py_pkg/lib/my_py_pkg
[1.042s] Installing add_two_ints_server script to /home/nitin/ros2_ws/install/my_py_pkg/lib/my_py_pkg
[1.042s] Installing battery script to /home/nitin/ros2_ws/install/my_py_pkg/lib/my_py_pkg
[1.042s] Installing hw_status_publisher script to /home/nitin/ros2_ws/install/my_py_pkg/lib/my_py_pkg
[1.043s] Installing led_panel script to /home/nitin/ros2_ws/install/my_py_pkg/lib/my_py_pkg
[1.043s] Installing number_counter script to /home/nitin/ros2_ws/install/my_py_pkg/lib/my_py_pkg
[1.043s] Installing number_publisher script to /home/nitin/ros2_ws/install/my_py_pkg/lib/my_py_pkg
[1.043s] Installing py_node script to /home/nitin/ros2_ws/install/my_py_pkg/lib/my_py_pkg
[1.043s] Installing robot_news_station script to /home/nitin/ros2_ws/install/my_py_pkg/lib/my_py_pkg
[1.043s] Installing smartphone script to /home/nitin/ros2_ws/install/my_py_pkg/lib/my_py_pkg
[1.043s] 
[1.043s] Installed /home/nitin/ros2_ws/build/my_py_pkg
[1.043s] running install_data
[1.067s] Invoked command in '/home/nitin/ros2_ws/build/my_py_pkg' returned '0': CMAKE_PREFIX_PATH=/home/nitin/ros2_ws/install/my_robot_interfaces:/home/nitin/ros2_ws/install/my_robot_bringup:/home/nitin/ros2_ws/install/my_cpp_pkg PYTHONPATH=/home/nitin/ros2_ws/build/my_py_pkg/prefix_override:/home/nitin/ros2_ws/install/my_py_pkg/lib/python3.10/site-packages:${PYTHONPATH} /usr/bin/python3 setup.py develop --editable --build-directory /home/nitin/ros2_ws/build/my_py_pkg/build --no-deps install_data
