[0.625s] Invoking command in '/home/nitin/ros2_ws/scr/build/my_py_pkg': PYTHONPATH=/home/nitin/ros2_ws/scr/build/my_py_pkg/prefix_override:/home/nitin/ros2_ws/scr/install/my_py_pkg/lib/python3.10/site-packages:${PYTHONPATH} /usr/bin/python3 setup.py develop --uninstall --editable --build-directory /home/nitin/ros2_ws/scr/build/my_py_pkg/build
[0.851s] running develop
[0.964s] Removing /home/nitin/ros2_ws/scr/install/my_py_pkg/lib/python3.10/site-packages/my-py-pkg.egg-link (link to .)
[0.987s] Invoked command in '/home/nitin/ros2_ws/scr/build/my_py_pkg' returned '0': PYTHONPATH=/home/nitin/ros2_ws/scr/build/my_py_pkg/prefix_override:/home/nitin/ros2_ws/scr/install/my_py_pkg/lib/python3.10/site-packages:${PYTHONPATH} /usr/bin/python3 setup.py develop --uninstall --editable --build-directory /home/nitin/ros2_ws/scr/build/my_py_pkg/build
[0.991s] Invoking command in '/home/nitin/ros2_ws/scr/my_py_pkg': PYTHONPATH=/home/nitin/ros2_ws/scr/build/my_py_pkg/prefix_override:/home/nitin/ros2_ws/scr/install/my_py_pkg/lib/python3.10/site-packages:${PYTHONPATH} /usr/bin/python3 setup.py egg_info --egg-base ../build/my_py_pkg build --build-base /home/nitin/ros2_ws/scr/build/my_py_pkg/build install --record /home/nitin/ros2_ws/scr/build/my_py_pkg/install.log --single-version-externally-managed
[1.195s] running egg_info
[1.195s] writing ../build/my_py_pkg/my_py_pkg.egg-info/PKG-INFO
[1.195s] writing dependency_links to ../build/my_py_pkg/my_py_pkg.egg-info/dependency_links.txt
[1.196s] writing entry points to ../build/my_py_pkg/my_py_pkg.egg-info/entry_points.txt
[1.196s] writing requirements to ../build/my_py_pkg/my_py_pkg.egg-info/requires.txt
[1.196s] writing top-level names to ../build/my_py_pkg/my_py_pkg.egg-info/top_level.txt
[1.197s] reading manifest file '../build/my_py_pkg/my_py_pkg.egg-info/SOURCES.txt'
[1.198s] writing manifest file '../build/my_py_pkg/my_py_pkg.egg-info/SOURCES.txt'
[1.198s] running build
[1.198s] running build_py
[1.198s] copying my_py_pkg/number_publisher.py -> /home/nitin/ros2_ws/scr/build/my_py_pkg/build/lib/my_py_pkg
[1.198s] copying my_py_pkg/smartphone.py -> /home/nitin/ros2_ws/scr/build/my_py_pkg/build/lib/my_py_pkg
[1.199s] copying my_py_pkg/number_counter.py -> /home/nitin/ros2_ws/scr/build/my_py_pkg/build/lib/my_py_pkg
[1.199s] copying my_py_pkg/template_python_node.py -> /home/nitin/ros2_ws/scr/build/my_py_pkg/build/lib/my_py_pkg
[1.199s] running install
[1.200s] running install_lib
[1.200s] creating /home/nitin/ros2_ws/scr/install/my_py_pkg/lib/python3.10/site-packages/my_py_pkg
[1.200s] copying /home/nitin/ros2_ws/scr/build/my_py_pkg/build/lib/my_py_pkg/number_publisher.py -> /home/nitin/ros2_ws/scr/install/my_py_pkg/lib/python3.10/site-packages/my_py_pkg
[1.200s] copying /home/nitin/ros2_ws/scr/build/my_py_pkg/build/lib/my_py_pkg/robot_news_station.py -> /home/nitin/ros2_ws/scr/install/my_py_pkg/lib/python3.10/site-packages/my_py_pkg
[1.201s] copying /home/nitin/ros2_ws/scr/build/my_py_pkg/build/lib/my_py_pkg/smartphone.py -> /home/nitin/ros2_ws/scr/install/my_py_pkg/lib/python3.10/site-packages/my_py_pkg
[1.201s] copying /home/nitin/ros2_ws/scr/build/my_py_pkg/build/lib/my_py_pkg/number_counter.py -> /home/nitin/ros2_ws/scr/install/my_py_pkg/lib/python3.10/site-packages/my_py_pkg
[1.201s] copying /home/nitin/ros2_ws/scr/build/my_py_pkg/build/lib/my_py_pkg/__init__.py -> /home/nitin/ros2_ws/scr/install/my_py_pkg/lib/python3.10/site-packages/my_py_pkg
[1.201s] copying /home/nitin/ros2_ws/scr/build/my_py_pkg/build/lib/my_py_pkg/template_python_node.py -> /home/nitin/ros2_ws/scr/install/my_py_pkg/lib/python3.10/site-packages/my_py_pkg
[1.201s] copying /home/nitin/ros2_ws/scr/build/my_py_pkg/build/lib/my_py_pkg/my_first_node.py -> /home/nitin/ros2_ws/scr/install/my_py_pkg/lib/python3.10/site-packages/my_py_pkg
[1.201s] byte-compiling /home/nitin/ros2_ws/scr/install/my_py_pkg/lib/python3.10/site-packages/my_py_pkg/number_publisher.py to number_publisher.cpython-310.pyc
[1.202s] byte-compiling /home/nitin/ros2_ws/scr/install/my_py_pkg/lib/python3.10/site-packages/my_py_pkg/robot_news_station.py to robot_news_station.cpython-310.pyc
[1.202s] byte-compiling /home/nitin/ros2_ws/scr/install/my_py_pkg/lib/python3.10/site-packages/my_py_pkg/smartphone.py to smartphone.cpython-310.pyc
[1.202s] byte-compiling /home/nitin/ros2_ws/scr/install/my_py_pkg/lib/python3.10/site-packages/my_py_pkg/number_counter.py to number_counter.cpython-310.pyc
[1.202s] byte-compiling /home/nitin/ros2_ws/scr/install/my_py_pkg/lib/python3.10/site-packages/my_py_pkg/__init__.py to __init__.cpython-310.pyc
[1.203s] byte-compiling /home/nitin/ros2_ws/scr/install/my_py_pkg/lib/python3.10/site-packages/my_py_pkg/template_python_node.py to template_python_node.cpython-310.pyc
[1.203s] byte-compiling /home/nitin/ros2_ws/scr/install/my_py_pkg/lib/python3.10/site-packages/my_py_pkg/my_first_node.py to my_first_node.cpython-310.pyc
[1.203s] running install_data
[1.204s] running install_egg_info
[1.205s] Copying ../build/my_py_pkg/my_py_pkg.egg-info to /home/nitin/ros2_ws/scr/install/my_py_pkg/lib/python3.10/site-packages/my_py_pkg-0.0.0-py3.10.egg-info
[1.206s] running install_scripts
[1.220s] Installing number_counter script to /home/nitin/ros2_ws/scr/install/my_py_pkg/lib/my_py_pkg
[1.220s] Installing number_publisher script to /home/nitin/ros2_ws/scr/install/my_py_pkg/lib/my_py_pkg
[1.220s] Installing py_node script to /home/nitin/ros2_ws/scr/install/my_py_pkg/lib/my_py_pkg
[1.220s] Installing robot_news_station script to /home/nitin/ros2_ws/scr/install/my_py_pkg/lib/my_py_pkg
[1.220s] Installing smartphone script to /home/nitin/ros2_ws/scr/install/my_py_pkg/lib/my_py_pkg
[1.220s] writing list of installed files to '/home/nitin/ros2_ws/scr/build/my_py_pkg/install.log'
[1.246s] Invoked command in '/home/nitin/ros2_ws/scr/my_py_pkg' returned '0': PYTHONPATH=/home/nitin/ros2_ws/scr/build/my_py_pkg/prefix_override:/home/nitin/ros2_ws/scr/install/my_py_pkg/lib/python3.10/site-packages:${PYTHONPATH} /usr/bin/python3 setup.py egg_info --egg-base ../build/my_py_pkg build --build-base /home/nitin/ros2_ws/scr/build/my_py_pkg/build install --record /home/nitin/ros2_ws/scr/build/my_py_pkg/install.log --single-version-externally-managed
