[0.605s] Invoking command in '/home/nitin/ros2_ws/scr/my_py_pkg': PYTHONPATH=/home/nitin/ros2_ws/scr/build/my_py_pkg/prefix_override:/home/nitin/ros2_ws/scr/install/my_py_pkg/lib/python3.10/site-packages:${PYTHONPATH} /usr/bin/python3 setup.py egg_info --egg-base ../build/my_py_pkg build --build-base /home/nitin/ros2_ws/scr/build/my_py_pkg/build install --record /home/nitin/ros2_ws/scr/build/my_py_pkg/install.log --single-version-externally-managed
[0.806s] running egg_info
[0.806s] writing ../build/my_py_pkg/my_py_pkg.egg-info/PKG-INFO
[0.808s] writing dependency_links to ../build/my_py_pkg/my_py_pkg.egg-info/dependency_links.txt
[0.808s] writing entry points to ../build/my_py_pkg/my_py_pkg.egg-info/entry_points.txt
[0.808s] writing requirements to ../build/my_py_pkg/my_py_pkg.egg-info/requires.txt
[0.809s] writing top-level names to ../build/my_py_pkg/my_py_pkg.egg-info/top_level.txt
[0.810s] reading manifest file '../build/my_py_pkg/my_py_pkg.egg-info/SOURCES.txt'
[0.811s] writing manifest file '../build/my_py_pkg/my_py_pkg.egg-info/SOURCES.txt'
[0.811s] running build
[0.811s] running build_py
[0.811s] copying my_py_pkg/number_publisher.py -> /home/nitin/ros2_ws/scr/build/my_py_pkg/build/lib/my_py_pkg
[0.812s] copying my_py_pkg/robot_news_station.py -> /home/nitin/ros2_ws/scr/build/my_py_pkg/build/lib/my_py_pkg
[0.812s] copying my_py_pkg/smartphone.py -> /home/nitin/ros2_ws/scr/build/my_py_pkg/build/lib/my_py_pkg
[0.812s] running install
[0.812s] running install_lib
[0.813s] copying /home/nitin/ros2_ws/scr/build/my_py_pkg/build/lib/my_py_pkg/number_publisher.py -> /home/nitin/ros2_ws/scr/install/my_py_pkg/lib/python3.10/site-packages/my_py_pkg
[0.813s] copying /home/nitin/ros2_ws/scr/build/my_py_pkg/build/lib/my_py_pkg/robot_news_station.py -> /home/nitin/ros2_ws/scr/install/my_py_pkg/lib/python3.10/site-packages/my_py_pkg
[0.813s] copying /home/nitin/ros2_ws/scr/build/my_py_pkg/build/lib/my_py_pkg/smartphone.py -> /home/nitin/ros2_ws/scr/install/my_py_pkg/lib/python3.10/site-packages/my_py_pkg
[0.814s] byte-compiling /home/nitin/ros2_ws/scr/install/my_py_pkg/lib/python3.10/site-packages/my_py_pkg/number_publisher.py to number_publisher.cpython-310.pyc
[0.814s] byte-compiling /home/nitin/ros2_ws/scr/install/my_py_pkg/lib/python3.10/site-packages/my_py_pkg/robot_news_station.py to robot_news_station.cpython-310.pyc
[0.814s] byte-compiling /home/nitin/ros2_ws/scr/install/my_py_pkg/lib/python3.10/site-packages/my_py_pkg/smartphone.py to smartphone.cpython-310.pyc
[0.814s] byte-compiling /home/nitin/ros2_ws/scr/install/my_py_pkg/lib/python3.10/site-packages/my_py_pkg/template_python_node.py to template_python_node.cpython-310.pyc
[0.815s] running install_data
[0.816s] running install_egg_info
[0.817s] removing '/home/nitin/ros2_ws/scr/install/my_py_pkg/lib/python3.10/site-packages/my_py_pkg-0.0.0-py3.10.egg-info' (and everything under it)
[0.817s] Copying ../build/my_py_pkg/my_py_pkg.egg-info to /home/nitin/ros2_ws/scr/install/my_py_pkg/lib/python3.10/site-packages/my_py_pkg-0.0.0-py3.10.egg-info
[0.818s] running install_scripts
[0.832s] Installing number_publisher script to /home/nitin/ros2_ws/scr/install/my_py_pkg/lib/my_py_pkg
[0.832s] Installing py_node script to /home/nitin/ros2_ws/scr/install/my_py_pkg/lib/my_py_pkg
[0.832s] Installing robot_news_station script to /home/nitin/ros2_ws/scr/install/my_py_pkg/lib/my_py_pkg
[0.832s] Installing smartphone script to /home/nitin/ros2_ws/scr/install/my_py_pkg/lib/my_py_pkg
[0.833s] writing list of installed files to '/home/nitin/ros2_ws/scr/build/my_py_pkg/install.log'
[0.851s] Invoked command in '/home/nitin/ros2_ws/scr/my_py_pkg' returned '0': PYTHONPATH=/home/nitin/ros2_ws/scr/build/my_py_pkg/prefix_override:/home/nitin/ros2_ws/scr/install/my_py_pkg/lib/python3.10/site-packages:${PYTHONPATH} /usr/bin/python3 setup.py egg_info --egg-base ../build/my_py_pkg build --build-base /home/nitin/ros2_ws/scr/build/my_py_pkg/build install --record /home/nitin/ros2_ws/scr/build/my_py_pkg/install.log --single-version-externally-managed
