[0.603s] Invoking command in '/home/nitin/ros2_ws/scr/my_py_pkg': PYTHONPATH=/home/nitin/ros2_ws/scr/build/my_py_pkg/prefix_override:/home/nitin/ros2_ws/scr/install/my_py_pkg/lib/python3.10/site-packages:${PYTHONPATH} /usr/bin/python3 setup.py egg_info --egg-base ../build/my_py_pkg build --build-base /home/nitin/ros2_ws/scr/build/my_py_pkg/build install --record /home/nitin/ros2_ws/scr/build/my_py_pkg/install.log --single-version-externally-managed
[0.771s] running egg_info
[0.771s] writing ../build/my_py_pkg/my_py_pkg.egg-info/PKG-INFO
[0.774s] writing dependency_links to ../build/my_py_pkg/my_py_pkg.egg-info/dependency_links.txt
[0.774s] writing entry points to ../build/my_py_pkg/my_py_pkg.egg-info/entry_points.txt
[0.774s] writing requirements to ../build/my_py_pkg/my_py_pkg.egg-info/requires.txt
[0.774s] writing top-level names to ../build/my_py_pkg/my_py_pkg.egg-info/top_level.txt
[0.775s] reading manifest file '../build/my_py_pkg/my_py_pkg.egg-info/SOURCES.txt'
[0.776s] writing manifest file '../build/my_py_pkg/my_py_pkg.egg-info/SOURCES.txt'
[0.776s] running build
[0.776s] running build_py
[0.777s] copying my_py_pkg/add_two_ints_client_no_oop.py -> /home/nitin/ros2_ws/scr/build/my_py_pkg/build/lib/my_py_pkg
[0.778s] copying my_py_pkg/add_two_ints_server.py -> /home/nitin/ros2_ws/scr/build/my_py_pkg/build/lib/my_py_pkg
[0.778s] copying my_py_pkg/add_two_ints_client.py -> /home/nitin/ros2_ws/scr/build/my_py_pkg/build/lib/my_py_pkg
[0.778s] running install
[0.778s] running install_lib
[0.779s] copying /home/nitin/ros2_ws/scr/build/my_py_pkg/build/lib/my_py_pkg/add_two_ints_client_no_oop.py -> /home/nitin/ros2_ws/scr/install/my_py_pkg/lib/python3.10/site-packages/my_py_pkg
[0.779s] copying /home/nitin/ros2_ws/scr/build/my_py_pkg/build/lib/my_py_pkg/add_two_ints_server.py -> /home/nitin/ros2_ws/scr/install/my_py_pkg/lib/python3.10/site-packages/my_py_pkg
[0.779s] copying /home/nitin/ros2_ws/scr/build/my_py_pkg/build/lib/my_py_pkg/add_two_ints_client.py -> /home/nitin/ros2_ws/scr/install/my_py_pkg/lib/python3.10/site-packages/my_py_pkg
[0.780s] byte-compiling /home/nitin/ros2_ws/scr/install/my_py_pkg/lib/python3.10/site-packages/my_py_pkg/add_two_ints_client_no_oop.py to add_two_ints_client_no_oop.cpython-310.pyc
[0.780s] byte-compiling /home/nitin/ros2_ws/scr/install/my_py_pkg/lib/python3.10/site-packages/my_py_pkg/add_two_ints_server.py to add_two_ints_server.cpython-310.pyc
[0.780s] byte-compiling /home/nitin/ros2_ws/scr/install/my_py_pkg/lib/python3.10/site-packages/my_py_pkg/add_two_ints_client.py to add_two_ints_client.cpython-310.pyc
[0.781s] running install_data
[0.782s] running install_egg_info
[0.783s] removing '/home/nitin/ros2_ws/scr/install/my_py_pkg/lib/python3.10/site-packages/my_py_pkg-0.0.0-py3.10.egg-info' (and everything under it)
[0.783s] Copying ../build/my_py_pkg/my_py_pkg.egg-info to /home/nitin/ros2_ws/scr/install/my_py_pkg/lib/python3.10/site-packages/my_py_pkg-0.0.0-py3.10.egg-info
[0.784s] running install_scripts
[0.798s] Installing add_two_ints_client script to /home/nitin/ros2_ws/scr/install/my_py_pkg/lib/my_py_pkg
[0.798s] Installing add_two_ints_client_no_oop script to /home/nitin/ros2_ws/scr/install/my_py_pkg/lib/my_py_pkg
[0.798s] Installing add_two_ints_server script to /home/nitin/ros2_ws/scr/install/my_py_pkg/lib/my_py_pkg
[0.798s] Installing number_counter script to /home/nitin/ros2_ws/scr/install/my_py_pkg/lib/my_py_pkg
[0.798s] Installing number_publisher script to /home/nitin/ros2_ws/scr/install/my_py_pkg/lib/my_py_pkg
[0.798s] Installing py_node script to /home/nitin/ros2_ws/scr/install/my_py_pkg/lib/my_py_pkg
[0.798s] Installing robot_news_station script to /home/nitin/ros2_ws/scr/install/my_py_pkg/lib/my_py_pkg
[0.798s] Installing smartphone script to /home/nitin/ros2_ws/scr/install/my_py_pkg/lib/my_py_pkg
[0.798s] writing list of installed files to '/home/nitin/ros2_ws/scr/build/my_py_pkg/install.log'
[0.820s] Invoked command in '/home/nitin/ros2_ws/scr/my_py_pkg' returned '0': PYTHONPATH=/home/nitin/ros2_ws/scr/build/my_py_pkg/prefix_override:/home/nitin/ros2_ws/scr/install/my_py_pkg/lib/python3.10/site-packages:${PYTHONPATH} /usr/bin/python3 setup.py egg_info --egg-base ../build/my_py_pkg build --build-base /home/nitin/ros2_ws/scr/build/my_py_pkg/build install --record /home/nitin/ros2_ws/scr/build/my_py_pkg/install.log --single-version-externally-managed
