[0.636s] Invoking command in '/home/nitin/ros2_ws/scr/build/my_py_pkg': PYTHONPATH=/home/nitin/ros2_ws/scr/build/my_py_pkg/prefix_override:/home/nitin/ros2_ws/scr/install/my_py_pkg/lib/python3.10/site-packages:${PYTHONPATH} /usr/bin/python3 setup.py develop --editable --build-directory /home/nitin/ros2_ws/scr/build/my_py_pkg/build --no-deps install_data
[0.849s] running develop
[0.957s] running egg_info
[0.957s] writing my_py_pkg.egg-info/PKG-INFO
[0.957s] writing dependency_links to my_py_pkg.egg-info/dependency_links.txt
[0.957s] writing entry points to my_py_pkg.egg-info/entry_points.txt
[0.957s] writing requirements to my_py_pkg.egg-info/requires.txt
[0.957s] writing top-level names to my_py_pkg.egg-info/top_level.txt
[0.959s] reading manifest file 'my_py_pkg.egg-info/SOURCES.txt'
[0.959s] writing manifest file 'my_py_pkg.egg-info/SOURCES.txt'
[0.961s] running build_ext
[0.961s] Creating /home/nitin/ros2_ws/scr/install/my_py_pkg/lib/python3.10/site-packages/my-py-pkg.egg-link (link to .)
[0.961s] Installing number_counter script to /home/nitin/ros2_ws/scr/install/my_py_pkg/lib/my_py_pkg
[0.961s] Installing number_publisher script to /home/nitin/ros2_ws/scr/install/my_py_pkg/lib/my_py_pkg
[0.961s] Installing py_node script to /home/nitin/ros2_ws/scr/install/my_py_pkg/lib/my_py_pkg
[0.962s] Installing robot_news_station script to /home/nitin/ros2_ws/scr/install/my_py_pkg/lib/my_py_pkg
[0.962s] Installing smartphone script to /home/nitin/ros2_ws/scr/install/my_py_pkg/lib/my_py_pkg
[0.962s] 
[0.962s] Installed /home/nitin/ros2_ws/scr/build/my_py_pkg
[0.962s] running install_data
[0.993s] Invoked command in '/home/nitin/ros2_ws/scr/build/my_py_pkg' returned '0': PYTHONPATH=/home/nitin/ros2_ws/scr/build/my_py_pkg/prefix_override:/home/nitin/ros2_ws/scr/install/my_py_pkg/lib/python3.10/site-packages:${PYTHONPATH} /usr/bin/python3 setup.py develop --editable --build-directory /home/nitin/ros2_ws/scr/build/my_py_pkg/build --no-deps install_data
