[0.907s] Invoking command in '/home/nitin/ros2_ws/scr/turtlesim_catch_them': CMAKE_PREFIX_PATH=/home/nitin/ros2_ws/install/my_robot_interfaces:/home/nitin/nexa_ws/install/serial_motor_demo_msgs:/home/nitin/nexa_ws/install/diffdrive_arduino:/home/nitin/nexa_ws/install/articubot_one:/home/nitin/optimus1_ws/install/serial_motor_demo_msgs:/home/nitin/optimus1_ws/install/serial:/home/nitin/optimus1_ws/install/ldlidar_sl_ros2:/home/nitin/optimus1_ws/install/diffdrive_arduino:/home/nitin/optimus1_ws/install/amr:/home/nitin/ros2_ws/install/my_robot_bringup:/home/nitin/ros2_ws/install/my_cpp_pkg LD_LIBRARY_PATH=/home/nitin/ros2_ws/install/my_robot_interfaces/lib:/home/nitin/nexa_ws/install/serial_motor_demo_msgs/lib:/home/nitin/nexa_ws/install/diffdrive_arduino/lib:/home/nitin/optimus1_ws/install/serial_motor_demo_msgs/lib:/home/nitin/optimus1_ws/install/serial/lib:/home/nitin/optimus1_ws/install/diffdrive_arduino/lib:/opt/ros/humble/opt/rviz_ogre_vendor/lib:/opt/ros/humble/lib/x86_64-linux-gnu:/opt/ros/humble/lib PYTHONPATH=/home/nitin/ros2_ws/build/turtlesim_catch_them/prefix_override:/usr/lib/python3/dist-packages/colcon_core/task/python/colcon_distutils_commands:/home/nitin/ros2_ws/install/turtlesim_catch_them/lib/python3.10/site-packages:${PYTHONPATH} /usr/bin/python3 -W ignore:setup.py install is deprecated setup.py egg_info --egg-base ../../build/turtlesim_catch_them build --build-base /home/nitin/ros2_ws/build/turtlesim_catch_them/build install --record /home/nitin/ros2_ws/build/turtlesim_catch_them/install.log --single-version-externally-managed install_data
[1.215s] running egg_info
[1.215s] writing ../../build/turtlesim_catch_them/turtlesim_catch_them.egg-info/PKG-INFO
[1.216s] writing dependency_links to ../../build/turtlesim_catch_them/turtlesim_catch_them.egg-info/dependency_links.txt
[1.216s] writing entry points to ../../build/turtlesim_catch_them/turtlesim_catch_them.egg-info/entry_points.txt
[1.216s] writing requirements to ../../build/turtlesim_catch_them/turtlesim_catch_them.egg-info/requires.txt
[1.216s] writing top-level names to ../../build/turtlesim_catch_them/turtlesim_catch_them.egg-info/top_level.txt
[1.218s] reading manifest file '../../build/turtlesim_catch_them/turtlesim_catch_them.egg-info/SOURCES.txt'
[1.219s] writing manifest file '../../build/turtlesim_catch_them/turtlesim_catch_them.egg-info/SOURCES.txt'
[1.219s] running build
[1.220s] running build_py
[1.220s] copying turtlesim_catch_them/turtle_controller.py -> /home/nitin/ros2_ws/build/turtlesim_catch_them/build/lib/turtlesim_catch_them
[1.220s] running install
[1.221s] running install_lib
[1.221s] copying /home/nitin/ros2_ws/build/turtlesim_catch_them/build/lib/turtlesim_catch_them/turtle_controller.py -> /home/nitin/ros2_ws/install/turtlesim_catch_them/lib/python3.10/site-packages/turtlesim_catch_them
[1.222s] byte-compiling /home/nitin/ros2_ws/install/turtlesim_catch_them/lib/python3.10/site-packages/turtlesim_catch_them/turtle_controller.py to turtle_controller.cpython-310.pyc
[1.223s] running install_data
[1.223s] running install_egg_info
[1.225s] removing '/home/nitin/ros2_ws/install/turtlesim_catch_them/lib/python3.10/site-packages/turtlesim_catch_them-0.0.0-py3.10.egg-info' (and everything under it)
[1.226s] Copying ../../build/turtlesim_catch_them/turtlesim_catch_them.egg-info to /home/nitin/ros2_ws/install/turtlesim_catch_them/lib/python3.10/site-packages/turtlesim_catch_them-0.0.0-py3.10.egg-info
[1.227s] running install_scripts
[1.251s] Installing turtle_spawn script to /home/nitin/ros2_ws/install/turtlesim_catch_them/lib/turtlesim_catch_them
[1.251s] Installing turtlesim_controller script to /home/nitin/ros2_ws/install/turtlesim_catch_them/lib/turtlesim_catch_them
[1.251s] writing list of installed files to '/home/nitin/ros2_ws/build/turtlesim_catch_them/install.log'
[1.281s] Invoked command in '/home/nitin/ros2_ws/scr/turtlesim_catch_them' returned '0': CMAKE_PREFIX_PATH=/home/nitin/ros2_ws/install/my_robot_interfaces:/home/nitin/nexa_ws/install/serial_motor_demo_msgs:/home/nitin/nexa_ws/install/diffdrive_arduino:/home/nitin/nexa_ws/install/articubot_one:/home/nitin/optimus1_ws/install/serial_motor_demo_msgs:/home/nitin/optimus1_ws/install/serial:/home/nitin/optimus1_ws/install/ldlidar_sl_ros2:/home/nitin/optimus1_ws/install/diffdrive_arduino:/home/nitin/optimus1_ws/install/amr:/home/nitin/ros2_ws/install/my_robot_bringup:/home/nitin/ros2_ws/install/my_cpp_pkg LD_LIBRARY_PATH=/home/nitin/ros2_ws/install/my_robot_interfaces/lib:/home/nitin/nexa_ws/install/serial_motor_demo_msgs/lib:/home/nitin/nexa_ws/install/diffdrive_arduino/lib:/home/nitin/optimus1_ws/install/serial_motor_demo_msgs/lib:/home/nitin/optimus1_ws/install/serial/lib:/home/nitin/optimus1_ws/install/diffdrive_arduino/lib:/opt/ros/humble/opt/rviz_ogre_vendor/lib:/opt/ros/humble/lib/x86_64-linux-gnu:/opt/ros/humble/lib PYTHONPATH=/home/nitin/ros2_ws/build/turtlesim_catch_them/prefix_override:/usr/lib/python3/dist-packages/colcon_core/task/python/colcon_distutils_commands:/home/nitin/ros2_ws/install/turtlesim_catch_them/lib/python3.10/site-packages:${PYTHONPATH} /usr/bin/python3 -W ignore:setup.py install is deprecated setup.py egg_info --egg-base ../../build/turtlesim_catch_them build --build-base /home/nitin/ros2_ws/build/turtlesim_catch_them/build install --record /home/nitin/ros2_ws/build/turtlesim_catch_them/install.log --single-version-externally-managed install_data
