[0.951s] Invoking command in '/home/nitin/ros2_ws/scr/build/turtlesim_catch_them': PYTHONPATH=/home/nitin/ros2_ws/scr/build/turtlesim_catch_them/prefix_override:/home/nitin/ros2_ws/scr/install/turtlesim_catch_them/lib/python3.10/site-packages:${PYTHONPATH} /usr/bin/python3 setup.py develop --editable --build-directory /home/nitin/ros2_ws/scr/build/turtlesim_catch_them/build --no-deps install_data
[1.202s] running develop
[1.345s] running egg_info
[1.345s] creating turtlesim_catch_them.egg-info
[1.345s] writing turtlesim_catch_them.egg-info/PKG-INFO
[1.345s] writing dependency_links to turtlesim_catch_them.egg-info/dependency_links.txt
[1.345s] writing entry points to turtlesim_catch_them.egg-info/entry_points.txt
[1.345s] writing requirements to turtlesim_catch_them.egg-info/requires.txt
[1.345s] writing top-level names to turtlesim_catch_them.egg-info/top_level.txt
[1.346s] writing manifest file 'turtlesim_catch_them.egg-info/SOURCES.txt'
[1.348s] reading manifest file 'turtlesim_catch_them.egg-info/SOURCES.txt'
[1.348s] writing manifest file 'turtlesim_catch_them.egg-info/SOURCES.txt'
[1.349s] running build_ext
[1.350s] Creating /home/nitin/ros2_ws/scr/install/turtlesim_catch_them/lib/python3.10/site-packages/turtlesim-catch-them.egg-link (link to .)
[1.350s] Installing turtle_spawn script to /home/nitin/ros2_ws/scr/install/turtlesim_catch_them/lib/turtlesim_catch_them
[1.350s] Installing turtlesim_controller script to /home/nitin/ros2_ws/scr/install/turtlesim_catch_them/lib/turtlesim_catch_them
[1.351s] 
[1.351s] Installed /home/nitin/ros2_ws/scr/build/turtlesim_catch_them
[1.351s] running install_data
[1.351s] creating /home/nitin/ros2_ws/scr/install/turtlesim_catch_them/share/ament_index
[1.351s] creating /home/nitin/ros2_ws/scr/install/turtlesim_catch_them/share/ament_index/resource_index
[1.351s] creating /home/nitin/ros2_ws/scr/install/turtlesim_catch_them/share/ament_index/resource_index/packages
[1.351s] copying resource/turtlesim_catch_them -> /home/nitin/ros2_ws/scr/install/turtlesim_catch_them/share/ament_index/resource_index/packages
[1.351s] copying package.xml -> /home/nitin/ros2_ws/scr/install/turtlesim_catch_them/share/turtlesim_catch_them
[1.392s] Invoked command in '/home/nitin/ros2_ws/scr/build/turtlesim_catch_them' returned '0': PYTHONPATH=/home/nitin/ros2_ws/scr/build/turtlesim_catch_them/prefix_override:/home/nitin/ros2_ws/scr/install/turtlesim_catch_them/lib/python3.10/site-packages:${PYTHONPATH} /usr/bin/python3 setup.py develop --editable --build-directory /home/nitin/ros2_ws/scr/build/turtlesim_catch_them/build --no-deps install_data
