[0.683s] DEBUG:colcon:Command line arguments: ['/usr/bin/colcon', 'build', '--packages-select', 'my_py_pkg--symlink--install']
[0.683s] DEBUG:colcon:Parsed command line arguments: Namespace(log_base=None, log_level=None, verb_name='build', build_base='build', install_base='install', merge_install=False, symlink_install=False, test_result_base=None, continue_on_error=False, executor='parallel', parallel_workers=16, event_handlers=None, ignore_user_meta=False, metas=['./colcon.meta'], base_paths=['.'], packages_ignore=None, packages_ignore_regex=None, paths=None, packages_up_to=None, packages_up_to_regex=None, packages_above=None, packages_above_and_dependencies=None, packages_above_depth=None, packages_select_by_dep=None, packages_skip_by_dep=None, packages_skip_up_to=None, packages_select_build_failed=False, packages_skip_build_finished=False, packages_select_test_failures=False, packages_skip_test_passed=False, packages_select=['my_py_pkg--symlink--install'], packages_skip=None, packages_select_regex=None, packages_skip_regex=None, packages_start=None, packages_end=None, allow_overriding=[], cmake_args=None, cmake_target=None, cmake_target_skip_unavailable=False, cmake_clean_cache=False, cmake_clean_first=False, cmake_force_configure=False, ament_cmake_args=None, catkin_cmake_args=None, catkin_skip_building_tests=False, verb_parser=<colcon_defaults.argument_parser.defaults.DefaultArgumentsDecorator object at 0x7fa15b81d3c0>, verb_extension=<colcon_core.verb.build.BuildVerb object at 0x7fa15b81fe20>, main=<bound method BuildVerb.main of <colcon_core.verb.build.BuildVerb object at 0x7fa15b81fe20>>)
[0.714s] Level 1:colcon.colcon_core.package_discovery:discover_packages(colcon_meta) check parameters
[0.715s] Level 1:colcon.colcon_core.package_discovery:discover_packages(recursive) check parameters
[0.715s] Level 1:colcon.colcon_core.package_discovery:discover_packages(ignore) check parameters
[0.715s] Level 1:colcon.colcon_core.package_discovery:discover_packages(path) check parameters
[0.715s] Level 1:colcon.colcon_core.package_discovery:discover_packages(colcon_meta) discover
[0.715s] Level 1:colcon.colcon_core.package_discovery:discover_packages(recursive) discover
[0.715s] INFO:colcon.colcon_core.package_discovery:Crawling recursively for packages in '/home/nitin/ros2_ws'
[0.715s] Level 1:colcon.colcon_core.package_identification:_identify(.) by extensions ['ignore', 'ignore_ament_install']
[0.715s] Level 1:colcon.colcon_core.package_identification:_identify(.) by extension 'ignore'
[0.715s] Level 1:colcon.colcon_core.package_identification:_identify(.) by extension 'ignore_ament_install'
[0.715s] Level 1:colcon.colcon_core.package_identification:_identify(.) by extensions ['colcon_pkg']
[0.715s] Level 1:colcon.colcon_core.package_identification:_identify(.) by extension 'colcon_pkg'
[0.715s] Level 1:colcon.colcon_core.package_identification:_identify(.) by extensions ['colcon_meta']
[0.715s] Level 1:colcon.colcon_core.package_identification:_identify(.) by extension 'colcon_meta'
[0.715s] Level 1:colcon.colcon_core.package_identification:_identify(.) by extensions ['ros']
[0.715s] Level 1:colcon.colcon_core.package_identification:_identify(.) by extension 'ros'
[0.723s] Level 1:colcon.colcon_core.package_identification:_identify(.) by extensions ['cmake', 'python']
[0.723s] Level 1:colcon.colcon_core.package_identification:_identify(.) by extension 'cmake'
[0.723s] Level 1:colcon.colcon_core.package_identification:_identify(.) by extension 'python'
[0.723s] Level 1:colcon.colcon_core.package_identification:_identify(.) by extensions ['python_setup_py']
[0.723s] Level 1:colcon.colcon_core.package_identification:_identify(.) by extension 'python_setup_py'
[0.723s] Level 1:colcon.colcon_core.package_identification:_identify(build) by extensions ['ignore', 'ignore_ament_install']
[0.723s] Level 1:colcon.colcon_core.package_identification:_identify(build) by extension 'ignore'
[0.723s] Level 1:colcon.colcon_core.package_identification:_identify(build) ignored
[0.723s] Level 1:colcon.colcon_core.package_identification:_identify(install) by extensions ['ignore', 'ignore_ament_install']
[0.723s] Level 1:colcon.colcon_core.package_identification:_identify(install) by extension 'ignore'
[0.723s] Level 1:colcon.colcon_core.package_identification:_identify(install) ignored
[0.724s] Level 1:colcon.colcon_core.package_identification:_identify(log) by extensions ['ignore', 'ignore_ament_install']
[0.724s] Level 1:colcon.colcon_core.package_identification:_identify(log) by extension 'ignore'
[0.724s] Level 1:colcon.colcon_core.package_identification:_identify(log) ignored
[0.724s] Level 1:colcon.colcon_core.package_identification:_identify(scr) by extensions ['ignore', 'ignore_ament_install']
[0.724s] Level 1:colcon.colcon_core.package_identification:_identify(scr) by extension 'ignore'
[0.724s] Level 1:colcon.colcon_core.package_identification:_identify(scr) by extension 'ignore_ament_install'
[0.724s] Level 1:colcon.colcon_core.package_identification:_identify(scr) by extensions ['colcon_pkg']
[0.724s] Level 1:colcon.colcon_core.package_identification:_identify(scr) by extension 'colcon_pkg'
[0.724s] Level 1:colcon.colcon_core.package_identification:_identify(scr) by extensions ['colcon_meta']
[0.724s] Level 1:colcon.colcon_core.package_identification:_identify(scr) by extension 'colcon_meta'
[0.724s] Level 1:colcon.colcon_core.package_identification:_identify(scr) by extensions ['ros']
[0.724s] Level 1:colcon.colcon_core.package_identification:_identify(scr) by extension 'ros'
[0.724s] Level 1:colcon.colcon_core.package_identification:_identify(scr) by extensions ['cmake', 'python']
[0.724s] Level 1:colcon.colcon_core.package_identification:_identify(scr) by extension 'cmake'
[0.724s] Level 1:colcon.colcon_core.package_identification:_identify(scr) by extension 'python'
[0.724s] Level 1:colcon.colcon_core.package_identification:_identify(scr) by extensions ['python_setup_py']
[0.724s] Level 1:colcon.colcon_core.package_identification:_identify(scr) by extension 'python_setup_py'
[0.724s] Level 1:colcon.colcon_core.package_identification:_identify(scr/build) by extensions ['ignore', 'ignore_ament_install']
[0.724s] Level 1:colcon.colcon_core.package_identification:_identify(scr/build) by extension 'ignore'
[0.724s] Level 1:colcon.colcon_core.package_identification:_identify(scr/build) ignored
[0.724s] Level 1:colcon.colcon_core.package_identification:_identify(scr/install) by extensions ['ignore', 'ignore_ament_install']
[0.724s] Level 1:colcon.colcon_core.package_identification:_identify(scr/install) by extension 'ignore'
[0.724s] Level 1:colcon.colcon_core.package_identification:_identify(scr/install) ignored
[0.724s] Level 1:colcon.colcon_core.package_identification:_identify(scr/log) by extensions ['ignore', 'ignore_ament_install']
[0.725s] Level 1:colcon.colcon_core.package_identification:_identify(scr/log) by extension 'ignore'
[0.725s] Level 1:colcon.colcon_core.package_identification:_identify(scr/log) ignored
[0.725s] Level 1:colcon.colcon_core.package_identification:_identify(scr/my_cpp_pkg) by extensions ['ignore', 'ignore_ament_install']
[0.725s] Level 1:colcon.colcon_core.package_identification:_identify(scr/my_cpp_pkg) by extension 'ignore'
[0.725s] Level 1:colcon.colcon_core.package_identification:_identify(scr/my_cpp_pkg) by extension 'ignore_ament_install'
[0.725s] Level 1:colcon.colcon_core.package_identification:_identify(scr/my_cpp_pkg) by extensions ['colcon_pkg']
[0.725s] Level 1:colcon.colcon_core.package_identification:_identify(scr/my_cpp_pkg) by extension 'colcon_pkg'
[0.725s] Level 1:colcon.colcon_core.package_identification:_identify(scr/my_cpp_pkg) by extensions ['colcon_meta']
[0.725s] Level 1:colcon.colcon_core.package_identification:_identify(scr/my_cpp_pkg) by extension 'colcon_meta'
[0.725s] Level 1:colcon.colcon_core.package_identification:_identify(scr/my_cpp_pkg) by extensions ['ros']
[0.725s] Level 1:colcon.colcon_core.package_identification:_identify(scr/my_cpp_pkg) by extension 'ros'
[0.727s] DEBUG:colcon.colcon_core.package_identification:Package 'scr/my_cpp_pkg' with type 'ros.ament_cmake' and name 'my_cpp_pkg'
[0.727s] Level 1:colcon.colcon_core.package_identification:_identify(scr/my_py_pkg) by extensions ['ignore', 'ignore_ament_install']
[0.727s] Level 1:colcon.colcon_core.package_identification:_identify(scr/my_py_pkg) by extension 'ignore'
[0.727s] Level 1:colcon.colcon_core.package_identification:_identify(scr/my_py_pkg) by extension 'ignore_ament_install'
[0.727s] Level 1:colcon.colcon_core.package_identification:_identify(scr/my_py_pkg) by extensions ['colcon_pkg']
[0.727s] Level 1:colcon.colcon_core.package_identification:_identify(scr/my_py_pkg) by extension 'colcon_pkg'
[0.727s] Level 1:colcon.colcon_core.package_identification:_identify(scr/my_py_pkg) by extensions ['colcon_meta']
[0.727s] Level 1:colcon.colcon_core.package_identification:_identify(scr/my_py_pkg) by extension 'colcon_meta'
[0.727s] Level 1:colcon.colcon_core.package_identification:_identify(scr/my_py_pkg) by extensions ['ros']
[0.727s] Level 1:colcon.colcon_core.package_identification:_identify(scr/my_py_pkg) by extension 'ros'
[0.727s] DEBUG:colcon.colcon_core.package_identification:Package 'scr/my_py_pkg' with type 'ros.ament_python' and name 'my_py_pkg'
[0.727s] Level 1:colcon.colcon_core.package_discovery:discover_packages(recursive) using defaults
[0.727s] Level 1:colcon.colcon_core.package_discovery:discover_packages(ignore) discover
[0.727s] Level 1:colcon.colcon_core.package_discovery:discover_packages(ignore) using defaults
[0.727s] Level 1:colcon.colcon_core.package_discovery:discover_packages(path) discover
[0.727s] Level 1:colcon.colcon_core.package_discovery:discover_packages(path) using defaults
[0.737s] WARNING:colcon.colcon_core.package_selection:ignoring unknown package 'my_py_pkg--symlink--install' in --packages-select
[0.773s] INFO:colcon.colcon_core.package_selection:Skipping not selected package 'my_cpp_pkg' in 'scr/my_cpp_pkg'
[0.773s] INFO:colcon.colcon_core.package_selection:Skipping not selected package 'my_py_pkg' in 'scr/my_py_pkg'
[0.793s] Level 1:colcon.colcon_core.package_discovery:discover_packages(prefix_path) check parameters
[0.793s] Level 1:colcon.colcon_core.package_discovery:discover_packages(prefix_path) discover
[0.813s] DEBUG:colcon.colcon_installed_package_information.package_discovery:Found 2 installed packages in /home/nitin/ros2_ws/install
[0.823s] DEBUG:colcon.colcon_installed_package_information.package_discovery:Found 270 installed packages in /opt/ros/humble
[0.824s] Level 1:colcon.colcon_core.package_discovery:discover_packages(prefix_path) using defaults
[0.906s] INFO:colcon.colcon_core.executor:Executing jobs using 'parallel' executor
[0.917s] DEBUG:colcon.colcon_parallel_executor.executor.parallel:run_until_complete
[0.917s] DEBUG:colcon.colcon_parallel_executor.executor.parallel:closing loop
[0.917s] DEBUG:colcon.colcon_parallel_executor.executor.parallel:loop closed
[0.917s] DEBUG:colcon.colcon_parallel_executor.executor.parallel:run_until_complete finished with '0'
[0.917s] DEBUG:colcon.colcon_core.event_reactor:joining thread
[0.960s] INFO:colcon.colcon_core.plugin_system:Skipping extension 'colcon_notification.desktop_notification.terminal_notifier': Not used on non-Darwin systems
[0.960s] INFO:colcon.colcon_core.plugin_system:Skipping extension 'colcon_notification.desktop_notification.win32': Not used on non-Windows systems
[0.960s] INFO:colcon.colcon_notification.desktop_notification:Sending desktop notification using 'notify2'
[0.986s] DEBUG:colcon.colcon_core.event_reactor:joined thread
[1.002s] INFO:colcon.colcon_core.plugin_system:Skipping extension 'colcon_core.shell.bat': Not used on non-Windows systems
[1.002s] INFO:colcon.colcon_core.shell:Creating prefix script '/home/nitin/ros2_ws/install/local_setup.ps1'
[1.003s] INFO:colcon.colcon_core.shell:Creating prefix util module '/home/nitin/ros2_ws/install/_local_setup_util_ps1.py'
[1.004s] INFO:colcon.colcon_core.shell:Creating prefix chain script '/home/nitin/ros2_ws/install/setup.ps1'
[1.016s] INFO:colcon.colcon_core.shell:Creating prefix script '/home/nitin/ros2_ws/install/local_setup.sh'
[1.016s] INFO:colcon.colcon_core.shell:Creating prefix util module '/home/nitin/ros2_ws/install/_local_setup_util_sh.py'
[1.016s] INFO:colcon.colcon_core.shell:Creating prefix chain script '/home/nitin/ros2_ws/install/setup.sh'
[1.027s] INFO:colcon.colcon_core.shell:Creating prefix script '/home/nitin/ros2_ws/install/local_setup.bash'
[1.027s] INFO:colcon.colcon_core.shell:Creating prefix chain script '/home/nitin/ros2_ws/install/setup.bash'
[1.038s] INFO:colcon.colcon_core.shell:Creating prefix script '/home/nitin/ros2_ws/install/local_setup.zsh'
[1.038s] INFO:colcon.colcon_core.shell:Creating prefix chain script '/home/nitin/ros2_ws/install/setup.zsh'
