[0.299s] Invoking command in '/home/nitin/ros2_ws/build/my_cpp_pkg': CMAKE_PREFIX_PATH=/home/nitin/ros2_ws/install/my_py_pkg:/home/nitin/ros2_ws/install/my-py-pkg:/opt/ros/humble /usr/bin/cmake /home/nitin/ros2_ws/scr/my_cpp_pkg -DCMAKE_INSTALL_PREFIX=/home/nitin/ros2_ws/install/my_cpp_pkg
[0.426s] -- The C compiler identification is GNU 11.4.0
[0.516s] -- The CXX compiler identification is GNU 11.4.0
[0.524s] -- Detecting C compiler ABI info
[0.582s] -- Detecting C compiler ABI info - done
[0.588s] -- Check for working C compiler: /usr/bin/cc - skipped
[0.588s] -- Detecting C compile features
[0.588s] -- Detecting C compile features - done
[0.592s] -- Detecting CXX compiler ABI info
[0.650s] -- Detecting CXX compiler ABI info - done
[0.656s] -- Check for working CXX compiler: /usr/bin/c++ - skipped
[0.656s] -- Detecting CXX compile features
[0.656s] -- Detecting CXX compile features - done
[0.662s] -- Found ament_cmake: 1.3.6 (/opt/ros/humble/share/ament_cmake/cmake)
[0.797s] -- Found Python3: /usr/bin/python3.10 (found version "3.10.12") found components: Interpreter 
[0.897s] -- Found rclcpp: 16.0.7 (/opt/ros/humble/share/rclcpp/cmake)
[0.936s] -- Found rosidl_generator_c: 3.1.5 (/opt/ros/humble/share/rosidl_generator_c/cmake)
[0.941s] -- Found rosidl_adapter: 3.1.5 (/opt/ros/humble/share/rosidl_adapter/cmake)
[0.949s] -- Found rosidl_generator_cpp: 3.1.5 (/opt/ros/humble/share/rosidl_generator_cpp/cmake)
[0.962s] -- Using all available rosidl_typesupport_c: rosidl_typesupport_fastrtps_c;rosidl_typesupport_introspection_c
[0.980s] -- Using all available rosidl_typesupport_cpp: rosidl_typesupport_fastrtps_cpp;rosidl_typesupport_introspection_cpp
[1.038s] -- Found rmw_implementation_cmake: 6.1.1 (/opt/ros/humble/share/rmw_implementation_cmake/cmake)
[1.040s] -- Found rmw_fastrtps_cpp: 6.2.5 (/opt/ros/humble/share/rmw_fastrtps_cpp/cmake)
[1.119s] -- Found OpenSSL: /usr/lib/x86_64-linux-gnu/libcrypto.so (found version "3.0.2")  
[1.136s] -- Found FastRTPS: /opt/ros/humble/include  
[1.165s] -- Using RMW implementation 'rmw_fastrtps_cpp' as default
[1.174s] -- Looking for pthread.h
[1.253s] -- Looking for pthread.h - found
[1.253s] -- Performing Test CMAKE_HAVE_LIBC_PTHREAD
[1.322s] -- Performing Test CMAKE_HAVE_LIBC_PTHREAD - Success
[1.323s] -- Found Threads: TRUE  
[1.460s] -- Found ament_lint_auto: 0.12.9 (/opt/ros/humble/share/ament_lint_auto/cmake)
[1.548s] -- Added test 'lint_cmake' to check CMake code style
[1.549s] -- Added test 'xmllint' to check XML markup files
[1.550s] -- Configuring done
[1.553s] -- Generating done
[1.553s] -- Build files have been written to: /home/nitin/ros2_ws/build/my_cpp_pkg
[1.559s] Invoked command in '/home/nitin/ros2_ws/build/my_cpp_pkg' returned '0': CMAKE_PREFIX_PATH=/home/nitin/ros2_ws/install/my_py_pkg:/home/nitin/ros2_ws/install/my-py-pkg:/opt/ros/humble /usr/bin/cmake /home/nitin/ros2_ws/scr/my_cpp_pkg -DCMAKE_INSTALL_PREFIX=/home/nitin/ros2_ws/install/my_cpp_pkg
[1.561s] Invoking command in '/home/nitin/ros2_ws/build/my_cpp_pkg': CMAKE_PREFIX_PATH=/home/nitin/ros2_ws/install/my_py_pkg:/home/nitin/ros2_ws/install/my-py-pkg:/opt/ros/humble /usr/bin/cmake --build /home/nitin/ros2_ws/build/my_cpp_pkg -- -j16 -l16
[1.603s] Invoked command in '/home/nitin/ros2_ws/build/my_cpp_pkg' returned '0': CMAKE_PREFIX_PATH=/home/nitin/ros2_ws/install/my_py_pkg:/home/nitin/ros2_ws/install/my-py-pkg:/opt/ros/humble /usr/bin/cmake --build /home/nitin/ros2_ws/build/my_cpp_pkg -- -j16 -l16
[1.629s] Invoking command in '/home/nitin/ros2_ws/build/my_cpp_pkg': CMAKE_PREFIX_PATH=/home/nitin/ros2_ws/install/my_py_pkg:/home/nitin/ros2_ws/install/my-py-pkg:/opt/ros/humble /usr/bin/cmake --install /home/nitin/ros2_ws/build/my_cpp_pkg
[1.633s] -- Install configuration: ""
[1.633s] -- Installing: /home/nitin/ros2_ws/install/my_cpp_pkg/share/ament_index/resource_index/package_run_dependencies/my_cpp_pkg
[1.633s] -- Installing: /home/nitin/ros2_ws/install/my_cpp_pkg/share/ament_index/resource_index/parent_prefix_path/my_cpp_pkg
[1.633s] -- Installing: /home/nitin/ros2_ws/install/my_cpp_pkg/share/my_cpp_pkg/environment/ament_prefix_path.sh
[1.633s] -- Installing: /home/nitin/ros2_ws/install/my_cpp_pkg/share/my_cpp_pkg/environment/ament_prefix_path.dsv
[1.633s] -- Installing: /home/nitin/ros2_ws/install/my_cpp_pkg/share/my_cpp_pkg/environment/path.sh
[1.633s] -- Installing: /home/nitin/ros2_ws/install/my_cpp_pkg/share/my_cpp_pkg/environment/path.dsv
[1.633s] -- Installing: /home/nitin/ros2_ws/install/my_cpp_pkg/share/my_cpp_pkg/local_setup.bash
[1.633s] -- Installing: /home/nitin/ros2_ws/install/my_cpp_pkg/share/my_cpp_pkg/local_setup.sh
[1.634s] -- Installing: /home/nitin/ros2_ws/install/my_cpp_pkg/share/my_cpp_pkg/local_setup.zsh
[1.634s] -- Installing: /home/nitin/ros2_ws/install/my_cpp_pkg/share/my_cpp_pkg/local_setup.dsv
[1.634s] -- Installing: /home/nitin/ros2_ws/install/my_cpp_pkg/share/my_cpp_pkg/package.dsv
[1.634s] -- Installing: /home/nitin/ros2_ws/install/my_cpp_pkg/share/ament_index/resource_index/packages/my_cpp_pkg
[1.634s] -- Installing: /home/nitin/ros2_ws/install/my_cpp_pkg/share/my_cpp_pkg/cmake/my_cpp_pkgConfig.cmake
[1.634s] -- Installing: /home/nitin/ros2_ws/install/my_cpp_pkg/share/my_cpp_pkg/cmake/my_cpp_pkgConfig-version.cmake
[1.634s] -- Installing: /home/nitin/ros2_ws/install/my_cpp_pkg/share/my_cpp_pkg/package.xml
[1.635s] Invoked command in '/home/nitin/ros2_ws/build/my_cpp_pkg' returned '0': CMAKE_PREFIX_PATH=/home/nitin/ros2_ws/install/my_py_pkg:/home/nitin/ros2_ws/install/my-py-pkg:/opt/ros/humble /usr/bin/cmake --install /home/nitin/ros2_ws/build/my_cpp_pkg
