[0.549s] Invoking command in '/home/nitin/ros2_ws/my_py_pkg': PYTHONPATH=/home/nitin/ros2_ws/build/my_py_pkg/prefix_override:/home/nitin/ros2_ws/install/my_py_pkg/lib/python3.10/site-packages:${PYTHONPATH} /usr/bin/python3 setup.py egg_info --egg-base ../build/my_py_pkg build --build-base /home/nitin/ros2_ws/build/my_py_pkg/build install --record /home/nitin/ros2_ws/build/my_py_pkg/install.log --single-version-externally-managed
[0.703s] running egg_info
[0.703s] creating ../build/my_py_pkg/my_py_pkg.egg-info
[0.703s] writing ../build/my_py_pkg/my_py_pkg.egg-info/PKG-INFO
[0.703s] writing dependency_links to ../build/my_py_pkg/my_py_pkg.egg-info/dependency_links.txt
[0.703s] writing entry points to ../build/my_py_pkg/my_py_pkg.egg-info/entry_points.txt
[0.703s] writing requirements to ../build/my_py_pkg/my_py_pkg.egg-info/requires.txt
[0.703s] writing top-level names to ../build/my_py_pkg/my_py_pkg.egg-info/top_level.txt
[0.703s] writing manifest file '../build/my_py_pkg/my_py_pkg.egg-info/SOURCES.txt'
[0.704s] reading manifest file '../build/my_py_pkg/my_py_pkg.egg-info/SOURCES.txt'
[0.704s] writing manifest file '../build/my_py_pkg/my_py_pkg.egg-info/SOURCES.txt'
[0.704s] running build
[0.705s] running build_py
[0.705s] creating /home/nitin/ros2_ws/build/my_py_pkg/build
[0.705s] creating /home/nitin/ros2_ws/build/my_py_pkg/build/lib
[0.705s] creating /home/nitin/ros2_ws/build/my_py_pkg/build/lib/my_py_pkg
[0.705s] copying my_py_pkg/__init__.py -> /home/nitin/ros2_ws/build/my_py_pkg/build/lib/my_py_pkg
[0.705s] running install
[0.706s] /usr/lib/python3/dist-packages/setuptools/command/install.py:34: SetuptoolsDeprecationWarning: setup.py install is deprecated. Use build and pip and other standards-based tools.
[0.706s]   warnings.warn(
[0.706s] running install_lib
[0.706s] creating /home/nitin/ros2_ws/install/my_py_pkg/lib/python3.10/site-packages/my_py_pkg
[0.706s] copying /home/nitin/ros2_ws/build/my_py_pkg/build/lib/my_py_pkg/__init__.py -> /home/nitin/ros2_ws/install/my_py_pkg/lib/python3.10/site-packages/my_py_pkg
[0.707s] byte-compiling /home/nitin/ros2_ws/install/my_py_pkg/lib/python3.10/site-packages/my_py_pkg/__init__.py to __init__.cpython-310.pyc
[0.707s] running install_data
[0.707s] creating /home/nitin/ros2_ws/install/my_py_pkg/share/ament_index
[0.707s] creating /home/nitin/ros2_ws/install/my_py_pkg/share/ament_index/resource_index
[0.707s] creating /home/nitin/ros2_ws/install/my_py_pkg/share/ament_index/resource_index/packages
[0.707s] copying resource/my_py_pkg -> /home/nitin/ros2_ws/install/my_py_pkg/share/ament_index/resource_index/packages
[0.707s] copying package.xml -> /home/nitin/ros2_ws/install/my_py_pkg/share/my_py_pkg
[0.707s] running install_egg_info
[0.708s] Copying ../build/my_py_pkg/my_py_pkg.egg-info to /home/nitin/ros2_ws/install/my_py_pkg/lib/python3.10/site-packages/my_py_pkg-0.0.0-py3.10.egg-info
[0.709s] running install_scripts
[0.722s] writing list of installed files to '/home/nitin/ros2_ws/build/my_py_pkg/install.log'
[0.742s] Invoked command in '/home/nitin/ros2_ws/my_py_pkg' returned '0': PYTHONPATH=/home/nitin/ros2_ws/build/my_py_pkg/prefix_override:/home/nitin/ros2_ws/install/my_py_pkg/lib/python3.10/site-packages:${PYTHONPATH} /usr/bin/python3 setup.py egg_info --egg-base ../build/my_py_pkg build --build-base /home/nitin/ros2_ws/build/my_py_pkg/build install --record /home/nitin/ros2_ws/build/my_py_pkg/install.log --single-version-externally-managed
