[0.053s] Invoking command in '/home/nitin/ros2_ws/build/my_robot_bringup': AMENT_PREFIX_PATH=/home/nitin/ros2_ws/install/my_py_pkg:/home/nitin/ros2_ws/install/my_robot_bringup:/home/nitin/ros2_ws/install/my_robot_interfaces:/home/nitin/ros2_ws/install/my_cpp_pkg:/opt/ros/humble CMAKE_PREFIX_PATH=/home/nitin/ros2_ws/install/my_robot_interfaces:/home/nitin/ros2_ws/install/my_cpp_pkg:/home/nitin/ros2_ws/install/my_robot_bringup:/home/nitin/ros2_ws/install/my_py_pkg:/opt/ros/humble /usr/bin/cmake --build /home/nitin/ros2_ws/build/my_robot_bringup -- -j16 -l16
[0.091s] Invoked command in '/home/nitin/ros2_ws/build/my_robot_bringup' returned '0': AMENT_PREFIX_PATH=/home/nitin/ros2_ws/install/my_py_pkg:/home/nitin/ros2_ws/install/my_robot_bringup:/home/nitin/ros2_ws/install/my_robot_interfaces:/home/nitin/ros2_ws/install/my_cpp_pkg:/opt/ros/humble CMAKE_PREFIX_PATH=/home/nitin/ros2_ws/install/my_robot_interfaces:/home/nitin/ros2_ws/install/my_cpp_pkg:/home/nitin/ros2_ws/install/my_robot_bringup:/home/nitin/ros2_ws/install/my_py_pkg:/opt/ros/humble /usr/bin/cmake --build /home/nitin/ros2_ws/build/my_robot_bringup -- -j16 -l16
[0.119s] Invoking command in '/home/nitin/ros2_ws/build/my_robot_bringup': AMENT_PREFIX_PATH=/home/nitin/ros2_ws/install/my_py_pkg:/home/nitin/ros2_ws/install/my_robot_bringup:/home/nitin/ros2_ws/install/my_robot_interfaces:/home/nitin/ros2_ws/install/my_cpp_pkg:/opt/ros/humble CMAKE_PREFIX_PATH=/home/nitin/ros2_ws/install/my_robot_interfaces:/home/nitin/ros2_ws/install/my_cpp_pkg:/home/nitin/ros2_ws/install/my_robot_bringup:/home/nitin/ros2_ws/install/my_py_pkg:/opt/ros/humble /usr/bin/cmake --install /home/nitin/ros2_ws/build/my_robot_bringup
[0.128s] -- Install configuration: ""
[0.129s] -- Execute custom install script
[0.129s] -- Up-to-date symlink: /home/nitin/ros2_ws/install/my_robot_bringup/share/my_robot_bringup/launch/number_app.launch.py
[0.129s] -- Symlinking: /home/nitin/ros2_ws/install/my_robot_bringup/share/my_robot_bringup/launch/smartphone_app.launch.py
[0.137s] -- Up-to-date symlink: /home/nitin/ros2_ws/install/my_robot_bringup/share/ament_index/resource_index/package_run_dependencies/my_robot_bringup
[0.137s] -- Up-to-date symlink: /home/nitin/ros2_ws/install/my_robot_bringup/share/ament_index/resource_index/parent_prefix_path/my_robot_bringup
[0.137s] -- Up-to-date symlink: /home/nitin/ros2_ws/install/my_robot_bringup/share/my_robot_bringup/environment/ament_prefix_path.sh
[0.137s] -- Up-to-date symlink: /home/nitin/ros2_ws/install/my_robot_bringup/share/my_robot_bringup/environment/ament_prefix_path.dsv
[0.138s] -- Up-to-date symlink: /home/nitin/ros2_ws/install/my_robot_bringup/share/my_robot_bringup/environment/path.sh
[0.138s] -- Up-to-date symlink: /home/nitin/ros2_ws/install/my_robot_bringup/share/my_robot_bringup/environment/path.dsv
[0.138s] -- Up-to-date symlink: /home/nitin/ros2_ws/install/my_robot_bringup/share/my_robot_bringup/local_setup.bash
[0.138s] -- Up-to-date symlink: /home/nitin/ros2_ws/install/my_robot_bringup/share/my_robot_bringup/local_setup.sh
[0.138s] -- Up-to-date symlink: /home/nitin/ros2_ws/install/my_robot_bringup/share/my_robot_bringup/local_setup.zsh
[0.138s] -- Up-to-date symlink: /home/nitin/ros2_ws/install/my_robot_bringup/share/my_robot_bringup/local_setup.dsv
[0.138s] -- Symlinking: /home/nitin/ros2_ws/install/my_robot_bringup/share/my_robot_bringup/package.dsv
[0.143s] -- Up-to-date symlink: /home/nitin/ros2_ws/install/my_robot_bringup/share/ament_index/resource_index/packages/my_robot_bringup
[0.143s] -- Up-to-date symlink: /home/nitin/ros2_ws/install/my_robot_bringup/share/my_robot_bringup/cmake/my_robot_bringupConfig.cmake
[0.143s] -- Up-to-date symlink: /home/nitin/ros2_ws/install/my_robot_bringup/share/my_robot_bringup/cmake/my_robot_bringupConfig-version.cmake
[0.143s] -- Up-to-date symlink: /home/nitin/ros2_ws/install/my_robot_bringup/share/my_robot_bringup/package.xml
[0.146s] Invoked command in '/home/nitin/ros2_ws/build/my_robot_bringup' returned '0': AMENT_PREFIX_PATH=/home/nitin/ros2_ws/install/my_py_pkg:/home/nitin/ros2_ws/install/my_robot_bringup:/home/nitin/ros2_ws/install/my_robot_interfaces:/home/nitin/ros2_ws/install/my_cpp_pkg:/opt/ros/humble CMAKE_PREFIX_PATH=/home/nitin/ros2_ws/install/my_robot_interfaces:/home/nitin/ros2_ws/install/my_cpp_pkg:/home/nitin/ros2_ws/install/my_robot_bringup:/home/nitin/ros2_ws/install/my_py_pkg:/opt/ros/humble /usr/bin/cmake --install /home/nitin/ros2_ws/build/my_robot_bringup
