[0.574s] Invoking command in '/home/nitin/ros2_ws/scr/my_py_pkg': PYTHONPATH=/home/nitin/ros2_ws/build/my_py_pkg/prefix_override:/home/nitin/ros2_ws/install/my_py_pkg/lib/python3.10/site-packages:${PYTHONPATH} /usr/bin/python3 setup.py egg_info --egg-base ../../build/my_py_pkg build --build-base /home/nitin/ros2_ws/build/my_py_pkg/build install --record /home/nitin/ros2_ws/build/my_py_pkg/install.log --single-version-externally-managed
[0.749s] running egg_info
[0.749s] writing ../../build/my_py_pkg/my_py_pkg.egg-info/PKG-INFO
[0.749s] writing dependency_links to ../../build/my_py_pkg/my_py_pkg.egg-info/dependency_links.txt
[0.749s] writing entry points to ../../build/my_py_pkg/my_py_pkg.egg-info/entry_points.txt
[0.749s] writing requirements to ../../build/my_py_pkg/my_py_pkg.egg-info/requires.txt
[0.749s] writing top-level names to ../../build/my_py_pkg/my_py_pkg.egg-info/top_level.txt
[0.751s] reading manifest file '../../build/my_py_pkg/my_py_pkg.egg-info/SOURCES.txt'
[0.751s] writing manifest file '../../build/my_py_pkg/my_py_pkg.egg-info/SOURCES.txt'
[0.751s] running build
[0.751s] running build_py
[0.752s] copying my_py_pkg/baterry.py -> /home/nitin/ros2_ws/build/my_py_pkg/build/lib/my_py_pkg
[0.752s] running install
[0.752s] running install_lib
[0.753s] copying /home/nitin/ros2_ws/build/my_py_pkg/build/lib/my_py_pkg/baterry.py -> /home/nitin/ros2_ws/install/my_py_pkg/lib/python3.10/site-packages/my_py_pkg
[0.753s] byte-compiling /home/nitin/ros2_ws/install/my_py_pkg/lib/python3.10/site-packages/my_py_pkg/baterry.py to baterry.cpython-310.pyc
[0.754s] running install_data
[0.754s] running install_egg_info
[0.755s] removing '/home/nitin/ros2_ws/install/my_py_pkg/lib/python3.10/site-packages/my_py_pkg-0.0.0-py3.10.egg-info' (and everything under it)
[0.756s] Copying ../../build/my_py_pkg/my_py_pkg.egg-info to /home/nitin/ros2_ws/install/my_py_pkg/lib/python3.10/site-packages/my_py_pkg-0.0.0-py3.10.egg-info
[0.756s] running install_scripts
[0.771s] Installing add_two_ints_client script to /home/nitin/ros2_ws/install/my_py_pkg/lib/my_py_pkg
[0.771s] Installing add_two_ints_client_no_oop script to /home/nitin/ros2_ws/install/my_py_pkg/lib/my_py_pkg
[0.771s] Installing add_two_ints_server script to /home/nitin/ros2_ws/install/my_py_pkg/lib/my_py_pkg
[0.771s] Installing baterry script to /home/nitin/ros2_ws/install/my_py_pkg/lib/my_py_pkg
[0.771s] Installing hw_status_publisher script to /home/nitin/ros2_ws/install/my_py_pkg/lib/my_py_pkg
[0.771s] Installing led_panel script to /home/nitin/ros2_ws/install/my_py_pkg/lib/my_py_pkg
[0.771s] Installing number_counter script to /home/nitin/ros2_ws/install/my_py_pkg/lib/my_py_pkg
[0.771s] Installing number_publisher script to /home/nitin/ros2_ws/install/my_py_pkg/lib/my_py_pkg
[0.771s] Installing py_node script to /home/nitin/ros2_ws/install/my_py_pkg/lib/my_py_pkg
[0.771s] Installing robot_news_station script to /home/nitin/ros2_ws/install/my_py_pkg/lib/my_py_pkg
[0.771s] Installing smartphone script to /home/nitin/ros2_ws/install/my_py_pkg/lib/my_py_pkg
[0.772s] writing list of installed files to '/home/nitin/ros2_ws/build/my_py_pkg/install.log'
[0.794s] Invoked command in '/home/nitin/ros2_ws/scr/my_py_pkg' returned '0': PYTHONPATH=/home/nitin/ros2_ws/build/my_py_pkg/prefix_override:/home/nitin/ros2_ws/install/my_py_pkg/lib/python3.10/site-packages:${PYTHONPATH} /usr/bin/python3 setup.py egg_info --egg-base ../../build/my_py_pkg build --build-base /home/nitin/ros2_ws/build/my_py_pkg/build install --record /home/nitin/ros2_ws/build/my_py_pkg/install.log --single-version-externally-managed
