[0.640s] DEBUG:colcon:Command line arguments: ['/usr/bin/colcon', 'build', '--packages-select', 'turtlesim_catch_them', '--symlink-install']
[0.640s] DEBUG:colcon:Parsed command line arguments: Namespace(log_base=None, log_level=None, verb_name='build', build_base='build', install_base='install', merge_install=False, symlink_install=True, test_result_base=None, continue_on_error=False, executor='parallel', parallel_workers=16, event_handlers=None, ignore_user_meta=False, metas=['./colcon.meta'], base_paths=['.'], packages_ignore=None, packages_ignore_regex=None, paths=None, packages_up_to=None, packages_up_to_regex=None, packages_above=None, packages_above_and_dependencies=None, packages_above_depth=None, packages_select_by_dep=None, packages_skip_by_dep=None, packages_skip_up_to=None, packages_select_build_failed=False, packages_skip_build_finished=False, packages_select_test_failures=False, packages_skip_test_passed=False, packages_select=['turtlesim_catch_them'], packages_skip=None, packages_select_regex=None, packages_skip_regex=None, packages_start=None, packages_end=None, allow_overriding=[], cmake_args=None, cmake_target=None, cmake_target_skip_unavailable=False, cmake_clean_cache=False, cmake_clean_first=False, cmake_force_configure=False, ament_cmake_args=None, catkin_cmake_args=None, catkin_skip_building_tests=False, verb_parser=<colcon_defaults.argument_parser.defaults.DefaultArgumentsDecorator object at 0x7f95fcc39c30>, verb_extension=<colcon_core.verb.build.BuildVerb object at 0x7f95fcc3be50>, main=<bound method BuildVerb.main of <colcon_core.verb.build.BuildVerb object at 0x7f95fcc3be50>>)
[0.724s] Level 1:colcon.colcon_core.package_discovery:discover_packages(colcon_meta) check parameters
[0.724s] Level 1:colcon.colcon_core.package_discovery:discover_packages(recursive) check parameters
[0.724s] Level 1:colcon.colcon_core.package_discovery:discover_packages(ignore) check parameters
[0.724s] Level 1:colcon.colcon_core.package_discovery:discover_packages(path) check parameters
[0.724s] Level 1:colcon.colcon_core.package_discovery:discover_packages(colcon_meta) discover
[0.724s] Level 1:colcon.colcon_core.package_discovery:discover_packages(recursive) discover
[0.724s] INFO:colcon.colcon_core.package_discovery:Crawling recursively for packages in '/home/nitin/ROS2/ros2_ws'
[0.724s] Level 1:colcon.colcon_core.package_identification:_identify(.) by extensions ['ignore', 'ignore_ament_install']
[0.724s] Level 1:colcon.colcon_core.package_identification:_identify(.) by extension 'ignore'
[0.724s] Level 1:colcon.colcon_core.package_identification:_identify(.) by extension 'ignore_ament_install'
[0.724s] Level 1:colcon.colcon_core.package_identification:_identify(.) by extensions ['colcon_pkg']
[0.724s] Level 1:colcon.colcon_core.package_identification:_identify(.) by extension 'colcon_pkg'
[0.724s] Level 1:colcon.colcon_core.package_identification:_identify(.) by extensions ['colcon_meta']
[0.724s] Level 1:colcon.colcon_core.package_identification:_identify(.) by extension 'colcon_meta'
[0.724s] Level 1:colcon.colcon_core.package_identification:_identify(.) by extensions ['ros']
[0.724s] Level 1:colcon.colcon_core.package_identification:_identify(.) by extension 'ros'
[0.731s] Level 1:colcon.colcon_core.package_identification:_identify(.) by extensions ['cmake', 'python']
[0.731s] Level 1:colcon.colcon_core.package_identification:_identify(.) by extension 'cmake'
[0.731s] Level 1:colcon.colcon_core.package_identification:_identify(.) by extension 'python'
[0.731s] Level 1:colcon.colcon_core.package_identification:_identify(.) by extensions ['python_setup_py']
[0.731s] Level 1:colcon.colcon_core.package_identification:_identify(.) by extension 'python_setup_py'
[0.731s] Level 1:colcon.colcon_core.package_identification:_identify(build) by extensions ['ignore', 'ignore_ament_install']
[0.731s] Level 1:colcon.colcon_core.package_identification:_identify(build) by extension 'ignore'
[0.731s] Level 1:colcon.colcon_core.package_identification:_identify(build) ignored
[0.731s] Level 1:colcon.colcon_core.package_identification:_identify(install) by extensions ['ignore', 'ignore_ament_install']
[0.731s] Level 1:colcon.colcon_core.package_identification:_identify(install) by extension 'ignore'
[0.731s] Level 1:colcon.colcon_core.package_identification:_identify(install) ignored
[0.731s] Level 1:colcon.colcon_core.package_identification:_identify(log) by extensions ['ignore', 'ignore_ament_install']
[0.732s] Level 1:colcon.colcon_core.package_identification:_identify(log) by extension 'ignore'
[0.732s] Level 1:colcon.colcon_core.package_identification:_identify(log) ignored
[0.732s] Level 1:colcon.colcon_core.package_identification:_identify(scr) by extensions ['ignore', 'ignore_ament_install']
[0.732s] Level 1:colcon.colcon_core.package_identification:_identify(scr) by extension 'ignore'
[0.732s] Level 1:colcon.colcon_core.package_identification:_identify(scr) by extension 'ignore_ament_install'
[0.732s] Level 1:colcon.colcon_core.package_identification:_identify(scr) by extensions ['colcon_pkg']
[0.732s] Level 1:colcon.colcon_core.package_identification:_identify(scr) by extension 'colcon_pkg'
[0.732s] Level 1:colcon.colcon_core.package_identification:_identify(scr) by extensions ['colcon_meta']
[0.732s] Level 1:colcon.colcon_core.package_identification:_identify(scr) by extension 'colcon_meta'
[0.732s] Level 1:colcon.colcon_core.package_identification:_identify(scr) by extensions ['ros']
[0.732s] Level 1:colcon.colcon_core.package_identification:_identify(scr) by extension 'ros'
[0.732s] Level 1:colcon.colcon_core.package_identification:_identify(scr) by extensions ['cmake', 'python']
[0.732s] Level 1:colcon.colcon_core.package_identification:_identify(scr) by extension 'cmake'
[0.732s] Level 1:colcon.colcon_core.package_identification:_identify(scr) by extension 'python'
[0.732s] Level 1:colcon.colcon_core.package_identification:_identify(scr) by extensions ['python_setup_py']
[0.732s] Level 1:colcon.colcon_core.package_identification:_identify(scr) by extension 'python_setup_py'
[0.732s] Level 1:colcon.colcon_core.package_identification:_identify(scr/build) by extensions ['ignore', 'ignore_ament_install']
[0.732s] Level 1:colcon.colcon_core.package_identification:_identify(scr/build) by extension 'ignore'
[0.732s] Level 1:colcon.colcon_core.package_identification:_identify(scr/build) ignored
[0.732s] Level 1:colcon.colcon_core.package_identification:_identify(scr/install) by extensions ['ignore', 'ignore_ament_install']
[0.732s] Level 1:colcon.colcon_core.package_identification:_identify(scr/install) by extension 'ignore'
[0.732s] Level 1:colcon.colcon_core.package_identification:_identify(scr/install) ignored
[0.732s] Level 1:colcon.colcon_core.package_identification:_identify(scr/log) by extensions ['ignore', 'ignore_ament_install']
[0.732s] Level 1:colcon.colcon_core.package_identification:_identify(scr/log) by extension 'ignore'
[0.732s] Level 1:colcon.colcon_core.package_identification:_identify(scr/log) ignored
[0.732s] Level 1:colcon.colcon_core.package_identification:_identify(scr/my_cpp_pkg) by extensions ['ignore', 'ignore_ament_install']
[0.733s] Level 1:colcon.colcon_core.package_identification:_identify(scr/my_cpp_pkg) by extension 'ignore'
[0.733s] Level 1:colcon.colcon_core.package_identification:_identify(scr/my_cpp_pkg) by extension 'ignore_ament_install'
[0.733s] Level 1:colcon.colcon_core.package_identification:_identify(scr/my_cpp_pkg) by extensions ['colcon_pkg']
[0.733s] Level 1:colcon.colcon_core.package_identification:_identify(scr/my_cpp_pkg) by extension 'colcon_pkg'
[0.733s] Level 1:colcon.colcon_core.package_identification:_identify(scr/my_cpp_pkg) by extensions ['colcon_meta']
[0.733s] Level 1:colcon.colcon_core.package_identification:_identify(scr/my_cpp_pkg) by extension 'colcon_meta'
[0.733s] Level 1:colcon.colcon_core.package_identification:_identify(scr/my_cpp_pkg) by extensions ['ros']
[0.733s] Level 1:colcon.colcon_core.package_identification:_identify(scr/my_cpp_pkg) by extension 'ros'
[0.734s] DEBUG:colcon.colcon_core.package_identification:Package 'scr/my_cpp_pkg' with type 'ros.ament_cmake' and name 'my_cpp_pkg'
[0.734s] Level 1:colcon.colcon_core.package_identification:_identify(scr/my_py_pkg) by extensions ['ignore', 'ignore_ament_install']
[0.734s] Level 1:colcon.colcon_core.package_identification:_identify(scr/my_py_pkg) by extension 'ignore'
[0.734s] Level 1:colcon.colcon_core.package_identification:_identify(scr/my_py_pkg) by extension 'ignore_ament_install'
[0.734s] Level 1:colcon.colcon_core.package_identification:_identify(scr/my_py_pkg) by extensions ['colcon_pkg']
[0.734s] Level 1:colcon.colcon_core.package_identification:_identify(scr/my_py_pkg) by extension 'colcon_pkg'
[0.734s] Level 1:colcon.colcon_core.package_identification:_identify(scr/my_py_pkg) by extensions ['colcon_meta']
[0.734s] Level 1:colcon.colcon_core.package_identification:_identify(scr/my_py_pkg) by extension 'colcon_meta'
[0.735s] Level 1:colcon.colcon_core.package_identification:_identify(scr/my_py_pkg) by extensions ['ros']
[0.735s] Level 1:colcon.colcon_core.package_identification:_identify(scr/my_py_pkg) by extension 'ros'
[0.735s] DEBUG:colcon.colcon_core.package_identification:Package 'scr/my_py_pkg' with type 'ros.ament_python' and name 'my_py_pkg'
[0.735s] Level 1:colcon.colcon_core.package_identification:_identify(scr/my_robot_bringup) by extensions ['ignore', 'ignore_ament_install']
[0.735s] Level 1:colcon.colcon_core.package_identification:_identify(scr/my_robot_bringup) by extension 'ignore'
[0.735s] Level 1:colcon.colcon_core.package_identification:_identify(scr/my_robot_bringup) by extension 'ignore_ament_install'
[0.735s] Level 1:colcon.colcon_core.package_identification:_identify(scr/my_robot_bringup) by extensions ['colcon_pkg']
[0.735s] Level 1:colcon.colcon_core.package_identification:_identify(scr/my_robot_bringup) by extension 'colcon_pkg'
[0.735s] Level 1:colcon.colcon_core.package_identification:_identify(scr/my_robot_bringup) by extensions ['colcon_meta']
[0.735s] Level 1:colcon.colcon_core.package_identification:_identify(scr/my_robot_bringup) by extension 'colcon_meta'
[0.735s] Level 1:colcon.colcon_core.package_identification:_identify(scr/my_robot_bringup) by extensions ['ros']
[0.735s] Level 1:colcon.colcon_core.package_identification:_identify(scr/my_robot_bringup) by extension 'ros'
[0.736s] DEBUG:colcon.colcon_core.package_identification:Package 'scr/my_robot_bringup' with type 'ros.ament_cmake' and name 'my_robot_bringup'
[0.736s] Level 1:colcon.colcon_core.package_identification:_identify(scr/my_robot_interfaces) by extensions ['ignore', 'ignore_ament_install']
[0.736s] Level 1:colcon.colcon_core.package_identification:_identify(scr/my_robot_interfaces) by extension 'ignore'
[0.736s] Level 1:colcon.colcon_core.package_identification:_identify(scr/my_robot_interfaces) by extension 'ignore_ament_install'
[0.736s] Level 1:colcon.colcon_core.package_identification:_identify(scr/my_robot_interfaces) by extensions ['colcon_pkg']
[0.736s] Level 1:colcon.colcon_core.package_identification:_identify(scr/my_robot_interfaces) by extension 'colcon_pkg'
[0.736s] Level 1:colcon.colcon_core.package_identification:_identify(scr/my_robot_interfaces) by extensions ['colcon_meta']
[0.736s] Level 1:colcon.colcon_core.package_identification:_identify(scr/my_robot_interfaces) by extension 'colcon_meta'
[0.736s] Level 1:colcon.colcon_core.package_identification:_identify(scr/my_robot_interfaces) by extensions ['ros']
[0.736s] Level 1:colcon.colcon_core.package_identification:_identify(scr/my_robot_interfaces) by extension 'ros'
[0.736s] DEBUG:colcon.colcon_core.package_identification:Package 'scr/my_robot_interfaces' with type 'ros.ament_cmake' and name 'my_robot_interfaces'
[0.736s] Level 1:colcon.colcon_core.package_identification:_identify(scr/turtlesim_catch_them) by extensions ['ignore', 'ignore_ament_install']
[0.736s] Level 1:colcon.colcon_core.package_identification:_identify(scr/turtlesim_catch_them) by extension 'ignore'
[0.736s] Level 1:colcon.colcon_core.package_identification:_identify(scr/turtlesim_catch_them) by extension 'ignore_ament_install'
[0.736s] Level 1:colcon.colcon_core.package_identification:_identify(scr/turtlesim_catch_them) by extensions ['colcon_pkg']
[0.736s] Level 1:colcon.colcon_core.package_identification:_identify(scr/turtlesim_catch_them) by extension 'colcon_pkg'
[0.736s] Level 1:colcon.colcon_core.package_identification:_identify(scr/turtlesim_catch_them) by extensions ['colcon_meta']
[0.736s] Level 1:colcon.colcon_core.package_identification:_identify(scr/turtlesim_catch_them) by extension 'colcon_meta'
[0.737s] Level 1:colcon.colcon_core.package_identification:_identify(scr/turtlesim_catch_them) by extensions ['ros']
[0.737s] Level 1:colcon.colcon_core.package_identification:_identify(scr/turtlesim_catch_them) by extension 'ros'
[0.737s] DEBUG:colcon.colcon_core.package_identification:Package 'scr/turtlesim_catch_them' with type 'ros.ament_python' and name 'turtlesim_catch_them'
[0.737s] Level 1:colcon.colcon_core.package_discovery:discover_packages(recursive) using defaults
[0.737s] Level 1:colcon.colcon_core.package_discovery:discover_packages(ignore) discover
[0.737s] Level 1:colcon.colcon_core.package_discovery:discover_packages(ignore) using defaults
[0.737s] Level 1:colcon.colcon_core.package_discovery:discover_packages(path) discover
[0.737s] Level 1:colcon.colcon_core.package_discovery:discover_packages(path) using defaults
[0.782s] INFO:colcon.colcon_core.package_selection:Skipping not selected package 'my_cpp_pkg' in 'scr/my_cpp_pkg'
[0.782s] INFO:colcon.colcon_core.package_selection:Skipping not selected package 'my_robot_interfaces' in 'scr/my_robot_interfaces'
[0.782s] INFO:colcon.colcon_core.package_selection:Skipping not selected package 'my_py_pkg' in 'scr/my_py_pkg'
[0.782s] INFO:colcon.colcon_core.package_selection:Skipping not selected package 'my_robot_bringup' in 'scr/my_robot_bringup'
[0.800s] Level 1:colcon.colcon_core.package_discovery:discover_packages(prefix_path) check parameters
[0.800s] Level 1:colcon.colcon_core.package_discovery:discover_packages(prefix_path) discover
[0.821s] DEBUG:colcon.colcon_installed_package_information.package_discovery:Found 270 installed packages in /opt/ros/humble
[0.822s] Level 1:colcon.colcon_core.package_discovery:discover_packages(prefix_path) using defaults
[0.878s] Level 5:colcon.colcon_core.verb:set package 'turtlesim_catch_them' build argument 'cmake_args' from command line to 'None'
[0.878s] Level 5:colcon.colcon_core.verb:set package 'turtlesim_catch_them' build argument 'cmake_target' from command line to 'None'
[0.878s] Level 5:colcon.colcon_core.verb:set package 'turtlesim_catch_them' build argument 'cmake_target_skip_unavailable' from command line to 'False'
[0.878s] Level 5:colcon.colcon_core.verb:set package 'turtlesim_catch_them' build argument 'cmake_clean_cache' from command line to 'False'
[0.878s] Level 5:colcon.colcon_core.verb:set package 'turtlesim_catch_them' build argument 'cmake_clean_first' from command line to 'False'
[0.879s] Level 5:colcon.colcon_core.verb:set package 'turtlesim_catch_them' build argument 'cmake_force_configure' from command line to 'False'
[0.879s] Level 5:colcon.colcon_core.verb:set package 'turtlesim_catch_them' build argument 'ament_cmake_args' from command line to 'None'
[0.879s] Level 5:colcon.colcon_core.verb:set package 'turtlesim_catch_them' build argument 'catkin_cmake_args' from command line to 'None'
[0.879s] Level 5:colcon.colcon_core.verb:set package 'turtlesim_catch_them' build argument 'catkin_skip_building_tests' from command line to 'False'
[0.879s] DEBUG:colcon.colcon_core.verb:Building package 'turtlesim_catch_them' with the following arguments: {'ament_cmake_args': None, 'build_base': '/home/nitin/ROS2/ros2_ws/build/turtlesim_catch_them', 'catkin_cmake_args': None, 'catkin_skip_building_tests': False, 'cmake_args': None, 'cmake_clean_cache': False, 'cmake_clean_first': False, 'cmake_force_configure': False, 'cmake_target': None, 'cmake_target_skip_unavailable': False, 'install_base': '/home/nitin/ROS2/ros2_ws/install/turtlesim_catch_them', 'merge_install': False, 'path': '/home/nitin/ROS2/ros2_ws/scr/turtlesim_catch_them', 'symlink_install': True, 'test_result_base': None}
[0.888s] INFO:colcon.colcon_core.executor:Executing jobs using 'parallel' executor
[0.897s] DEBUG:colcon.colcon_parallel_executor.executor.parallel:run_until_complete
[0.897s] INFO:colcon.colcon_ros.task.ament_python.build:Building ROS package in '/home/nitin/ROS2/ros2_ws/scr/turtlesim_catch_them' with build type 'ament_python'
[0.897s] Level 1:colcon.colcon_core.shell:create_environment_hook('turtlesim_catch_them', 'ament_prefix_path')
[0.909s] INFO:colcon.colcon_core.plugin_system:Skipping extension 'colcon_core.shell.bat': Not used on non-Windows systems
[0.909s] INFO:colcon.colcon_core.shell:Creating environment hook '/home/nitin/ROS2/ros2_ws/install/turtlesim_catch_them/share/turtlesim_catch_them/hook/ament_prefix_path.ps1'
[0.910s] INFO:colcon.colcon_core.shell:Creating environment descriptor '/home/nitin/ROS2/ros2_ws/install/turtlesim_catch_them/share/turtlesim_catch_them/hook/ament_prefix_path.dsv'
[0.910s] INFO:colcon.colcon_core.shell:Creating environment hook '/home/nitin/ROS2/ros2_ws/install/turtlesim_catch_them/share/turtlesim_catch_them/hook/ament_prefix_path.sh'
[0.927s] INFO:colcon.colcon_core.shell:Skip shell extension 'powershell' for command environment: Not usable outside of PowerShell
[0.927s] DEBUG:colcon.colcon_core.shell:Skip shell extension 'dsv' for command environment
[1.158s] INFO:colcon.colcon_core.task.python.build:Building Python package in '/home/nitin/ROS2/ros2_ws/scr/turtlesim_catch_them'
[1.167s] INFO:colcon.colcon_core.shell:Skip shell extension 'powershell' for command environment: Not usable outside of PowerShell
[1.167s] DEBUG:colcon.colcon_core.shell:Skip shell extension 'dsv' for command environment
[1.433s] DEBUG:colcon.colcon_core.event_handler.log_command:Invoking command in '/home/nitin/ROS2/ros2_ws/build/turtlesim_catch_them': PYTHONPATH=/home/nitin/ROS2/ros2_ws/build/turtlesim_catch_them/prefix_override:/home/nitin/ROS2/ros2_ws/install/turtlesim_catch_them/lib/python3.10/site-packages:${PYTHONPATH} /usr/bin/python3 setup.py develop --editable --build-directory /home/nitin/ROS2/ros2_ws/build/turtlesim_catch_them/build --no-deps install_data
[1.773s] Level 1:colcon.colcon_core.shell:create_environment_hook('turtlesim_catch_them', 'pythonpath_develop')
[1.774s] DEBUG:colcon.colcon_core.event_handler.log_command:Invoked command in '/home/nitin/ROS2/ros2_ws/build/turtlesim_catch_them' returned '0': PYTHONPATH=/home/nitin/ROS2/ros2_ws/build/turtlesim_catch_them/prefix_override:/home/nitin/ROS2/ros2_ws/install/turtlesim_catch_them/lib/python3.10/site-packages:${PYTHONPATH} /usr/bin/python3 setup.py develop --editable --build-directory /home/nitin/ROS2/ros2_ws/build/turtlesim_catch_them/build --no-deps install_data
[1.806s] INFO:colcon.colcon_core.shell:Creating environment hook '/home/nitin/ROS2/ros2_ws/build/turtlesim_catch_them/share/turtlesim_catch_them/hook/pythonpath_develop.ps1'
[1.807s] INFO:colcon.colcon_core.shell:Creating environment descriptor '/home/nitin/ROS2/ros2_ws/build/turtlesim_catch_them/share/turtlesim_catch_them/hook/pythonpath_develop.dsv'
[1.808s] INFO:colcon.colcon_core.shell:Creating environment hook '/home/nitin/ROS2/ros2_ws/build/turtlesim_catch_them/share/turtlesim_catch_them/hook/pythonpath_develop.sh'
[1.850s] Level 1:colcon.colcon_core.environment:checking '/home/nitin/ROS2/ros2_ws/install/turtlesim_catch_them' for CMake module files
[1.851s] Level 1:colcon.colcon_core.environment:checking '/home/nitin/ROS2/ros2_ws/install/turtlesim_catch_them' for CMake config files
[1.852s] Level 1:colcon.colcon_core.environment:checking '/home/nitin/ROS2/ros2_ws/install/turtlesim_catch_them/lib'
[1.853s] Level 1:colcon.colcon_core.environment:checking '/home/nitin/ROS2/ros2_ws/install/turtlesim_catch_them/bin'
[1.853s] Level 1:colcon.colcon_core.environment:checking '/home/nitin/ROS2/ros2_ws/install/turtlesim_catch_them/lib/pkgconfig/turtlesim_catch_them.pc'
[1.853s] Level 1:colcon.colcon_core.environment:checking '/home/nitin/ROS2/ros2_ws/install/turtlesim_catch_them/lib/python3.10/site-packages'
[1.853s] Level 1:colcon.colcon_core.shell:create_environment_hook('turtlesim_catch_them', 'pythonpath')
[1.874s] INFO:colcon.colcon_core.shell:Creating environment hook '/home/nitin/ROS2/ros2_ws/install/turtlesim_catch_them/share/turtlesim_catch_them/hook/pythonpath.ps1'
[1.874s] INFO:colcon.colcon_core.shell:Creating environment descriptor '/home/nitin/ROS2/ros2_ws/install/turtlesim_catch_them/share/turtlesim_catch_them/hook/pythonpath.dsv'
[1.874s] INFO:colcon.colcon_core.shell:Creating environment hook '/home/nitin/ROS2/ros2_ws/install/turtlesim_catch_them/share/turtlesim_catch_them/hook/pythonpath.sh'
[1.874s] Level 1:colcon.colcon_core.environment:checking '/home/nitin/ROS2/ros2_ws/install/turtlesim_catch_them/bin'
[1.874s] Level 1:colcon.colcon_core.environment:create_environment_scripts_only(turtlesim_catch_them)
[1.883s] INFO:colcon.colcon_core.shell:Creating package script '/home/nitin/ROS2/ros2_ws/install/turtlesim_catch_them/share/turtlesim_catch_them/package.ps1'
[1.884s] INFO:colcon.colcon_core.shell:Creating package descriptor '/home/nitin/ROS2/ros2_ws/install/turtlesim_catch_them/share/turtlesim_catch_them/package.dsv'
[1.885s] INFO:colcon.colcon_core.shell:Creating package script '/home/nitin/ROS2/ros2_ws/install/turtlesim_catch_them/share/turtlesim_catch_them/package.sh'
[1.886s] INFO:colcon.colcon_core.shell:Creating package script '/home/nitin/ROS2/ros2_ws/install/turtlesim_catch_them/share/turtlesim_catch_them/package.bash'
[1.886s] INFO:colcon.colcon_core.shell:Creating package script '/home/nitin/ROS2/ros2_ws/install/turtlesim_catch_them/share/turtlesim_catch_them/package.zsh'
[1.887s] Level 1:colcon.colcon_core.environment:create_file_with_runtime_dependencies(/home/nitin/ROS2/ros2_ws/install/turtlesim_catch_them/share/colcon-core/packages/turtlesim_catch_them)
[1.887s] DEBUG:colcon.colcon_parallel_executor.executor.parallel:closing loop
[1.887s] DEBUG:colcon.colcon_parallel_executor.executor.parallel:loop closed
[1.887s] DEBUG:colcon.colcon_parallel_executor.executor.parallel:run_until_complete finished with '0'
[1.887s] DEBUG:colcon.colcon_core.event_reactor:joining thread
[1.928s] INFO:colcon.colcon_core.plugin_system:Skipping extension 'colcon_notification.desktop_notification.terminal_notifier': Not used on non-Darwin systems
[1.928s] INFO:colcon.colcon_core.plugin_system:Skipping extension 'colcon_notification.desktop_notification.win32': Not used on non-Windows systems
[1.928s] INFO:colcon.colcon_notification.desktop_notification:Sending desktop notification using 'notify2'
[1.958s] DEBUG:colcon.colcon_core.event_reactor:joined thread
[1.970s] INFO:colcon.colcon_core.shell:Creating prefix script '/home/nitin/ROS2/ros2_ws/install/local_setup.ps1'
[1.971s] INFO:colcon.colcon_core.shell:Creating prefix util module '/home/nitin/ROS2/ros2_ws/install/_local_setup_util_ps1.py'
[1.972s] INFO:colcon.colcon_core.shell:Creating prefix chain script '/home/nitin/ROS2/ros2_ws/install/setup.ps1'
[1.983s] INFO:colcon.colcon_core.shell:Creating prefix script '/home/nitin/ROS2/ros2_ws/install/local_setup.sh'
[1.983s] INFO:colcon.colcon_core.shell:Creating prefix util module '/home/nitin/ROS2/ros2_ws/install/_local_setup_util_sh.py'
[1.983s] INFO:colcon.colcon_core.shell:Creating prefix chain script '/home/nitin/ROS2/ros2_ws/install/setup.sh'
[1.994s] INFO:colcon.colcon_core.shell:Creating prefix script '/home/nitin/ROS2/ros2_ws/install/local_setup.bash'
[1.994s] INFO:colcon.colcon_core.shell:Creating prefix chain script '/home/nitin/ROS2/ros2_ws/install/setup.bash'
[2.005s] INFO:colcon.colcon_core.shell:Creating prefix script '/home/nitin/ROS2/ros2_ws/install/local_setup.zsh'
[2.005s] INFO:colcon.colcon_core.shell:Creating prefix chain script '/home/nitin/ROS2/ros2_ws/install/setup.zsh'
