[0.099s] Invoking command in '/home/nitin/ros2_ws/scr/build/my_cpp_pkg': CMAKE_PREFIX_PATH=${CMAKE_PREFIX_PATH}:/home/nitin/ros2_ws/install/my_py_pkg:/opt/ros/humble /usr/bin/cmake /home/nitin/ros2_ws/scr/my_cpp_pkg -DCMAKE_INSTALL_PREFIX=/home/nitin/ros2_ws/scr/install/my_cpp_pkg
[0.201s] -- The C compiler identification is GNU 11.4.0
[0.272s] -- The CXX compiler identification is GNU 11.4.0
[0.280s] -- Detecting C compiler ABI info
[0.338s] -- Detecting C compiler ABI info - done
[0.344s] -- Check for working C compiler: /usr/bin/cc - skipped
[0.344s] -- Detecting C compile features
[0.346s] -- Detecting C compile features - done
[0.348s] -- Detecting CXX compiler ABI info
[0.409s] -- Detecting CXX compiler ABI info - done
[0.414s] -- Check for working CXX compiler: /usr/bin/c++ - skipped
[0.414s] -- Detecting CXX compile features
[0.415s] -- Detecting CXX compile features - done
[0.420s] -- Found ament_cmake: 1.3.6 (/opt/ros/humble/share/ament_cmake/cmake)
[0.551s] -- Found Python3: /usr/bin/python3.10 (found version "3.10.12") found components: Interpreter 
[0.623s] -- Found rclcpp: 16.0.7 (/opt/ros/humble/share/rclcpp/cmake)
[0.664s] -- Found rosidl_generator_c: 3.1.5 (/opt/ros/humble/share/rosidl_generator_c/cmake)
[0.669s] -- Found rosidl_adapter: 3.1.5 (/opt/ros/humble/share/rosidl_adapter/cmake)
[0.677s] -- Found rosidl_generator_cpp: 3.1.5 (/opt/ros/humble/share/rosidl_generator_cpp/cmake)
[0.690s] -- Using all available rosidl_typesupport_c: rosidl_typesupport_fastrtps_c;rosidl_typesupport_introspection_c
[0.708s] -- Using all available rosidl_typesupport_cpp: rosidl_typesupport_fastrtps_cpp;rosidl_typesupport_introspection_cpp
[0.769s] -- Found rmw_implementation_cmake: 6.1.1 (/opt/ros/humble/share/rmw_implementation_cmake/cmake)
[0.771s] -- Found rmw_fastrtps_cpp: 6.2.5 (/opt/ros/humble/share/rmw_fastrtps_cpp/cmake)
[0.852s] -- Found OpenSSL: /usr/lib/x86_64-linux-gnu/libcrypto.so (found version "3.0.2")  
[0.872s] -- Found FastRTPS: /opt/ros/humble/include  
[0.903s] -- Using RMW implementation 'rmw_fastrtps_cpp' as default
[0.911s] -- Looking for pthread.h
[0.987s] -- Looking for pthread.h - found
[0.987s] -- Performing Test CMAKE_HAVE_LIBC_PTHREAD
[1.062s] -- Performing Test CMAKE_HAVE_LIBC_PTHREAD - Success
[1.064s] -- Found Threads: TRUE  
[1.191s] [31mCMake Error at CMakeLists.txt:19 (find_package):
[1.191s]   By not providing "Findfr_msgs.cmake" in CMAKE_MODULE_PATH this project has
[1.191s]   asked CMake to find a package configuration file provided by "fr_msgs", but
[1.191s]   CMake did not find one.
[1.191s] 
[1.191s]   Could not find a package configuration file provided by "fr_msgs" with any
[1.191s]   of the following names:
[1.191s] 
[1.191s]     fr_msgsConfig.cmake
[1.191s]     fr_msgs-config.cmake
[1.191s] 
[1.191s]   Add the installation prefix of "fr_msgs" to CMAKE_PREFIX_PATH or set
[1.191s]   "fr_msgs_DIR" to a directory containing one of the above files.  If
[1.191s]   "fr_msgs" provides a separate development package or SDK, be sure it has
[1.191s]   been installed.
[1.191s] 
[1.191s] [0m
[1.192s] -- Configuring incomplete, errors occurred!
[1.192s] See also "/home/nitin/ros2_ws/scr/build/my_cpp_pkg/CMakeFiles/CMakeOutput.log".
[1.199s] Invoked command in '/home/nitin/ros2_ws/scr/build/my_cpp_pkg' returned '1': CMAKE_PREFIX_PATH=${CMAKE_PREFIX_PATH}:/home/nitin/ros2_ws/install/my_py_pkg:/opt/ros/humble /usr/bin/cmake /home/nitin/ros2_ws/scr/my_cpp_pkg -DCMAKE_INSTALL_PREFIX=/home/nitin/ros2_ws/scr/install/my_cpp_pkg
