[0.802s] Invoking command in '/home/nitin/ros2_ws/scr/turtlesim_catch_them': CMAKE_PREFIX_PATH=/home/nitin/ros2_ws/install/my_robot_interfaces:/home/nitin/ros2_ws/install/my_robot_bringup:/home/nitin/ros2_ws/install/my_cpp_pkg PYTHONPATH=/home/nitin/ros2_ws/build/turtlesim_catch_them/prefix_override:/usr/lib/python3/dist-packages/colcon_core/task/python/colcon_distutils_commands:/home/nitin/ros2_ws/install/turtlesim_catch_them/lib/python3.10/site-packages:${PYTHONPATH} /usr/bin/python3 -W ignore:setup.py install is deprecated setup.py egg_info --egg-base ../../build/turtlesim_catch_them build --build-base /home/nitin/ros2_ws/build/turtlesim_catch_them/build install --record /home/nitin/ros2_ws/build/turtlesim_catch_them/install.log --single-version-externally-managed install_data
[1.089s] running egg_info
[1.089s] writing ../../build/turtlesim_catch_them/turtlesim_catch_them.egg-info/PKG-INFO
[1.090s] writing dependency_links to ../../build/turtlesim_catch_them/turtlesim_catch_them.egg-info/dependency_links.txt
[1.090s] writing entry points to ../../build/turtlesim_catch_them/turtlesim_catch_them.egg-info/entry_points.txt
[1.090s] writing requirements to ../../build/turtlesim_catch_them/turtlesim_catch_them.egg-info/requires.txt
[1.090s] writing top-level names to ../../build/turtlesim_catch_them/turtlesim_catch_them.egg-info/top_level.txt
[1.092s] reading manifest file '../../build/turtlesim_catch_them/turtlesim_catch_them.egg-info/SOURCES.txt'
[1.093s] writing manifest file '../../build/turtlesim_catch_them/turtlesim_catch_them.egg-info/SOURCES.txt'
[1.093s] running build
[1.093s] running build_py
[1.093s] copying turtlesim_catch_them/turtle_controller.py -> /home/nitin/ros2_ws/build/turtlesim_catch_them/build/lib/turtlesim_catch_them
[1.094s] running install
[1.094s] running install_lib
[1.095s] copying /home/nitin/ros2_ws/build/turtlesim_catch_them/build/lib/turtlesim_catch_them/turtle_controller.py -> /home/nitin/ros2_ws/install/turtlesim_catch_them/lib/python3.10/site-packages/turtlesim_catch_them
[1.095s] byte-compiling /home/nitin/ros2_ws/install/turtlesim_catch_them/lib/python3.10/site-packages/turtlesim_catch_them/turtle_controller.py to turtle_controller.cpython-310.pyc
[1.097s] running install_data
[1.097s] running install_egg_info
[1.099s] removing '/home/nitin/ros2_ws/install/turtlesim_catch_them/lib/python3.10/site-packages/turtlesim_catch_them-0.0.0-py3.10.egg-info' (and everything under it)
[1.099s] Copying ../../build/turtlesim_catch_them/turtlesim_catch_them.egg-info to /home/nitin/ros2_ws/install/turtlesim_catch_them/lib/python3.10/site-packages/turtlesim_catch_them-0.0.0-py3.10.egg-info
[1.100s] running install_scripts
[1.124s] Installing turtle_spawn script to /home/nitin/ros2_ws/install/turtlesim_catch_them/lib/turtlesim_catch_them
[1.124s] Installing turtlesim_controller script to /home/nitin/ros2_ws/install/turtlesim_catch_them/lib/turtlesim_catch_them
[1.124s] writing list of installed files to '/home/nitin/ros2_ws/build/turtlesim_catch_them/install.log'
[1.166s] Invoked command in '/home/nitin/ros2_ws/scr/turtlesim_catch_them' returned '0': CMAKE_PREFIX_PATH=/home/nitin/ros2_ws/install/my_robot_interfaces:/home/nitin/ros2_ws/install/my_robot_bringup:/home/nitin/ros2_ws/install/my_cpp_pkg PYTHONPATH=/home/nitin/ros2_ws/build/turtlesim_catch_them/prefix_override:/usr/lib/python3/dist-packages/colcon_core/task/python/colcon_distutils_commands:/home/nitin/ros2_ws/install/turtlesim_catch_them/lib/python3.10/site-packages:${PYTHONPATH} /usr/bin/python3 -W ignore:setup.py install is deprecated setup.py egg_info --egg-base ../../build/turtlesim_catch_them build --build-base /home/nitin/ros2_ws/build/turtlesim_catch_them/build install --record /home/nitin/ros2_ws/build/turtlesim_catch_them/install.log --single-version-externally-managed install_data
