[0.599s] Invoking command in '/home/nitin/ros2_ws/build/my_py_pkg': PYTHONPATH=/home/nitin/ros2_ws/build/my_py_pkg/prefix_override:/home/nitin/ros2_ws/install/my_py_pkg/lib/python3.10/site-packages:${PYTHONPATH} /usr/bin/python3 setup.py develop --uninstall --editable --build-directory /home/nitin/ros2_ws/build/my_py_pkg/build
[0.779s] running develop
[0.909s] Invoked command in '/home/nitin/ros2_ws/build/my_py_pkg' returned '0': PYTHONPATH=/home/nitin/ros2_ws/build/my_py_pkg/prefix_override:/home/nitin/ros2_ws/install/my_py_pkg/lib/python3.10/site-packages:${PYTHONPATH} /usr/bin/python3 setup.py develop --uninstall --editable --build-directory /home/nitin/ros2_ws/build/my_py_pkg/build
[0.909s] Invoking command in '/home/nitin/ros2_ws/scr/my_py_pkg': PYTHONPATH=/home/nitin/ros2_ws/build/my_py_pkg/prefix_override:/home/nitin/ros2_ws/install/my_py_pkg/lib/python3.10/site-packages:${PYTHONPATH} /usr/bin/python3 setup.py egg_info --egg-base ../../build/my_py_pkg build --build-base /home/nitin/ros2_ws/build/my_py_pkg/build install --record /home/nitin/ros2_ws/build/my_py_pkg/install.log --single-version-externally-managed
[1.088s] running egg_info
[1.089s] writing ../../build/my_py_pkg/my_py_pkg.egg-info/PKG-INFO
[1.089s] writing dependency_links to ../../build/my_py_pkg/my_py_pkg.egg-info/dependency_links.txt
[1.089s] writing entry points to ../../build/my_py_pkg/my_py_pkg.egg-info/entry_points.txt
[1.089s] writing requirements to ../../build/my_py_pkg/my_py_pkg.egg-info/requires.txt
[1.089s] writing top-level names to ../../build/my_py_pkg/my_py_pkg.egg-info/top_level.txt
[1.090s] reading manifest file '../../build/my_py_pkg/my_py_pkg.egg-info/SOURCES.txt'
[1.091s] writing manifest file '../../build/my_py_pkg/my_py_pkg.egg-info/SOURCES.txt'
[1.091s] running build
[1.091s] running build_py
[1.091s] copying my_py_pkg/number_publisher.py -> /home/nitin/ros2_ws/build/my_py_pkg/build/lib/my_py_pkg
[1.091s] copying my_py_pkg/robot_news_station.py -> /home/nitin/ros2_ws/build/my_py_pkg/build/lib/my_py_pkg
[1.091s] copying my_py_pkg/smartphone.py -> /home/nitin/ros2_ws/build/my_py_pkg/build/lib/my_py_pkg
[1.091s] running install
[1.092s] running install_lib
[1.092s] creating /home/nitin/ros2_ws/install/my_py_pkg/lib/python3.10/site-packages/my_py_pkg
[1.092s] copying /home/nitin/ros2_ws/build/my_py_pkg/build/lib/my_py_pkg/number_publisher.py -> /home/nitin/ros2_ws/install/my_py_pkg/lib/python3.10/site-packages/my_py_pkg
[1.092s] copying /home/nitin/ros2_ws/build/my_py_pkg/build/lib/my_py_pkg/robot_news_station.py -> /home/nitin/ros2_ws/install/my_py_pkg/lib/python3.10/site-packages/my_py_pkg
[1.092s] copying /home/nitin/ros2_ws/build/my_py_pkg/build/lib/my_py_pkg/smartphone.py -> /home/nitin/ros2_ws/install/my_py_pkg/lib/python3.10/site-packages/my_py_pkg
[1.092s] copying /home/nitin/ros2_ws/build/my_py_pkg/build/lib/my_py_pkg/__init__.py -> /home/nitin/ros2_ws/install/my_py_pkg/lib/python3.10/site-packages/my_py_pkg
[1.092s] copying /home/nitin/ros2_ws/build/my_py_pkg/build/lib/my_py_pkg/template_python_node.py -> /home/nitin/ros2_ws/install/my_py_pkg/lib/python3.10/site-packages/my_py_pkg
[1.093s] copying /home/nitin/ros2_ws/build/my_py_pkg/build/lib/my_py_pkg/my_first_node.py -> /home/nitin/ros2_ws/install/my_py_pkg/lib/python3.10/site-packages/my_py_pkg
[1.093s] byte-compiling /home/nitin/ros2_ws/install/my_py_pkg/lib/python3.10/site-packages/my_py_pkg/number_publisher.py to number_publisher.cpython-310.pyc
[1.094s] byte-compiling /home/nitin/ros2_ws/install/my_py_pkg/lib/python3.10/site-packages/my_py_pkg/robot_news_station.py to robot_news_station.cpython-310.pyc
[1.094s] byte-compiling /home/nitin/ros2_ws/install/my_py_pkg/lib/python3.10/site-packages/my_py_pkg/smartphone.py to smartphone.cpython-310.pyc
[1.095s] byte-compiling /home/nitin/ros2_ws/install/my_py_pkg/lib/python3.10/site-packages/my_py_pkg/__init__.py to __init__.cpython-310.pyc
[1.095s] byte-compiling /home/nitin/ros2_ws/install/my_py_pkg/lib/python3.10/site-packages/my_py_pkg/template_python_node.py to template_python_node.cpython-310.pyc
[1.095s] byte-compiling /home/nitin/ros2_ws/install/my_py_pkg/lib/python3.10/site-packages/my_py_pkg/my_first_node.py to my_first_node.cpython-310.pyc
[1.095s] running install_data
[1.095s] running install_egg_info
[1.096s] Copying ../../build/my_py_pkg/my_py_pkg.egg-info to /home/nitin/ros2_ws/install/my_py_pkg/lib/python3.10/site-packages/my_py_pkg-0.0.0-py3.10.egg-info
[1.097s] running install_scripts
[1.110s] Installing number_publisher script to /home/nitin/ros2_ws/install/my_py_pkg/lib/my_py_pkg
[1.110s] Installing py_node script to /home/nitin/ros2_ws/install/my_py_pkg/lib/my_py_pkg
[1.110s] Installing robot_news_station script to /home/nitin/ros2_ws/install/my_py_pkg/lib/my_py_pkg
[1.110s] Installing smartphone script to /home/nitin/ros2_ws/install/my_py_pkg/lib/my_py_pkg
[1.110s] writing list of installed files to '/home/nitin/ros2_ws/build/my_py_pkg/install.log'
[1.124s] Invoked command in '/home/nitin/ros2_ws/scr/my_py_pkg' returned '0': PYTHONPATH=/home/nitin/ros2_ws/build/my_py_pkg/prefix_override:/home/nitin/ros2_ws/install/my_py_pkg/lib/python3.10/site-packages:${PYTHONPATH} /usr/bin/python3 setup.py egg_info --egg-base ../../build/my_py_pkg build --build-base /home/nitin/ros2_ws/build/my_py_pkg/build install --record /home/nitin/ros2_ws/build/my_py_pkg/install.log --single-version-externally-managed
