[0.670s] DEBUG:colcon:Command line arguments: ['/usr/bin/colcon', 'build', '--packages-select', 'my_py_pkg']
[0.670s] DEBUG:colcon:Parsed command line arguments: Namespace(log_base=None, log_level=None, verb_name='build', build_base='build', install_base='install', merge_install=False, symlink_install=False, test_result_base=None, continue_on_error=False, executor='parallel', parallel_workers=16, event_handlers=None, ignore_user_meta=False, metas=['./colcon.meta'], base_paths=['.'], packages_ignore=None, packages_ignore_regex=None, paths=None, packages_up_to=None, packages_up_to_regex=None, packages_above=None, packages_above_and_dependencies=None, packages_above_depth=None, packages_select_by_dep=None, packages_skip_by_dep=None, packages_skip_up_to=None, packages_select_build_failed=False, packages_skip_build_finished=False, packages_select_test_failures=False, packages_skip_test_passed=False, packages_select=['my_py_pkg'], packages_skip=None, packages_select_regex=None, packages_skip_regex=None, packages_start=None, packages_end=None, allow_overriding=[], cmake_args=None, cmake_target=None, cmake_target_skip_unavailable=False, cmake_clean_cache=False, cmake_clean_first=False, cmake_force_configure=False, ament_cmake_args=None, catkin_cmake_args=None, catkin_skip_building_tests=False, verb_parser=<colcon_defaults.argument_parser.defaults.DefaultArgumentsDecorator object at 0x7f5cab4f4850>, verb_extension=<colcon_core.verb.build.BuildVerb object at 0x7f5cab4f6bf0>, main=<bound method BuildVerb.main of <colcon_core.verb.build.BuildVerb object at 0x7f5cab4f6bf0>>)
[0.702s] Level 1:colcon.colcon_core.package_discovery:discover_packages(colcon_meta) check parameters
[0.702s] Level 1:colcon.colcon_core.package_discovery:discover_packages(recursive) check parameters
[0.702s] Level 1:colcon.colcon_core.package_discovery:discover_packages(ignore) check parameters
[0.702s] Level 1:colcon.colcon_core.package_discovery:discover_packages(path) check parameters
[0.702s] Level 1:colcon.colcon_core.package_discovery:discover_packages(colcon_meta) discover
[0.702s] Level 1:colcon.colcon_core.package_discovery:discover_packages(recursive) discover
[0.702s] INFO:colcon.colcon_core.package_discovery:Crawling recursively for packages in '/home/nitin/ros2_ws'
[0.702s] Level 1:colcon.colcon_core.package_identification:_identify(.) by extensions ['ignore', 'ignore_ament_install']
[0.702s] Level 1:colcon.colcon_core.package_identification:_identify(.) by extension 'ignore'
[0.702s] Level 1:colcon.colcon_core.package_identification:_identify(.) by extension 'ignore_ament_install'
[0.702s] Level 1:colcon.colcon_core.package_identification:_identify(.) by extensions ['colcon_pkg']
[0.702s] Level 1:colcon.colcon_core.package_identification:_identify(.) by extension 'colcon_pkg'
[0.702s] Level 1:colcon.colcon_core.package_identification:_identify(.) by extensions ['colcon_meta']
[0.702s] Level 1:colcon.colcon_core.package_identification:_identify(.) by extension 'colcon_meta'
[0.702s] Level 1:colcon.colcon_core.package_identification:_identify(.) by extensions ['ros']
[0.702s] Level 1:colcon.colcon_core.package_identification:_identify(.) by extension 'ros'
[0.710s] Level 1:colcon.colcon_core.package_identification:_identify(.) by extensions ['cmake', 'python']
[0.710s] Level 1:colcon.colcon_core.package_identification:_identify(.) by extension 'cmake'
[0.710s] Level 1:colcon.colcon_core.package_identification:_identify(.) by extension 'python'
[0.710s] Level 1:colcon.colcon_core.package_identification:_identify(.) by extensions ['python_setup_py']
[0.710s] Level 1:colcon.colcon_core.package_identification:_identify(.) by extension 'python_setup_py'
[0.710s] Level 1:colcon.colcon_core.package_identification:_identify(build) by extensions ['ignore', 'ignore_ament_install']
[0.710s] Level 1:colcon.colcon_core.package_identification:_identify(build) by extension 'ignore'
[0.710s] Level 1:colcon.colcon_core.package_identification:_identify(build) ignored
[0.710s] Level 1:colcon.colcon_core.package_identification:_identify(install) by extensions ['ignore', 'ignore_ament_install']
[0.710s] Level 1:colcon.colcon_core.package_identification:_identify(install) by extension 'ignore'
[0.710s] Level 1:colcon.colcon_core.package_identification:_identify(install) ignored
[0.710s] Level 1:colcon.colcon_core.package_identification:_identify(log) by extensions ['ignore', 'ignore_ament_install']
[0.710s] Level 1:colcon.colcon_core.package_identification:_identify(log) by extension 'ignore'
[0.710s] Level 1:colcon.colcon_core.package_identification:_identify(log) ignored
[0.710s] Level 1:colcon.colcon_core.package_identification:_identify(scr) by extensions ['ignore', 'ignore_ament_install']
[0.710s] Level 1:colcon.colcon_core.package_identification:_identify(scr) by extension 'ignore'
[0.710s] Level 1:colcon.colcon_core.package_identification:_identify(scr) by extension 'ignore_ament_install'
[0.710s] Level 1:colcon.colcon_core.package_identification:_identify(scr) by extensions ['colcon_pkg']
[0.710s] Level 1:colcon.colcon_core.package_identification:_identify(scr) by extension 'colcon_pkg'
[0.710s] Level 1:colcon.colcon_core.package_identification:_identify(scr) by extensions ['colcon_meta']
[0.710s] Level 1:colcon.colcon_core.package_identification:_identify(scr) by extension 'colcon_meta'
[0.710s] Level 1:colcon.colcon_core.package_identification:_identify(scr) by extensions ['ros']
[0.711s] Level 1:colcon.colcon_core.package_identification:_identify(scr) by extension 'ros'
[0.711s] Level 1:colcon.colcon_core.package_identification:_identify(scr) by extensions ['cmake', 'python']
[0.711s] Level 1:colcon.colcon_core.package_identification:_identify(scr) by extension 'cmake'
[0.711s] Level 1:colcon.colcon_core.package_identification:_identify(scr) by extension 'python'
[0.711s] Level 1:colcon.colcon_core.package_identification:_identify(scr) by extensions ['python_setup_py']
[0.711s] Level 1:colcon.colcon_core.package_identification:_identify(scr) by extension 'python_setup_py'
[0.711s] Level 1:colcon.colcon_core.package_identification:_identify(scr/build) by extensions ['ignore', 'ignore_ament_install']
[0.711s] Level 1:colcon.colcon_core.package_identification:_identify(scr/build) by extension 'ignore'
[0.711s] Level 1:colcon.colcon_core.package_identification:_identify(scr/build) ignored
[0.711s] Level 1:colcon.colcon_core.package_identification:_identify(scr/install) by extensions ['ignore', 'ignore_ament_install']
[0.711s] Level 1:colcon.colcon_core.package_identification:_identify(scr/install) by extension 'ignore'
[0.711s] Level 1:colcon.colcon_core.package_identification:_identify(scr/install) ignored
[0.711s] Level 1:colcon.colcon_core.package_identification:_identify(scr/log) by extensions ['ignore', 'ignore_ament_install']
[0.711s] Level 1:colcon.colcon_core.package_identification:_identify(scr/log) by extension 'ignore'
[0.711s] Level 1:colcon.colcon_core.package_identification:_identify(scr/log) ignored
[0.711s] Level 1:colcon.colcon_core.package_identification:_identify(scr/my_cpp_pkg) by extensions ['ignore', 'ignore_ament_install']
[0.711s] Level 1:colcon.colcon_core.package_identification:_identify(scr/my_cpp_pkg) by extension 'ignore'
[0.711s] Level 1:colcon.colcon_core.package_identification:_identify(scr/my_cpp_pkg) by extension 'ignore_ament_install'
[0.711s] Level 1:colcon.colcon_core.package_identification:_identify(scr/my_cpp_pkg) by extensions ['colcon_pkg']
[0.711s] Level 1:colcon.colcon_core.package_identification:_identify(scr/my_cpp_pkg) by extension 'colcon_pkg'
[0.711s] Level 1:colcon.colcon_core.package_identification:_identify(scr/my_cpp_pkg) by extensions ['colcon_meta']
[0.711s] Level 1:colcon.colcon_core.package_identification:_identify(scr/my_cpp_pkg) by extension 'colcon_meta'
[0.711s] Level 1:colcon.colcon_core.package_identification:_identify(scr/my_cpp_pkg) by extensions ['ros']
[0.711s] Level 1:colcon.colcon_core.package_identification:_identify(scr/my_cpp_pkg) by extension 'ros'
[0.713s] DEBUG:colcon.colcon_core.package_identification:Package 'scr/my_cpp_pkg' with type 'ros.ament_cmake' and name 'my_cpp_pkg'
[0.713s] Level 1:colcon.colcon_core.package_identification:_identify(scr/my_py_pkg) by extensions ['ignore', 'ignore_ament_install']
[0.713s] Level 1:colcon.colcon_core.package_identification:_identify(scr/my_py_pkg) by extension 'ignore'
[0.713s] Level 1:colcon.colcon_core.package_identification:_identify(scr/my_py_pkg) by extension 'ignore_ament_install'
[0.713s] Level 1:colcon.colcon_core.package_identification:_identify(scr/my_py_pkg) by extensions ['colcon_pkg']
[0.713s] Level 1:colcon.colcon_core.package_identification:_identify(scr/my_py_pkg) by extension 'colcon_pkg'
[0.713s] Level 1:colcon.colcon_core.package_identification:_identify(scr/my_py_pkg) by extensions ['colcon_meta']
[0.713s] Level 1:colcon.colcon_core.package_identification:_identify(scr/my_py_pkg) by extension 'colcon_meta'
[0.713s] Level 1:colcon.colcon_core.package_identification:_identify(scr/my_py_pkg) by extensions ['ros']
[0.713s] Level 1:colcon.colcon_core.package_identification:_identify(scr/my_py_pkg) by extension 'ros'
[0.714s] DEBUG:colcon.colcon_core.package_identification:Package 'scr/my_py_pkg' with type 'ros.ament_python' and name 'my_py_pkg'
[0.714s] Level 1:colcon.colcon_core.package_identification:_identify(scr/my_robot_interfaces) by extensions ['ignore', 'ignore_ament_install']
[0.714s] Level 1:colcon.colcon_core.package_identification:_identify(scr/my_robot_interfaces) by extension 'ignore'
[0.714s] Level 1:colcon.colcon_core.package_identification:_identify(scr/my_robot_interfaces) by extension 'ignore_ament_install'
[0.714s] Level 1:colcon.colcon_core.package_identification:_identify(scr/my_robot_interfaces) by extensions ['colcon_pkg']
[0.714s] Level 1:colcon.colcon_core.package_identification:_identify(scr/my_robot_interfaces) by extension 'colcon_pkg'
[0.714s] Level 1:colcon.colcon_core.package_identification:_identify(scr/my_robot_interfaces) by extensions ['colcon_meta']
[0.714s] Level 1:colcon.colcon_core.package_identification:_identify(scr/my_robot_interfaces) by extension 'colcon_meta'
[0.714s] Level 1:colcon.colcon_core.package_identification:_identify(scr/my_robot_interfaces) by extensions ['ros']
[0.714s] Level 1:colcon.colcon_core.package_identification:_identify(scr/my_robot_interfaces) by extension 'ros'
[0.714s] DEBUG:colcon.colcon_core.package_identification:Package 'scr/my_robot_interfaces' with type 'ros.ament_cmake' and name 'my_robot_interfaces'
[0.715s] Level 1:colcon.colcon_core.package_discovery:discover_packages(recursive) using defaults
[0.715s] Level 1:colcon.colcon_core.package_discovery:discover_packages(ignore) discover
[0.715s] Level 1:colcon.colcon_core.package_discovery:discover_packages(ignore) using defaults
[0.715s] Level 1:colcon.colcon_core.package_discovery:discover_packages(path) discover
[0.715s] Level 1:colcon.colcon_core.package_discovery:discover_packages(path) using defaults
[0.757s] INFO:colcon.colcon_core.package_selection:Skipping not selected package 'my_cpp_pkg' in 'scr/my_cpp_pkg'
[0.757s] INFO:colcon.colcon_core.package_selection:Skipping not selected package 'my_robot_interfaces' in 'scr/my_robot_interfaces'
[0.776s] Level 1:colcon.colcon_core.package_discovery:discover_packages(prefix_path) check parameters
[0.776s] Level 1:colcon.colcon_core.package_discovery:discover_packages(prefix_path) discover
[0.796s] DEBUG:colcon.colcon_installed_package_information.package_discovery:Found 3 installed packages in /home/nitin/ros2_ws/install
[0.806s] DEBUG:colcon.colcon_installed_package_information.package_discovery:Found 270 installed packages in /opt/ros/humble
[0.807s] Level 1:colcon.colcon_core.package_discovery:discover_packages(prefix_path) using defaults
[0.879s] Level 5:colcon.colcon_core.verb:set package 'my_py_pkg' build argument 'cmake_args' from command line to 'None'
[0.879s] Level 5:colcon.colcon_core.verb:set package 'my_py_pkg' build argument 'cmake_target' from command line to 'None'
[0.879s] Level 5:colcon.colcon_core.verb:set package 'my_py_pkg' build argument 'cmake_target_skip_unavailable' from command line to 'False'
[0.879s] Level 5:colcon.colcon_core.verb:set package 'my_py_pkg' build argument 'cmake_clean_cache' from command line to 'False'
[0.879s] Level 5:colcon.colcon_core.verb:set package 'my_py_pkg' build argument 'cmake_clean_first' from command line to 'False'
[0.879s] Level 5:colcon.colcon_core.verb:set package 'my_py_pkg' build argument 'cmake_force_configure' from command line to 'False'
[0.879s] Level 5:colcon.colcon_core.verb:set package 'my_py_pkg' build argument 'ament_cmake_args' from command line to 'None'
[0.879s] Level 5:colcon.colcon_core.verb:set package 'my_py_pkg' build argument 'catkin_cmake_args' from command line to 'None'
[0.879s] Level 5:colcon.colcon_core.verb:set package 'my_py_pkg' build argument 'catkin_skip_building_tests' from command line to 'False'
[0.879s] DEBUG:colcon.colcon_core.verb:Building package 'my_py_pkg' with the following arguments: {'ament_cmake_args': None, 'build_base': '/home/nitin/ros2_ws/build/my_py_pkg', 'catkin_cmake_args': None, 'catkin_skip_building_tests': False, 'cmake_args': None, 'cmake_clean_cache': False, 'cmake_clean_first': False, 'cmake_force_configure': False, 'cmake_target': None, 'cmake_target_skip_unavailable': False, 'install_base': '/home/nitin/ros2_ws/install/my_py_pkg', 'merge_install': False, 'path': '/home/nitin/ros2_ws/scr/my_py_pkg', 'symlink_install': False, 'test_result_base': None}
[0.888s] INFO:colcon.colcon_core.executor:Executing jobs using 'parallel' executor
[0.899s] DEBUG:colcon.colcon_parallel_executor.executor.parallel:run_until_complete
[0.899s] INFO:colcon.colcon_ros.task.ament_python.build:Building ROS package in '/home/nitin/ros2_ws/scr/my_py_pkg' with build type 'ament_python'
[0.899s] Level 1:colcon.colcon_core.shell:create_environment_hook('my_py_pkg', 'ament_prefix_path')
[0.909s] INFO:colcon.colcon_core.plugin_system:Skipping extension 'colcon_core.shell.bat': Not used on non-Windows systems
[0.909s] INFO:colcon.colcon_core.shell:Creating environment hook '/home/nitin/ros2_ws/install/my_py_pkg/share/my_py_pkg/hook/ament_prefix_path.ps1'
[0.910s] INFO:colcon.colcon_core.shell:Creating environment descriptor '/home/nitin/ros2_ws/install/my_py_pkg/share/my_py_pkg/hook/ament_prefix_path.dsv'
[0.910s] INFO:colcon.colcon_core.shell:Creating environment hook '/home/nitin/ros2_ws/install/my_py_pkg/share/my_py_pkg/hook/ament_prefix_path.sh'
[0.921s] INFO:colcon.colcon_core.shell:Skip shell extension 'powershell' for command environment: Not usable outside of PowerShell
[0.921s] DEBUG:colcon.colcon_core.shell:Skip shell extension 'dsv' for command environment
[1.182s] INFO:colcon.colcon_core.task.python.build:Building Python package in '/home/nitin/ros2_ws/scr/my_py_pkg'
[1.193s] INFO:colcon.colcon_core.shell:Skip shell extension 'powershell' for command environment: Not usable outside of PowerShell
[1.193s] DEBUG:colcon.colcon_core.shell:Skip shell extension 'dsv' for command environment
[1.474s] DEBUG:colcon.colcon_core.event_handler.log_command:Invoking command in '/home/nitin/ros2_ws/scr/my_py_pkg': PYTHONPATH=/home/nitin/ros2_ws/build/my_py_pkg/prefix_override:/home/nitin/ros2_ws/install/my_py_pkg/lib/python3.10/site-packages:${PYTHONPATH} /usr/bin/python3 setup.py egg_info --egg-base ../../build/my_py_pkg build --build-base /home/nitin/ros2_ws/build/my_py_pkg/build install --record /home/nitin/ros2_ws/build/my_py_pkg/install.log --single-version-externally-managed
[1.694s] DEBUG:colcon.colcon_core.event_handler.log_command:Invoked command in '/home/nitin/ros2_ws/scr/my_py_pkg' returned '0': PYTHONPATH=/home/nitin/ros2_ws/build/my_py_pkg/prefix_override:/home/nitin/ros2_ws/install/my_py_pkg/lib/python3.10/site-packages:${PYTHONPATH} /usr/bin/python3 setup.py egg_info --egg-base ../../build/my_py_pkg build --build-base /home/nitin/ros2_ws/build/my_py_pkg/build install --record /home/nitin/ros2_ws/build/my_py_pkg/install.log --single-version-externally-managed
[1.730s] Level 1:colcon.colcon_core.environment:checking '/home/nitin/ros2_ws/install/my_py_pkg' for CMake module files
[1.730s] Level 1:colcon.colcon_core.environment:checking '/home/nitin/ros2_ws/install/my_py_pkg' for CMake config files
[1.731s] Level 1:colcon.colcon_core.environment:checking '/home/nitin/ros2_ws/install/my_py_pkg/lib'
[1.732s] Level 1:colcon.colcon_core.environment:checking '/home/nitin/ros2_ws/install/my_py_pkg/bin'
[1.732s] Level 1:colcon.colcon_core.environment:checking '/home/nitin/ros2_ws/install/my_py_pkg/lib/pkgconfig/my_py_pkg.pc'
[1.733s] Level 1:colcon.colcon_core.environment:checking '/home/nitin/ros2_ws/install/my_py_pkg/lib/python3.10/site-packages'
[1.733s] Level 1:colcon.colcon_core.shell:create_environment_hook('my_py_pkg', 'pythonpath')
[1.746s] INFO:colcon.colcon_core.shell:Creating environment hook '/home/nitin/ros2_ws/install/my_py_pkg/share/my_py_pkg/hook/pythonpath.ps1'
[1.747s] INFO:colcon.colcon_core.shell:Creating environment descriptor '/home/nitin/ros2_ws/install/my_py_pkg/share/my_py_pkg/hook/pythonpath.dsv'
[1.747s] INFO:colcon.colcon_core.shell:Creating environment hook '/home/nitin/ros2_ws/install/my_py_pkg/share/my_py_pkg/hook/pythonpath.sh'
[1.747s] Level 1:colcon.colcon_core.environment:checking '/home/nitin/ros2_ws/install/my_py_pkg/bin'
[1.747s] Level 1:colcon.colcon_core.environment:create_environment_scripts_only(my_py_pkg)
[1.757s] INFO:colcon.colcon_core.shell:Creating package script '/home/nitin/ros2_ws/install/my_py_pkg/share/my_py_pkg/package.ps1'
[1.758s] INFO:colcon.colcon_core.shell:Creating package descriptor '/home/nitin/ros2_ws/install/my_py_pkg/share/my_py_pkg/package.dsv'
[1.758s] INFO:colcon.colcon_core.shell:Creating package script '/home/nitin/ros2_ws/install/my_py_pkg/share/my_py_pkg/package.sh'
[1.759s] INFO:colcon.colcon_core.shell:Creating package script '/home/nitin/ros2_ws/install/my_py_pkg/share/my_py_pkg/package.bash'
[1.759s] INFO:colcon.colcon_core.shell:Creating package script '/home/nitin/ros2_ws/install/my_py_pkg/share/my_py_pkg/package.zsh'
[1.759s] Level 1:colcon.colcon_core.environment:create_file_with_runtime_dependencies(/home/nitin/ros2_ws/install/my_py_pkg/share/colcon-core/packages/my_py_pkg)
[1.760s] DEBUG:colcon.colcon_parallel_executor.executor.parallel:closing loop
[1.760s] DEBUG:colcon.colcon_parallel_executor.executor.parallel:loop closed
[1.760s] DEBUG:colcon.colcon_parallel_executor.executor.parallel:run_until_complete finished with '0'
[1.760s] DEBUG:colcon.colcon_core.event_reactor:joining thread
[1.798s] INFO:colcon.colcon_core.plugin_system:Skipping extension 'colcon_notification.desktop_notification.terminal_notifier': Not used on non-Darwin systems
[1.798s] INFO:colcon.colcon_core.plugin_system:Skipping extension 'colcon_notification.desktop_notification.win32': Not used on non-Windows systems
[1.798s] INFO:colcon.colcon_notification.desktop_notification:Sending desktop notification using 'notify2'
[1.823s] DEBUG:colcon.colcon_core.event_reactor:joined thread
[1.838s] INFO:colcon.colcon_core.shell:Creating prefix script '/home/nitin/ros2_ws/install/local_setup.ps1'
[1.839s] INFO:colcon.colcon_core.shell:Creating prefix util module '/home/nitin/ros2_ws/install/_local_setup_util_ps1.py'
[1.840s] INFO:colcon.colcon_core.shell:Creating prefix chain script '/home/nitin/ros2_ws/install/setup.ps1'
[1.850s] INFO:colcon.colcon_core.shell:Creating prefix script '/home/nitin/ros2_ws/install/local_setup.sh'
[1.851s] INFO:colcon.colcon_core.shell:Creating prefix util module '/home/nitin/ros2_ws/install/_local_setup_util_sh.py'
[1.851s] INFO:colcon.colcon_core.shell:Creating prefix chain script '/home/nitin/ros2_ws/install/setup.sh'
[1.861s] INFO:colcon.colcon_core.shell:Creating prefix script '/home/nitin/ros2_ws/install/local_setup.bash'
[1.861s] INFO:colcon.colcon_core.shell:Creating prefix chain script '/home/nitin/ros2_ws/install/setup.bash'
[1.872s] INFO:colcon.colcon_core.shell:Creating prefix script '/home/nitin/ros2_ws/install/local_setup.zsh'
[1.872s] INFO:colcon.colcon_core.shell:Creating prefix chain script '/home/nitin/ros2_ws/install/setup.zsh'
