running develop
running egg_info
creating turtlesim_catch_them.egg-info
writing turtlesim_catch_them.egg-info/PKG-INFO
writing dependency_links to turtlesim_catch_them.egg-info/dependency_links.txt
writing entry points to turtlesim_catch_them.egg-info/entry_points.txt
writing requirements to turtlesim_catch_them.egg-info/requires.txt
writing top-level names to turtlesim_catch_them.egg-info/top_level.txt
writing manifest file 'turtlesim_catch_them.egg-info/SOURCES.txt'
reading manifest file 'turtlesim_catch_them.egg-info/SOURCES.txt'
writing manifest file 'turtlesim_catch_them.egg-info/SOURCES.txt'
running build_ext
Creating /home/nitin/ROS2/ros2_ws/install/turtlesim_catch_them/lib/python3.10/site-packages/turtlesim-catch-them.egg-link (link to .)
Installing turtlesim_controller script to /home/nitin/ROS2/ros2_ws/install/turtlesim_catch_them/lib/turtlesim_catch_them

Installed /home/nitin/ROS2/ros2_ws/build/turtlesim_catch_them
running install_data
creating /home/nitin/ROS2/ros2_ws/install/turtlesim_catch_them/share/ament_index
creating /home/nitin/ROS2/ros2_ws/install/turtlesim_catch_them/share/ament_index/resource_index
creating /home/nitin/ROS2/ros2_ws/install/turtlesim_catch_them/share/ament_index/resource_index/packages
copying resource/turtlesim_catch_them -> /home/nitin/ROS2/ros2_ws/install/turtlesim_catch_them/share/ament_index/resource_index/packages
copying package.xml -> /home/nitin/ROS2/ros2_ws/install/turtlesim_catch_them/share/turtlesim_catch_them
