[0.535s] Invoking command in '/home/nitin/ROS2/ros2_ws/build/turtlesim_catch_them': PYTHONPATH=/home/nitin/ROS2/ros2_ws/build/turtlesim_catch_them/prefix_override:/home/nitin/ROS2/ros2_ws/install/turtlesim_catch_them/lib/python3.10/site-packages:${PYTHONPATH} /usr/bin/python3 setup.py develop --editable --build-directory /home/nitin/ROS2/ros2_ws/build/turtlesim_catch_them/build --no-deps install_data
[0.746s] running develop
[0.852s] running egg_info
[0.852s] creating turtlesim_catch_them.egg-info
[0.853s] writing turtlesim_catch_them.egg-info/PKG-INFO
[0.853s] writing dependency_links to turtlesim_catch_them.egg-info/dependency_links.txt
[0.853s] writing entry points to turtlesim_catch_them.egg-info/entry_points.txt
[0.853s] writing requirements to turtlesim_catch_them.egg-info/requires.txt
[0.853s] writing top-level names to turtlesim_catch_them.egg-info/top_level.txt
[0.853s] writing manifest file 'turtlesim_catch_them.egg-info/SOURCES.txt'
[0.854s] reading manifest file 'turtlesim_catch_them.egg-info/SOURCES.txt'
[0.854s] writing manifest file 'turtlesim_catch_them.egg-info/SOURCES.txt'
[0.855s] running build_ext
[0.856s] Creating /home/nitin/ROS2/ros2_ws/install/turtlesim_catch_them/lib/python3.10/site-packages/turtlesim-catch-them.egg-link (link to .)
[0.856s] Installing turtlesim_controller script to /home/nitin/ROS2/ros2_ws/install/turtlesim_catch_them/lib/turtlesim_catch_them
[0.856s] 
[0.856s] Installed /home/nitin/ROS2/ros2_ws/build/turtlesim_catch_them
[0.856s] running install_data
[0.856s] creating /home/nitin/ROS2/ros2_ws/install/turtlesim_catch_them/share/ament_index
[0.856s] creating /home/nitin/ROS2/ros2_ws/install/turtlesim_catch_them/share/ament_index/resource_index
[0.857s] creating /home/nitin/ROS2/ros2_ws/install/turtlesim_catch_them/share/ament_index/resource_index/packages
[0.857s] copying resource/turtlesim_catch_them -> /home/nitin/ROS2/ros2_ws/install/turtlesim_catch_them/share/ament_index/resource_index/packages
[0.857s] copying package.xml -> /home/nitin/ROS2/ros2_ws/install/turtlesim_catch_them/share/turtlesim_catch_them
[0.876s] Invoked command in '/home/nitin/ROS2/ros2_ws/build/turtlesim_catch_them' returned '0': PYTHONPATH=/home/nitin/ROS2/ros2_ws/build/turtlesim_catch_them/prefix_override:/home/nitin/ROS2/ros2_ws/install/turtlesim_catch_them/lib/python3.10/site-packages:${PYTHONPATH} /usr/bin/python3 setup.py develop --editable --build-directory /home/nitin/ROS2/ros2_ws/build/turtlesim_catch_them/build --no-deps install_data
