[0.101s] Invoking command in '/home/nitin/ros2_ws/build/my_cpp_pkg': CMAKE_PREFIX_PATH=${CMAKE_PREFIX_PATH}:/home/nitin/ros2_ws/install/my_py_pkg:/opt/ros/humble /usr/bin/cmake --build /home/nitin/ros2_ws/build/my_cpp_pkg -- -j16 -l16
[0.169s] -- Found ament_cmake: 1.3.6 (/opt/ros/humble/share/ament_cmake/cmake)
[0.299s] -- Found rclcpp: 16.0.7 (/opt/ros/humble/share/rclcpp/cmake)
[0.328s] -- Found rosidl_generator_c: 3.1.5 (/opt/ros/humble/share/rosidl_generator_c/cmake)
[0.332s] -- Found rosidl_adapter: 3.1.5 (/opt/ros/humble/share/rosidl_adapter/cmake)
[0.339s] -- Found rosidl_generator_cpp: 3.1.5 (/opt/ros/humble/share/rosidl_generator_cpp/cmake)
[0.350s] -- Using all available rosidl_typesupport_c: rosidl_typesupport_fastrtps_c;rosidl_typesupport_introspection_c
[0.364s] -- Using all available rosidl_typesupport_cpp: rosidl_typesupport_fastrtps_cpp;rosidl_typesupport_introspection_cpp
[0.415s] -- Found rmw_implementation_cmake: 6.1.1 (/opt/ros/humble/share/rmw_implementation_cmake/cmake)
[0.417s] -- Found rmw_fastrtps_cpp: 6.2.5 (/opt/ros/humble/share/rmw_fastrtps_cpp/cmake)
[0.506s] -- Using RMW implementation 'rmw_fastrtps_cpp' as default
[0.639s] [31mCMake Error at CMakeLists.txt:19 (find_package):
[0.639s]   By not providing "Findfr_msgs.cmake" in CMAKE_MODULE_PATH this project has
[0.639s]   asked CMake to find a package configuration file provided by "fr_msgs", but
[0.639s]   CMake did not find one.
[0.639s] 
[0.639s]   Could not find a package configuration file provided by "fr_msgs" with any
[0.639s]   of the following names:
[0.639s] 
[0.639s]     fr_msgsConfig.cmake
[0.639s]     fr_msgs-config.cmake
[0.640s] 
[0.640s]   Add the installation prefix of "fr_msgs" to CMAKE_PREFIX_PATH or set
[0.640s]   "fr_msgs_DIR" to a directory containing one of the above files.  If
[0.640s]   "fr_msgs" provides a separate development package or SDK, be sure it has
[0.640s]   been installed.
[0.640s] 
[0.640s] [0m
[0.640s] -- Configuring incomplete, errors occurred!
[0.640s] See also "/home/nitin/ros2_ws/build/my_cpp_pkg/CMakeFiles/CMakeOutput.log".
[0.647s] gmake: *** [Makefile:226: cmake_check_build_system] Error 1
[0.649s] Invoked command in '/home/nitin/ros2_ws/build/my_cpp_pkg' returned '2': CMAKE_PREFIX_PATH=${CMAKE_PREFIX_PATH}:/home/nitin/ros2_ws/install/my_py_pkg:/opt/ros/humble /usr/bin/cmake --build /home/nitin/ros2_ws/build/my_cpp_pkg -- -j16 -l16
