[0.549s] Invoking command in '/home/nitin/ros2_ws/build/turtlesim_catch_them': CMAKE_PREFIX_PATH=/home/nitin/ros2_ws/install/my_robot_interfaces:/home/nitin/ros2_ws/install/my_robot_bringup:/home/nitin/ros2_ws/install/my_cpp_pkg:/home/nitin/nexa_ws/install/serial_motor_demo_msgs:/home/nitin/nexa_ws/install/diffdrive_arduino:/home/nitin/nexa_ws/install/articubot_one:/home/nitin/optimus1_ws/install/serial_motor_demo_msgs:/home/nitin/optimus1_ws/install/serial:/home/nitin/optimus1_ws/install/ldlidar_sl_ros2:/home/nitin/optimus1_ws/install/diffdrive_arduino:/home/nitin/optimus1_ws/install/amr PYTHONPATH=/home/nitin/ros2_ws/build/turtlesim_catch_them/prefix_override:/usr/lib/python3/dist-packages/colcon_core/task/python/colcon_distutils_commands:/home/nitin/ros2_ws/install/turtlesim_catch_them/lib/python3.10/site-packages:${PYTHONPATH} /usr/bin/python3 -W ignore:setup.py install is deprecated setup.py develop --editable --build-directory /home/nitin/ros2_ws/build/turtlesim_catch_them/build --no-deps symlink_data --force
[0.780s] running develop
[0.928s] running egg_info
[0.929s] writing turtlesim_catch_them.egg-info/PKG-INFO
[0.929s] writing dependency_links to turtlesim_catch_them.egg-info/dependency_links.txt
[0.929s] writing entry points to turtlesim_catch_them.egg-info/entry_points.txt
[0.929s] writing requirements to turtlesim_catch_them.egg-info/requires.txt
[0.929s] writing top-level names to turtlesim_catch_them.egg-info/top_level.txt
[0.931s] reading manifest file 'turtlesim_catch_them.egg-info/SOURCES.txt'
[0.932s] writing manifest file 'turtlesim_catch_them.egg-info/SOURCES.txt'
[0.933s] running build_ext
[0.933s] Creating /home/nitin/ros2_ws/install/turtlesim_catch_them/lib/python3.10/site-packages/turtlesim-catch-them.egg-link (link to .)
[0.933s] Installing turtle_spawn script to /home/nitin/ros2_ws/install/turtlesim_catch_them/lib/turtlesim_catch_them
[0.933s] Installing turtlesim_controller script to /home/nitin/ros2_ws/install/turtlesim_catch_them/lib/turtlesim_catch_them
[0.934s] 
[0.934s] Installed /home/nitin/ros2_ws/build/turtlesim_catch_them
[0.934s] running symlink_data
[0.934s] symbolically linking /home/nitin/ros2_ws/build/turtlesim_catch_them/resource/turtlesim_catch_them -> /home/nitin/ros2_ws/install/turtlesim_catch_them/share/ament_index/resource_index/packages
[0.934s] symbolically linking /home/nitin/ros2_ws/build/turtlesim_catch_them/package.xml -> /home/nitin/ros2_ws/install/turtlesim_catch_them/share/turtlesim_catch_them
[0.956s] Invoked command in '/home/nitin/ros2_ws/build/turtlesim_catch_them' returned '0': CMAKE_PREFIX_PATH=/home/nitin/ros2_ws/install/my_robot_interfaces:/home/nitin/ros2_ws/install/my_robot_bringup:/home/nitin/ros2_ws/install/my_cpp_pkg:/home/nitin/nexa_ws/install/serial_motor_demo_msgs:/home/nitin/nexa_ws/install/diffdrive_arduino:/home/nitin/nexa_ws/install/articubot_one:/home/nitin/optimus1_ws/install/serial_motor_demo_msgs:/home/nitin/optimus1_ws/install/serial:/home/nitin/optimus1_ws/install/ldlidar_sl_ros2:/home/nitin/optimus1_ws/install/diffdrive_arduino:/home/nitin/optimus1_ws/install/amr PYTHONPATH=/home/nitin/ros2_ws/build/turtlesim_catch_them/prefix_override:/usr/lib/python3/dist-packages/colcon_core/task/python/colcon_distutils_commands:/home/nitin/ros2_ws/install/turtlesim_catch_them/lib/python3.10/site-packages:${PYTHONPATH} /usr/bin/python3 -W ignore:setup.py install is deprecated setup.py develop --editable --build-directory /home/nitin/ros2_ws/build/turtlesim_catch_them/build --no-deps symlink_data --force
