[0.620s] Invoking command in '/home/nitin/ros2_ws/build/my_py_pkg': PYTHONPATH=/home/nitin/ros2_ws/build/my_py_pkg/prefix_override:/home/nitin/ros2_ws/install/my_py_pkg/lib/python3.10/site-packages:${PYTHONPATH} /usr/bin/python3 setup.py develop --editable --build-directory /home/nitin/ros2_ws/build/my_py_pkg/build --no-deps install_data
[0.844s] running develop
[0.953s] running egg_info
[0.953s] writing my_py_pkg.egg-info/PKG-INFO
[0.954s] writing dependency_links to my_py_pkg.egg-info/dependency_links.txt
[0.954s] writing entry points to my_py_pkg.egg-info/entry_points.txt
[0.954s] writing requirements to my_py_pkg.egg-info/requires.txt
[0.954s] writing top-level names to my_py_pkg.egg-info/top_level.txt
[0.956s] reading manifest file 'my_py_pkg.egg-info/SOURCES.txt'
[0.957s] writing manifest file 'my_py_pkg.egg-info/SOURCES.txt'
[0.958s] running build_ext
[0.958s] Creating /home/nitin/ros2_ws/install/my_py_pkg/lib/python3.10/site-packages/my-py-pkg.egg-link (link to .)
[0.958s] Installing number_counter script to /home/nitin/ros2_ws/install/my_py_pkg/lib/my_py_pkg
[0.958s] Installing number_publisher script to /home/nitin/ros2_ws/install/my_py_pkg/lib/my_py_pkg
[0.958s] Installing py_node script to /home/nitin/ros2_ws/install/my_py_pkg/lib/my_py_pkg
[0.959s] Installing robot_news_station script to /home/nitin/ros2_ws/install/my_py_pkg/lib/my_py_pkg
[0.959s] Installing smartphone script to /home/nitin/ros2_ws/install/my_py_pkg/lib/my_py_pkg
[0.959s] 
[0.959s] Installed /home/nitin/ros2_ws/build/my_py_pkg
[0.959s] running install_data
[0.985s] Invoked command in '/home/nitin/ros2_ws/build/my_py_pkg' returned '0': PYTHONPATH=/home/nitin/ros2_ws/build/my_py_pkg/prefix_override:/home/nitin/ros2_ws/install/my_py_pkg/lib/python3.10/site-packages:${PYTHONPATH} /usr/bin/python3 setup.py develop --editable --build-directory /home/nitin/ros2_ws/build/my_py_pkg/build --no-deps install_data
