[0.593s] Invoking command in '/home/nitin/ros2_ws/scr/my_py_pkg': PYTHONPATH=/home/nitin/ros2_ws/scr/build/my_py_pkg/prefix_override:/home/nitin/ros2_ws/scr/install/my_py_pkg/lib/python3.10/site-packages:${PYTHONPATH} /usr/bin/python3 setup.py egg_info --egg-base ../build/my_py_pkg build --build-base /home/nitin/ros2_ws/scr/build/my_py_pkg/build install --record /home/nitin/ros2_ws/scr/build/my_py_pkg/install.log --single-version-externally-managed
[0.768s] running egg_info
[0.769s] creating ../build/my_py_pkg/my_py_pkg.egg-info
[0.769s] writing ../build/my_py_pkg/my_py_pkg.egg-info/PKG-INFO
[0.769s] writing dependency_links to ../build/my_py_pkg/my_py_pkg.egg-info/dependency_links.txt
[0.769s] writing entry points to ../build/my_py_pkg/my_py_pkg.egg-info/entry_points.txt
[0.769s] writing requirements to ../build/my_py_pkg/my_py_pkg.egg-info/requires.txt
[0.769s] writing top-level names to ../build/my_py_pkg/my_py_pkg.egg-info/top_level.txt
[0.769s] writing manifest file '../build/my_py_pkg/my_py_pkg.egg-info/SOURCES.txt'
[0.770s] reading manifest file '../build/my_py_pkg/my_py_pkg.egg-info/SOURCES.txt'
[0.771s] writing manifest file '../build/my_py_pkg/my_py_pkg.egg-info/SOURCES.txt'
[0.771s] running build
[0.771s] running build_py
[0.771s] creating /home/nitin/ros2_ws/scr/build/my_py_pkg/build
[0.771s] creating /home/nitin/ros2_ws/scr/build/my_py_pkg/build/lib
[0.771s] creating /home/nitin/ros2_ws/scr/build/my_py_pkg/build/lib/my_py_pkg
[0.771s] copying my_py_pkg/robot_news_station.py -> /home/nitin/ros2_ws/scr/build/my_py_pkg/build/lib/my_py_pkg
[0.771s] copying my_py_pkg/__init__.py -> /home/nitin/ros2_ws/scr/build/my_py_pkg/build/lib/my_py_pkg
[0.772s] copying my_py_pkg/template_python_node.py -> /home/nitin/ros2_ws/scr/build/my_py_pkg/build/lib/my_py_pkg
[0.772s] copying my_py_pkg/my_first_node.py -> /home/nitin/ros2_ws/scr/build/my_py_pkg/build/lib/my_py_pkg
[0.772s] running install
[0.772s] running install_lib
[0.772s] creating /home/nitin/ros2_ws/scr/install/my_py_pkg/lib/python3.10/site-packages/my_py_pkg
[0.772s] copying /home/nitin/ros2_ws/scr/build/my_py_pkg/build/lib/my_py_pkg/robot_news_station.py -> /home/nitin/ros2_ws/scr/install/my_py_pkg/lib/python3.10/site-packages/my_py_pkg
[0.772s] copying /home/nitin/ros2_ws/scr/build/my_py_pkg/build/lib/my_py_pkg/__init__.py -> /home/nitin/ros2_ws/scr/install/my_py_pkg/lib/python3.10/site-packages/my_py_pkg
[0.773s] copying /home/nitin/ros2_ws/scr/build/my_py_pkg/build/lib/my_py_pkg/template_python_node.py -> /home/nitin/ros2_ws/scr/install/my_py_pkg/lib/python3.10/site-packages/my_py_pkg
[0.773s] copying /home/nitin/ros2_ws/scr/build/my_py_pkg/build/lib/my_py_pkg/my_first_node.py -> /home/nitin/ros2_ws/scr/install/my_py_pkg/lib/python3.10/site-packages/my_py_pkg
[0.773s] byte-compiling /home/nitin/ros2_ws/scr/install/my_py_pkg/lib/python3.10/site-packages/my_py_pkg/robot_news_station.py to robot_news_station.cpython-310.pyc
[0.773s] byte-compiling /home/nitin/ros2_ws/scr/install/my_py_pkg/lib/python3.10/site-packages/my_py_pkg/__init__.py to __init__.cpython-310.pyc
[0.773s] byte-compiling /home/nitin/ros2_ws/scr/install/my_py_pkg/lib/python3.10/site-packages/my_py_pkg/template_python_node.py to template_python_node.cpython-310.pyc
[0.774s] byte-compiling /home/nitin/ros2_ws/scr/install/my_py_pkg/lib/python3.10/site-packages/my_py_pkg/my_first_node.py to my_first_node.cpython-310.pyc
[0.774s] running install_data
[0.774s] creating /home/nitin/ros2_ws/scr/install/my_py_pkg/share/ament_index
[0.775s] creating /home/nitin/ros2_ws/scr/install/my_py_pkg/share/ament_index/resource_index
[0.775s] creating /home/nitin/ros2_ws/scr/install/my_py_pkg/share/ament_index/resource_index/packages
[0.775s] copying resource/my_py_pkg -> /home/nitin/ros2_ws/scr/install/my_py_pkg/share/ament_index/resource_index/packages
[0.775s] copying package.xml -> /home/nitin/ros2_ws/scr/install/my_py_pkg/share/my_py_pkg
[0.775s] running install_egg_info
[0.776s] Copying ../build/my_py_pkg/my_py_pkg.egg-info to /home/nitin/ros2_ws/scr/install/my_py_pkg/lib/python3.10/site-packages/my_py_pkg-0.0.0-py3.10.egg-info
[0.776s] running install_scripts
[0.794s] Installing robot_news_station script to /home/nitin/ros2_ws/scr/install/my_py_pkg/lib/my_py_pkg
[0.794s] writing list of installed files to '/home/nitin/ros2_ws/scr/build/my_py_pkg/install.log'
[0.823s] Invoked command in '/home/nitin/ros2_ws/scr/my_py_pkg' returned '0': PYTHONPATH=/home/nitin/ros2_ws/scr/build/my_py_pkg/prefix_override:/home/nitin/ros2_ws/scr/install/my_py_pkg/lib/python3.10/site-packages:${PYTHONPATH} /usr/bin/python3 setup.py egg_info --egg-base ../build/my_py_pkg build --build-base /home/nitin/ros2_ws/scr/build/my_py_pkg/build install --record /home/nitin/ros2_ws/scr/build/my_py_pkg/install.log --single-version-externally-managed
