[0.111s] Invoking command in '/home/nitin/ros2_ws/build/my_cpp_pkg': CMAKE_PREFIX_PATH=${CMAKE_PREFIX_PATH}:/home/nitin/ros2_ws/install/my_py_pkg:/home/nitin/ros2_ws/install/my-py-pkg:/opt/ros/humble /usr/bin/cmake --build /home/nitin/ros2_ws/build/my_cpp_pkg -- -j16 -l16
[0.358s] Invoked command in '/home/nitin/ros2_ws/build/my_cpp_pkg' returned '0': CMAKE_PREFIX_PATH=${CMAKE_PREFIX_PATH}:/home/nitin/ros2_ws/install/my_py_pkg:/home/nitin/ros2_ws/install/my-py-pkg:/opt/ros/humble /usr/bin/cmake --build /home/nitin/ros2_ws/build/my_cpp_pkg -- -j16 -l16
[0.380s] Invoking command in '/home/nitin/ros2_ws/build/my_cpp_pkg': CMAKE_PREFIX_PATH=${CMAKE_PREFIX_PATH}:/home/nitin/ros2_ws/install/my_py_pkg:/home/nitin/ros2_ws/install/my-py-pkg:/opt/ros/humble /usr/bin/cmake --install /home/nitin/ros2_ws/build/my_cpp_pkg
[0.385s] -- Install configuration: ""
[0.385s] -- Up-to-date: /home/nitin/ros2_ws/install/my_cpp_pkg/share/ament_index/resource_index/package_run_dependencies/my_cpp_pkg
[0.385s] -- Up-to-date: /home/nitin/ros2_ws/install/my_cpp_pkg/share/ament_index/resource_index/parent_prefix_path/my_cpp_pkg
[0.386s] -- Up-to-date: /home/nitin/ros2_ws/install/my_cpp_pkg/share/my_cpp_pkg/environment/ament_prefix_path.sh
[0.386s] -- Up-to-date: /home/nitin/ros2_ws/install/my_cpp_pkg/share/my_cpp_pkg/environment/ament_prefix_path.dsv
[0.386s] -- Up-to-date: /home/nitin/ros2_ws/install/my_cpp_pkg/share/my_cpp_pkg/environment/path.sh
[0.386s] -- Up-to-date: /home/nitin/ros2_ws/install/my_cpp_pkg/share/my_cpp_pkg/environment/path.dsv
[0.386s] -- Up-to-date: /home/nitin/ros2_ws/install/my_cpp_pkg/share/my_cpp_pkg/local_setup.bash
[0.386s] -- Up-to-date: /home/nitin/ros2_ws/install/my_cpp_pkg/share/my_cpp_pkg/local_setup.sh
[0.386s] -- Up-to-date: /home/nitin/ros2_ws/install/my_cpp_pkg/share/my_cpp_pkg/local_setup.zsh
[0.386s] -- Up-to-date: /home/nitin/ros2_ws/install/my_cpp_pkg/share/my_cpp_pkg/local_setup.dsv
[0.386s] -- Installing: /home/nitin/ros2_ws/install/my_cpp_pkg/share/my_cpp_pkg/package.dsv
[0.386s] -- Up-to-date: /home/nitin/ros2_ws/install/my_cpp_pkg/share/ament_index/resource_index/packages/my_cpp_pkg
[0.386s] -- Up-to-date: /home/nitin/ros2_ws/install/my_cpp_pkg/share/my_cpp_pkg/cmake/my_cpp_pkgConfig.cmake
[0.386s] -- Up-to-date: /home/nitin/ros2_ws/install/my_cpp_pkg/share/my_cpp_pkg/cmake/my_cpp_pkgConfig-version.cmake
[0.386s] -- Up-to-date: /home/nitin/ros2_ws/install/my_cpp_pkg/share/my_cpp_pkg/package.xml
[0.387s] Invoked command in '/home/nitin/ros2_ws/build/my_cpp_pkg' returned '0': CMAKE_PREFIX_PATH=${CMAKE_PREFIX_PATH}:/home/nitin/ros2_ws/install/my_py_pkg:/home/nitin/ros2_ws/install/my-py-pkg:/opt/ros/humble /usr/bin/cmake --install /home/nitin/ros2_ws/build/my_cpp_pkg
