[0.595s] Invoking command in '/home/nitin/ros2_ws/build/my_py_pkg': PYTHONPATH=/home/nitin/ros2_ws/build/my_py_pkg/prefix_override:/home/nitin/ros2_ws/install/my_py_pkg/lib/python3.10/site-packages:${PYTHONPATH} /usr/bin/python3 setup.py develop --editable --build-directory /home/nitin/ros2_ws/build/my_py_pkg/build --no-deps install_data
[0.782s] running develop
[0.891s] running egg_info
[0.891s] writing my_py_pkg.egg-info/PKG-INFO
[0.892s] writing dependency_links to my_py_pkg.egg-info/dependency_links.txt
[0.892s] writing entry points to my_py_pkg.egg-info/entry_points.txt
[0.892s] writing requirements to my_py_pkg.egg-info/requires.txt
[0.892s] writing top-level names to my_py_pkg.egg-info/top_level.txt
[0.894s] reading manifest file 'my_py_pkg.egg-info/SOURCES.txt'
[0.895s] writing manifest file 'my_py_pkg.egg-info/SOURCES.txt'
[0.896s] running build_ext
[0.896s] Creating /home/nitin/ros2_ws/install/my_py_pkg/lib/python3.10/site-packages/my-py-pkg.egg-link (link to .)
[0.896s] Installing add_two_ints_client script to /home/nitin/ros2_ws/install/my_py_pkg/lib/my_py_pkg
[0.897s] Installing add_two_ints_client_no_oop script to /home/nitin/ros2_ws/install/my_py_pkg/lib/my_py_pkg
[0.897s] Installing add_two_ints_server script to /home/nitin/ros2_ws/install/my_py_pkg/lib/my_py_pkg
[0.897s] Installing battery script to /home/nitin/ros2_ws/install/my_py_pkg/lib/my_py_pkg
[0.897s] Installing hw_status_publisher script to /home/nitin/ros2_ws/install/my_py_pkg/lib/my_py_pkg
[0.897s] Installing led_panel script to /home/nitin/ros2_ws/install/my_py_pkg/lib/my_py_pkg
[0.897s] Installing number_counter script to /home/nitin/ros2_ws/install/my_py_pkg/lib/my_py_pkg
[0.897s] Installing number_publisher script to /home/nitin/ros2_ws/install/my_py_pkg/lib/my_py_pkg
[0.897s] Installing py_node script to /home/nitin/ros2_ws/install/my_py_pkg/lib/my_py_pkg
[0.897s] Installing robot_news_station script to /home/nitin/ros2_ws/install/my_py_pkg/lib/my_py_pkg
[0.897s] Installing smartphone script to /home/nitin/ros2_ws/install/my_py_pkg/lib/my_py_pkg
[0.897s] 
[0.897s] Installed /home/nitin/ros2_ws/build/my_py_pkg
[0.897s] running install_data
[0.921s] Invoked command in '/home/nitin/ros2_ws/build/my_py_pkg' returned '0': PYTHONPATH=/home/nitin/ros2_ws/build/my_py_pkg/prefix_override:/home/nitin/ros2_ws/install/my_py_pkg/lib/python3.10/site-packages:${PYTHONPATH} /usr/bin/python3 setup.py develop --editable --build-directory /home/nitin/ros2_ws/build/my_py_pkg/build --no-deps install_data
