[0.035s] Invoking command in '/home/nitin/ros2_ws/build/my_cpp_pkg': CMAKE_PREFIX_PATH=${CMAKE_PREFIX_PATH}:/home/nitin/ros2_ws/install/turtlesim_catch_them:/home/nitin/ros2_ws/install/my_py_pkg:/home/nitin/nexa_ws/install/serial_motor_demo:/home/nitin/optimus1_ws/install/serial_motor_demo:/opt/ros/humble /usr/bin/cmake /home/nitin/ros2_ws/scr/my_cpp_pkg -DAMENT_CMAKE_SYMLINK_INSTALL=1 -DCMAKE_INSTALL_PREFIX=/home/nitin/ros2_ws/install/my_cpp_pkg
[0.063s] -- Found ament_cmake: 1.3.10 (/opt/ros/humble/share/ament_cmake/cmake)
[0.270s] -- Found Python3: /usr/bin/python3 (found version "3.10.12") found components: Interpreter 
[0.367s] -- Override CMake install command with custom implementation using symlinks instead of copying resources
[0.376s] -- Found rclcpp: 16.0.10 (/opt/ros/humble/share/rclcpp/cmake)
[0.417s] -- Found rosidl_generator_c: 3.1.5 (/opt/ros/humble/share/rosidl_generator_c/cmake)
[0.419s] -- Found rosidl_adapter: 3.1.5 (/opt/ros/humble/share/rosidl_adapter/cmake)
[0.427s] -- Found rosidl_generator_cpp: 3.1.5 (/opt/ros/humble/share/rosidl_generator_cpp/cmake)
[0.436s] -- Using all available rosidl_typesupport_c: rosidl_typesupport_fastrtps_c;rosidl_typesupport_introspection_c
[0.450s] -- Using all available rosidl_typesupport_cpp: rosidl_typesupport_fastrtps_cpp;rosidl_typesupport_introspection_cpp
[0.499s] -- Found rmw_implementation_cmake: 6.1.2 (/opt/ros/humble/share/rmw_implementation_cmake/cmake)
[0.502s] -- Found rmw_fastrtps_cpp: 6.2.7 (/opt/ros/humble/share/rmw_fastrtps_cpp/cmake)
[0.658s] -- Using RMW implementation 'rmw_fastrtps_cpp' as default
[0.747s] [31mCMake Error at CMakeLists.txt:19 (find_package):
[0.747s]   By not providing "Findfr_msgs.cmake" in CMAKE_MODULE_PATH this project has
[0.747s]   asked CMake to find a package configuration file provided by "fr_msgs", but
[0.747s]   CMake did not find one.
[0.747s] 
[0.748s]   Could not find a package configuration file provided by "fr_msgs" with any
[0.748s]   of the following names:
[0.748s] 
[0.748s]     fr_msgsConfig.cmake
[0.748s]     fr_msgs-config.cmake
[0.748s] 
[0.748s]   Add the installation prefix of "fr_msgs" to CMAKE_PREFIX_PATH or set
[0.748s]   "fr_msgs_DIR" to a directory containing one of the above files.  If
[0.748s]   "fr_msgs" provides a separate development package or SDK, be sure it has
[0.748s]   been installed.
[0.748s] 
[0.748s] [0m
[0.748s] -- Configuring incomplete, errors occurred!
[0.748s] See also "/home/nitin/ros2_ws/build/my_cpp_pkg/CMakeFiles/CMakeOutput.log".
[0.757s] Invoked command in '/home/nitin/ros2_ws/build/my_cpp_pkg' returned '1': CMAKE_PREFIX_PATH=${CMAKE_PREFIX_PATH}:/home/nitin/ros2_ws/install/turtlesim_catch_them:/home/nitin/ros2_ws/install/my_py_pkg:/home/nitin/nexa_ws/install/serial_motor_demo:/home/nitin/optimus1_ws/install/serial_motor_demo:/opt/ros/humble /usr/bin/cmake /home/nitin/ros2_ws/scr/my_cpp_pkg -DAMENT_CMAKE_SYMLINK_INSTALL=1 -DCMAKE_INSTALL_PREFIX=/home/nitin/ros2_ws/install/my_cpp_pkg
