[0.048s] Invoking command in '/home/nitin/ros2_ws/build/my_robot_bringup': CMAKE_PREFIX_PATH=${CMAKE_PREFIX_PATH}:/home/nitin/ros2_ws/install/my_py_pkg:/opt/ros/humble /usr/bin/cmake /home/nitin/ros2_ws/scr/my_robot_bringup -DAMENT_CMAKE_SYMLINK_INSTALL=1 -DCMAKE_INSTALL_PREFIX=/home/nitin/ros2_ws/install/my_robot_bringup
[0.136s] -- The C compiler identification is GNU 11.4.0
[0.221s] -- The CXX compiler identification is GNU 11.4.0
[0.229s] -- Detecting C compiler ABI info
[0.323s] -- Detecting C compiler ABI info - done
[0.339s] -- Check for working C compiler: /usr/bin/cc - skipped
[0.340s] -- Detecting C compile features
[0.341s] -- Detecting C compile features - done
[0.349s] -- Detecting CXX compiler ABI info
[0.485s] -- Detecting CXX compiler ABI info - done
[0.502s] -- Check for working CXX compiler: /usr/bin/c++ - skipped
[0.503s] -- Detecting CXX compile features
[0.504s] -- Detecting CXX compile features - done
[0.515s] -- Found ament_cmake: 1.3.6 (/opt/ros/humble/share/ament_cmake/cmake)
[0.739s] -- Found Python3: /usr/bin/python3.10 (found version "3.10.12") found components: Interpreter 
[0.788s] -- Override CMake install command with custom implementation using symlinks instead of copying resources
[0.869s] -- Configuring done
[0.870s] -- Generating done
[0.871s] -- Build files have been written to: /home/nitin/ros2_ws/build/my_robot_bringup
[0.875s] Invoked command in '/home/nitin/ros2_ws/build/my_robot_bringup' returned '0': CMAKE_PREFIX_PATH=${CMAKE_PREFIX_PATH}:/home/nitin/ros2_ws/install/my_py_pkg:/opt/ros/humble /usr/bin/cmake /home/nitin/ros2_ws/scr/my_robot_bringup -DAMENT_CMAKE_SYMLINK_INSTALL=1 -DCMAKE_INSTALL_PREFIX=/home/nitin/ros2_ws/install/my_robot_bringup
[0.878s] Invoking command in '/home/nitin/ros2_ws/build/my_robot_bringup': CMAKE_PREFIX_PATH=${CMAKE_PREFIX_PATH}:/home/nitin/ros2_ws/install/my_py_pkg:/opt/ros/humble /usr/bin/cmake --build /home/nitin/ros2_ws/build/my_robot_bringup -- -j16 -l16
[0.928s] Invoked command in '/home/nitin/ros2_ws/build/my_robot_bringup' returned '0': CMAKE_PREFIX_PATH=${CMAKE_PREFIX_PATH}:/home/nitin/ros2_ws/install/my_py_pkg:/opt/ros/humble /usr/bin/cmake --build /home/nitin/ros2_ws/build/my_robot_bringup -- -j16 -l16
[0.960s] Invoking command in '/home/nitin/ros2_ws/build/my_robot_bringup': CMAKE_PREFIX_PATH=${CMAKE_PREFIX_PATH}:/home/nitin/ros2_ws/install/my_py_pkg:/opt/ros/humble /usr/bin/cmake --install /home/nitin/ros2_ws/build/my_robot_bringup
[0.964s] -- Install configuration: ""
[0.964s] -- Execute custom install script
[0.964s] -- Symlinking: /home/nitin/ros2_ws/install/my_robot_bringup/share/my_robot_bringup/launch/number_app.launch.py
[0.969s] -- Symlinking: /home/nitin/ros2_ws/install/my_robot_bringup/share/ament_index/resource_index/package_run_dependencies/my_robot_bringup
[0.982s] -- Symlinking: /home/nitin/ros2_ws/install/my_robot_bringup/share/ament_index/resource_index/parent_prefix_path/my_robot_bringup
[0.987s] -- Symlinking: /home/nitin/ros2_ws/install/my_robot_bringup/share/my_robot_bringup/environment/ament_prefix_path.sh
[0.999s] -- Symlinking: /home/nitin/ros2_ws/install/my_robot_bringup/share/my_robot_bringup/environment/ament_prefix_path.dsv
[1.005s] -- Symlinking: /home/nitin/ros2_ws/install/my_robot_bringup/share/my_robot_bringup/environment/path.sh
[1.015s] -- Symlinking: /home/nitin/ros2_ws/install/my_robot_bringup/share/my_robot_bringup/environment/path.dsv
[1.027s] -- Symlinking: /home/nitin/ros2_ws/install/my_robot_bringup/share/my_robot_bringup/local_setup.bash
[1.040s] -- Symlinking: /home/nitin/ros2_ws/install/my_robot_bringup/share/my_robot_bringup/local_setup.sh
[1.053s] -- Symlinking: /home/nitin/ros2_ws/install/my_robot_bringup/share/my_robot_bringup/local_setup.zsh
[1.065s] -- Symlinking: /home/nitin/ros2_ws/install/my_robot_bringup/share/my_robot_bringup/local_setup.dsv
[1.076s] -- Symlinking: /home/nitin/ros2_ws/install/my_robot_bringup/share/my_robot_bringup/package.dsv
[1.087s] -- Symlinking: /home/nitin/ros2_ws/install/my_robot_bringup/share/ament_index/resource_index/packages/my_robot_bringup
[1.100s] -- Symlinking: /home/nitin/ros2_ws/install/my_robot_bringup/share/my_robot_bringup/cmake/my_robot_bringupConfig.cmake
[1.111s] -- Symlinking: /home/nitin/ros2_ws/install/my_robot_bringup/share/my_robot_bringup/cmake/my_robot_bringupConfig-version.cmake
[1.124s] -- Symlinking: /home/nitin/ros2_ws/install/my_robot_bringup/share/my_robot_bringup/package.xml
[1.139s] Invoked command in '/home/nitin/ros2_ws/build/my_robot_bringup' returned '0': CMAKE_PREFIX_PATH=${CMAKE_PREFIX_PATH}:/home/nitin/ros2_ws/install/my_py_pkg:/opt/ros/humble /usr/bin/cmake --install /home/nitin/ros2_ws/build/my_robot_bringup
