[0.123s] DEBUG:colcon:Command line arguments: ['/usr/bin/colcon', 'build', '--packages-select', '--symlink-install']
[0.124s] DEBUG:colcon:Parsed command line arguments: Namespace(log_base=None, log_level=None, verb_name='build', build_base='build', install_base='install', merge_install=False, symlink_install=True, test_result_base=None, continue_on_error=False, executor='parallel', parallel_workers=16, event_handlers=None, ignore_user_meta=False, metas=['./colcon.meta'], base_paths=['.'], packages_ignore=None, packages_ignore_regex=None, paths=None, packages_up_to=None, packages_up_to_regex=None, packages_above=None, packages_above_and_dependencies=None, packages_above_depth=None, packages_select_by_dep=None, packages_skip_by_dep=None, packages_skip_up_to=None, packages_select_build_failed=False, packages_skip_build_finished=False, packages_select_test_failures=False, packages_skip_test_passed=False, packages_select=[], packages_skip=None, packages_select_regex=None, packages_skip_regex=None, packages_start=None, packages_end=None, allow_overriding=[], cmake_args=None, cmake_target=None, cmake_target_skip_unavailable=False, cmake_clean_cache=False, cmake_clean_first=False, cmake_force_configure=False, ament_cmake_args=None, catkin_cmake_args=None, catkin_skip_building_tests=False, mixin_files=None, mixin=None, verb_parser=<colcon_mixin.mixin.mixin_argument.MixinArgumentDecorator object at 0x75f1e683beb0>, verb_extension=<colcon_core.verb.build.BuildVerb object at 0x75f1e6980670>, main=<bound method BuildVerb.main of <colcon_core.verb.build.BuildVerb object at 0x75f1e6980670>>, mixin_verb=('build',))
[0.502s] Level 1:colcon.colcon_core.package_discovery:discover_packages(colcon_meta) check parameters
[0.502s] Level 1:colcon.colcon_core.package_discovery:discover_packages(recursive) check parameters
[0.502s] Level 1:colcon.colcon_core.package_discovery:discover_packages(ignore) check parameters
[0.502s] Level 1:colcon.colcon_core.package_discovery:discover_packages(path) check parameters
[0.502s] Level 1:colcon.colcon_core.package_discovery:discover_packages(colcon_meta) discover
[0.502s] Level 1:colcon.colcon_core.package_discovery:discover_packages(recursive) discover
[0.502s] INFO:colcon.colcon_core.package_discovery:Crawling recursively for packages in '/home/nitin/ros2_ws'
[0.502s] Level 1:colcon.colcon_core.package_identification:_identify(.) by extensions ['ignore', 'ignore_ament_install']
[0.502s] Level 1:colcon.colcon_core.package_identification:_identify(.) by extension 'ignore'
[0.502s] Level 1:colcon.colcon_core.package_identification:_identify(.) by extension 'ignore_ament_install'
[0.502s] Level 1:colcon.colcon_core.package_identification:_identify(.) by extensions ['colcon_pkg']
[0.502s] Level 1:colcon.colcon_core.package_identification:_identify(.) by extension 'colcon_pkg'
[0.502s] Level 1:colcon.colcon_core.package_identification:_identify(.) by extensions ['colcon_meta']
[0.502s] Level 1:colcon.colcon_core.package_identification:_identify(.) by extension 'colcon_meta'
[0.502s] Level 1:colcon.colcon_core.package_identification:_identify(.) by extensions ['ros']
[0.503s] Level 1:colcon.colcon_core.package_identification:_identify(.) by extension 'ros'
[0.516s] Level 1:colcon.colcon_core.package_identification:_identify(.) by extensions ['cmake', 'python']
[0.516s] Level 1:colcon.colcon_core.package_identification:_identify(.) by extension 'cmake'
[0.516s] Level 1:colcon.colcon_core.package_identification:_identify(.) by extension 'python'
[0.516s] Level 1:colcon.colcon_core.package_identification:_identify(.) by extensions ['python_setup_py']
[0.516s] Level 1:colcon.colcon_core.package_identification:_identify(.) by extension 'python_setup_py'
[0.516s] Level 1:colcon.colcon_core.package_identification:_identify(build) by extensions ['ignore', 'ignore_ament_install']
[0.516s] Level 1:colcon.colcon_core.package_identification:_identify(build) by extension 'ignore'
[0.516s] Level 1:colcon.colcon_core.package_identification:_identify(build) ignored
[0.516s] Level 1:colcon.colcon_core.package_identification:_identify(install) by extensions ['ignore', 'ignore_ament_install']
[0.516s] Level 1:colcon.colcon_core.package_identification:_identify(install) by extension 'ignore'
[0.516s] Level 1:colcon.colcon_core.package_identification:_identify(install) ignored
[0.517s] Level 1:colcon.colcon_core.package_identification:_identify(log) by extensions ['ignore', 'ignore_ament_install']
[0.517s] Level 1:colcon.colcon_core.package_identification:_identify(log) by extension 'ignore'
[0.517s] Level 1:colcon.colcon_core.package_identification:_identify(log) ignored
[0.517s] Level 1:colcon.colcon_core.package_identification:_identify(scr) by extensions ['ignore', 'ignore_ament_install']
[0.517s] Level 1:colcon.colcon_core.package_identification:_identify(scr) by extension 'ignore'
[0.517s] Level 1:colcon.colcon_core.package_identification:_identify(scr) by extension 'ignore_ament_install'
[0.517s] Level 1:colcon.colcon_core.package_identification:_identify(scr) by extensions ['colcon_pkg']
[0.517s] Level 1:colcon.colcon_core.package_identification:_identify(scr) by extension 'colcon_pkg'
[0.517s] Level 1:colcon.colcon_core.package_identification:_identify(scr) by extensions ['colcon_meta']
[0.517s] Level 1:colcon.colcon_core.package_identification:_identify(scr) by extension 'colcon_meta'
[0.517s] Level 1:colcon.colcon_core.package_identification:_identify(scr) by extensions ['ros']
[0.517s] Level 1:colcon.colcon_core.package_identification:_identify(scr) by extension 'ros'
[0.517s] Level 1:colcon.colcon_core.package_identification:_identify(scr) by extensions ['cmake', 'python']
[0.518s] Level 1:colcon.colcon_core.package_identification:_identify(scr) by extension 'cmake'
[0.518s] Level 1:colcon.colcon_core.package_identification:_identify(scr) by extension 'python'
[0.518s] Level 1:colcon.colcon_core.package_identification:_identify(scr) by extensions ['python_setup_py']
[0.518s] Level 1:colcon.colcon_core.package_identification:_identify(scr) by extension 'python_setup_py'
[0.518s] Level 1:colcon.colcon_core.package_identification:_identify(scr/build) by extensions ['ignore', 'ignore_ament_install']
[0.518s] Level 1:colcon.colcon_core.package_identification:_identify(scr/build) by extension 'ignore'
[0.518s] Level 1:colcon.colcon_core.package_identification:_identify(scr/build) ignored
[0.518s] Level 1:colcon.colcon_core.package_identification:_identify(scr/install) by extensions ['ignore', 'ignore_ament_install']
[0.518s] Level 1:colcon.colcon_core.package_identification:_identify(scr/install) by extension 'ignore'
[0.518s] Level 1:colcon.colcon_core.package_identification:_identify(scr/install) ignored
[0.518s] Level 1:colcon.colcon_core.package_identification:_identify(scr/log) by extensions ['ignore', 'ignore_ament_install']
[0.518s] Level 1:colcon.colcon_core.package_identification:_identify(scr/log) by extension 'ignore'
[0.518s] Level 1:colcon.colcon_core.package_identification:_identify(scr/log) ignored
[0.519s] Level 1:colcon.colcon_core.package_identification:_identify(scr/my_cpp_pkg) by extensions ['ignore', 'ignore_ament_install']
[0.519s] Level 1:colcon.colcon_core.package_identification:_identify(scr/my_cpp_pkg) by extension 'ignore'
[0.519s] Level 1:colcon.colcon_core.package_identification:_identify(scr/my_cpp_pkg) by extension 'ignore_ament_install'
[0.519s] Level 1:colcon.colcon_core.package_identification:_identify(scr/my_cpp_pkg) by extensions ['colcon_pkg']
[0.519s] Level 1:colcon.colcon_core.package_identification:_identify(scr/my_cpp_pkg) by extension 'colcon_pkg'
[0.519s] Level 1:colcon.colcon_core.package_identification:_identify(scr/my_cpp_pkg) by extensions ['colcon_meta']
[0.519s] Level 1:colcon.colcon_core.package_identification:_identify(scr/my_cpp_pkg) by extension 'colcon_meta'
[0.519s] Level 1:colcon.colcon_core.package_identification:_identify(scr/my_cpp_pkg) by extensions ['ros']
[0.519s] Level 1:colcon.colcon_core.package_identification:_identify(scr/my_cpp_pkg) by extension 'ros'
[0.522s] DEBUG:colcon.colcon_core.package_identification:Package 'scr/my_cpp_pkg' with type 'ros.ament_cmake' and name 'my_cpp_pkg'
[0.523s] Level 1:colcon.colcon_core.package_identification:_identify(scr/my_py_pkg) by extensions ['ignore', 'ignore_ament_install']
[0.523s] Level 1:colcon.colcon_core.package_identification:_identify(scr/my_py_pkg) by extension 'ignore'
[0.523s] Level 1:colcon.colcon_core.package_identification:_identify(scr/my_py_pkg) by extension 'ignore_ament_install'
[0.523s] Level 1:colcon.colcon_core.package_identification:_identify(scr/my_py_pkg) by extensions ['colcon_pkg']
[0.523s] Level 1:colcon.colcon_core.package_identification:_identify(scr/my_py_pkg) by extension 'colcon_pkg'
[0.523s] Level 1:colcon.colcon_core.package_identification:_identify(scr/my_py_pkg) by extensions ['colcon_meta']
[0.523s] Level 1:colcon.colcon_core.package_identification:_identify(scr/my_py_pkg) by extension 'colcon_meta'
[0.523s] Level 1:colcon.colcon_core.package_identification:_identify(scr/my_py_pkg) by extensions ['ros']
[0.523s] Level 1:colcon.colcon_core.package_identification:_identify(scr/my_py_pkg) by extension 'ros'
[0.524s] DEBUG:colcon.colcon_core.package_identification:Package 'scr/my_py_pkg' with type 'ros.ament_python' and name 'my_py_pkg'
[0.524s] Level 1:colcon.colcon_core.package_identification:_identify(scr/my_robot_bringup) by extensions ['ignore', 'ignore_ament_install']
[0.524s] Level 1:colcon.colcon_core.package_identification:_identify(scr/my_robot_bringup) by extension 'ignore'
[0.525s] Level 1:colcon.colcon_core.package_identification:_identify(scr/my_robot_bringup) by extension 'ignore_ament_install'
[0.525s] Level 1:colcon.colcon_core.package_identification:_identify(scr/my_robot_bringup) by extensions ['colcon_pkg']
[0.525s] Level 1:colcon.colcon_core.package_identification:_identify(scr/my_robot_bringup) by extension 'colcon_pkg'
[0.525s] Level 1:colcon.colcon_core.package_identification:_identify(scr/my_robot_bringup) by extensions ['colcon_meta']
[0.525s] Level 1:colcon.colcon_core.package_identification:_identify(scr/my_robot_bringup) by extension 'colcon_meta'
[0.525s] Level 1:colcon.colcon_core.package_identification:_identify(scr/my_robot_bringup) by extensions ['ros']
[0.525s] Level 1:colcon.colcon_core.package_identification:_identify(scr/my_robot_bringup) by extension 'ros'
[0.526s] DEBUG:colcon.colcon_core.package_identification:Package 'scr/my_robot_bringup' with type 'ros.ament_cmake' and name 'my_robot_bringup'
[0.526s] Level 1:colcon.colcon_core.package_identification:_identify(scr/my_robot_interfaces) by extensions ['ignore', 'ignore_ament_install']
[0.526s] Level 1:colcon.colcon_core.package_identification:_identify(scr/my_robot_interfaces) by extension 'ignore'
[0.526s] Level 1:colcon.colcon_core.package_identification:_identify(scr/my_robot_interfaces) by extension 'ignore_ament_install'
[0.526s] Level 1:colcon.colcon_core.package_identification:_identify(scr/my_robot_interfaces) by extensions ['colcon_pkg']
[0.526s] Level 1:colcon.colcon_core.package_identification:_identify(scr/my_robot_interfaces) by extension 'colcon_pkg'
[0.526s] Level 1:colcon.colcon_core.package_identification:_identify(scr/my_robot_interfaces) by extensions ['colcon_meta']
[0.526s] Level 1:colcon.colcon_core.package_identification:_identify(scr/my_robot_interfaces) by extension 'colcon_meta'
[0.526s] Level 1:colcon.colcon_core.package_identification:_identify(scr/my_robot_interfaces) by extensions ['ros']
[0.526s] Level 1:colcon.colcon_core.package_identification:_identify(scr/my_robot_interfaces) by extension 'ros'
[0.528s] DEBUG:colcon.colcon_core.package_identification:Package 'scr/my_robot_interfaces' with type 'ros.ament_cmake' and name 'my_robot_interfaces'
[0.528s] Level 1:colcon.colcon_core.package_identification:_identify(scr/turtlesim_catch_them) by extensions ['ignore', 'ignore_ament_install']
[0.528s] Level 1:colcon.colcon_core.package_identification:_identify(scr/turtlesim_catch_them) by extension 'ignore'
[0.528s] Level 1:colcon.colcon_core.package_identification:_identify(scr/turtlesim_catch_them) by extension 'ignore_ament_install'
[0.528s] Level 1:colcon.colcon_core.package_identification:_identify(scr/turtlesim_catch_them) by extensions ['colcon_pkg']
[0.528s] Level 1:colcon.colcon_core.package_identification:_identify(scr/turtlesim_catch_them) by extension 'colcon_pkg'
[0.529s] Level 1:colcon.colcon_core.package_identification:_identify(scr/turtlesim_catch_them) by extensions ['colcon_meta']
[0.529s] Level 1:colcon.colcon_core.package_identification:_identify(scr/turtlesim_catch_them) by extension 'colcon_meta'
[0.529s] Level 1:colcon.colcon_core.package_identification:_identify(scr/turtlesim_catch_them) by extensions ['ros']
[0.529s] Level 1:colcon.colcon_core.package_identification:_identify(scr/turtlesim_catch_them) by extension 'ros'
[0.529s] DEBUG:colcon.colcon_core.package_identification:Package 'scr/turtlesim_catch_them' with type 'ros.ament_python' and name 'turtlesim_catch_them'
[0.530s] Level 1:colcon.colcon_core.package_identification:_identify(scr/turtlesim_catch_them_all) by extensions ['ignore', 'ignore_ament_install']
[0.530s] Level 1:colcon.colcon_core.package_identification:_identify(scr/turtlesim_catch_them_all) by extension 'ignore'
[0.530s] Level 1:colcon.colcon_core.package_identification:_identify(scr/turtlesim_catch_them_all) by extension 'ignore_ament_install'
[0.530s] Level 1:colcon.colcon_core.package_identification:_identify(scr/turtlesim_catch_them_all) by extensions ['colcon_pkg']
[0.530s] Level 1:colcon.colcon_core.package_identification:_identify(scr/turtlesim_catch_them_all) by extension 'colcon_pkg'
[0.530s] Level 1:colcon.colcon_core.package_identification:_identify(scr/turtlesim_catch_them_all) by extensions ['colcon_meta']
[0.530s] Level 1:colcon.colcon_core.package_identification:_identify(scr/turtlesim_catch_them_all) by extension 'colcon_meta'
[0.530s] Level 1:colcon.colcon_core.package_identification:_identify(scr/turtlesim_catch_them_all) by extensions ['ros']
[0.530s] Level 1:colcon.colcon_core.package_identification:_identify(scr/turtlesim_catch_them_all) by extension 'ros'
[0.531s] DEBUG:colcon.colcon_core.package_identification:Package 'scr/turtlesim_catch_them_all' with type 'ros.ament_python' and name 'turtlesim_catch_them_all'
[0.531s] Level 1:colcon.colcon_core.package_discovery:discover_packages(recursive) using defaults
[0.531s] Level 1:colcon.colcon_core.package_discovery:discover_packages(ignore) discover
[0.531s] Level 1:colcon.colcon_core.package_discovery:discover_packages(ignore) using defaults
[0.531s] Level 1:colcon.colcon_core.package_discovery:discover_packages(path) discover
[0.531s] Level 1:colcon.colcon_core.package_discovery:discover_packages(path) using defaults
[0.559s] INFO:colcon.colcon_core.package_selection:Skipping not selected package 'my_cpp_pkg' in 'scr/my_cpp_pkg'
[0.559s] INFO:colcon.colcon_core.package_selection:Skipping not selected package 'my_robot_interfaces' in 'scr/my_robot_interfaces'
[0.559s] INFO:colcon.colcon_core.package_selection:Skipping not selected package 'turtlesim_catch_them_all' in 'scr/turtlesim_catch_them_all'
[0.559s] INFO:colcon.colcon_core.package_selection:Skipping not selected package 'my_py_pkg' in 'scr/my_py_pkg'
[0.559s] INFO:colcon.colcon_core.package_selection:Skipping not selected package 'turtlesim_catch_them' in 'scr/turtlesim_catch_them'
[0.559s] INFO:colcon.colcon_core.package_selection:Skipping not selected package 'my_robot_bringup' in 'scr/my_robot_bringup'
[0.559s] Level 1:colcon.colcon_core.package_discovery:discover_packages(prefix_path) check parameters
[0.560s] Level 1:colcon.colcon_core.package_discovery:discover_packages(prefix_path) discover
[0.563s] DEBUG:colcon.colcon_installed_package_information.package_discovery:Found 4 installed packages in /home/nitin/nexa_ws/install
[0.564s] DEBUG:colcon.colcon_installed_package_information.package_discovery:Found 6 installed packages in /home/nitin/optimus1_ws/install
[0.565s] DEBUG:colcon.colcon_installed_package_information.package_discovery:Found 5 installed packages in /home/nitin/ros2_ws/install
[0.567s] DEBUG:colcon.colcon_installed_package_information.package_discovery:Found 361 installed packages in /opt/ros/humble
[0.569s] Level 1:colcon.colcon_core.package_discovery:discover_packages(prefix_path) using defaults
[0.639s] INFO:colcon.colcon_core.executor:Executing jobs using 'parallel' executor
[0.641s] DEBUG:colcon.colcon_parallel_executor.executor.parallel:run_until_complete
[0.641s] DEBUG:colcon.colcon_parallel_executor.executor.parallel:closing loop
[0.641s] DEBUG:colcon.colcon_parallel_executor.executor.parallel:loop closed
[0.641s] DEBUG:colcon.colcon_parallel_executor.executor.parallel:run_until_complete finished with '0'
[0.641s] DEBUG:colcon.colcon_core.event_reactor:joining thread
[0.648s] INFO:colcon.colcon_core.plugin_system:Skipping extension 'colcon_notification.desktop_notification.terminal_notifier': Not used on non-Darwin systems
[0.648s] INFO:colcon.colcon_core.plugin_system:Skipping extension 'colcon_notification.desktop_notification.win32': Not used on non-Windows systems
[0.648s] INFO:colcon.colcon_notification.desktop_notification:Sending desktop notification using 'notify2'
[0.673s] DEBUG:colcon.colcon_core.event_reactor:joined thread
[0.678s] INFO:colcon.colcon_core.plugin_system:Skipping extension 'colcon_core.shell.bat': Not used on non-Windows systems
[0.678s] INFO:colcon.colcon_core.shell:Creating prefix script '/home/nitin/ros2_ws/install/local_setup.ps1'
[0.680s] INFO:colcon.colcon_core.shell:Creating prefix util module '/home/nitin/ros2_ws/install/_local_setup_util_ps1.py'
[0.681s] INFO:colcon.colcon_core.shell:Creating prefix chain script '/home/nitin/ros2_ws/install/setup.ps1'
[0.683s] INFO:colcon.colcon_core.shell:Creating prefix script '/home/nitin/ros2_ws/install/local_setup.sh'
[0.684s] INFO:colcon.colcon_core.shell:Creating prefix util module '/home/nitin/ros2_ws/install/_local_setup_util_sh.py'
[0.684s] INFO:colcon.colcon_core.shell:Creating prefix chain script '/home/nitin/ros2_ws/install/setup.sh'
[0.687s] INFO:colcon.colcon_core.shell:Creating prefix script '/home/nitin/ros2_ws/install/local_setup.bash'
[0.687s] INFO:colcon.colcon_core.shell:Creating prefix chain script '/home/nitin/ros2_ws/install/setup.bash'
[0.689s] INFO:colcon.colcon_core.shell:Creating prefix script '/home/nitin/ros2_ws/install/local_setup.zsh'
[0.690s] INFO:colcon.colcon_core.shell:Creating prefix chain script '/home/nitin/ros2_ws/install/setup.zsh'
